{"total": {"lines":{"total":20291,"covered":11177,"skipped":0,"pct":55.08},"statements":{"total":20291,"covered":11177,"skipped":0,"pct":55.08},"functions":{"total":1351,"covered":593,"skipped":0,"pct":43.89},"branches":{"total":2720,"covered":1919,"skipped":0,"pct":70.55},"branchesTrue":{"total":0,"covered":0,"skipped":0,"pct":100}}
,"/home/bode/sites/loom.dev/apps/cli/package.json": {"lines":{"total":62,"covered":62,"skipped":0,"pct":100},"functions":{"total":0,"covered":0,"skipped":0,"pct":100},"statements":{"total":62,"covered":62,"skipped":0,"pct":100},"branches":{"total":0,"covered":0,"skipped":0,"pct":100}}
,"/home/bode/sites/loom.dev/apps/cli/dist/stacks/django-react/templates/frontend/vite.config.js": {"lines":{"total":11,"covered":0,"skipped":0,"pct":0},"functions":{"total":1,"covered":0,"skipped":0,"pct":0},"statements":{"total":11,"covered":0,"skipped":0,"pct":0},"branches":{"total":1,"covered":0,"skipped":0,"pct":0}}
,"/home/bode/sites/loom.dev/apps/cli/dist/stacks/jamstack/templates/api/server.js": {"lines":{"total":38,"covered":0,"skipped":0,"pct":0},"functions":{"total":1,"covered":0,"skipped":0,"pct":0},"statements":{"total":38,"covered":0,"skipped":0,"pct":0},"branches":{"total":1,"covered":0,"skipped":0,"pct":0}}
,"/home/bode/sites/loom.dev/apps/cli/dist/stacks/jamstack/templates/web/main.js": {"lines":{"total":27,"covered":0,"skipped":0,"pct":0},"functions":{"total":1,"covered":0,"skipped":0,"pct":0},"statements":{"total":27,"covered":0,"skipped":0,"pct":0},"branches":{"total":1,"covered":0,"skipped":0,"pct":0}}
,"/home/bode/sites/loom.dev/apps/cli/dist/stacks/jamstack/templates/web/vite.config.js": {"lines":{"total":9,"covered":0,"skipped":0,"pct":0},"functions":{"total":1,"covered":0,"skipped":0,"pct":0},"statements":{"total":9,"covered":0,"skipped":0,"pct":0},"branches":{"total":1,"covered":0,"skipped":0,"pct":0}}
,"/home/bode/sites/loom.dev/apps/cli/dist/stacks/node-mean/templates/api/server.js": {"lines":{"total":44,"covered":0,"skipped":0,"pct":0},"functions":{"total":1,"covered":0,"skipped":0,"pct":0},"statements":{"total":44,"covered":0,"skipped":0,"pct":0},"branches":{"total":1,"covered":0,"skipped":0,"pct":0}}
,"/home/bode/sites/loom.dev/apps/cli/dist/stacks/node-mern/templates/api/server.js": {"lines":{"total":44,"covered":0,"skipped":0,"pct":0},"functions":{"total":1,"covered":0,"skipped":0,"pct":0},"statements":{"total":44,"covered":0,"skipped":0,"pct":0},"branches":{"total":1,"covered":0,"skipped":0,"pct":0}}
,"/home/bode/sites/loom.dev/apps/cli/dist/stacks/node-mern/templates/web/server.js": {"lines":{"total":10,"covered":0,"skipped":0,"pct":0},"functions":{"total":1,"covered":0,"skipped":0,"pct":0},"statements":{"total":10,"covered":0,"skipped":0,"pct":0},"branches":{"total":1,"covered":0,"skipped":0,"pct":0}}
,"/home/bode/sites/loom.dev/apps/cli/dist/stacks/node/templates/server.js": {"lines":{"total":14,"covered":0,"skipped":0,"pct":0},"functions":{"total":1,"covered":0,"skipped":0,"pct":0},"statements":{"total":14,"covered":0,"skipped":0,"pct":0},"branches":{"total":1,"covered":0,"skipped":0,"pct":0}}
,"/home/bode/sites/loom.dev/apps/cli/dist/stacks/serverless/templates/dev-server.js": {"lines":{"total":75,"covered":0,"skipped":0,"pct":0},"functions":{"total":1,"covered":0,"skipped":0,"pct":0},"statements":{"total":75,"covered":0,"skipped":0,"pct":0},"branches":{"total":1,"covered":0,"skipped":0,"pct":0}}
,"/home/bode/sites/loom.dev/apps/cli/dist/stacks/serverless/templates/handler.js": {"lines":{"total":62,"covered":0,"skipped":0,"pct":0},"functions":{"total":1,"covered":0,"skipped":0,"pct":0},"statements":{"total":62,"covered":0,"skipped":0,"pct":0},"branches":{"total":1,"covered":0,"skipped":0,"pct":0}}
,"/home/bode/sites/loom.dev/apps/cli/dist/stacks/serverless/templates/web-server.js": {"lines":{"total":74,"covered":0,"skipped":0,"pct":0},"functions":{"total":1,"covered":0,"skipped":0,"pct":0},"statements":{"total":74,"covered":0,"skipped":0,"pct":0},"branches":{"total":1,"covered":0,"skipped":0,"pct":0}}
,"/home/bode/sites/loom.dev/apps/cli/dist/stacks/serverless/templates/web/app.js": {"lines":{"total":32,"covered":0,"skipped":0,"pct":0},"functions":{"total":1,"covered":0,"skipped":0,"pct":0},"statements":{"total":32,"covered":0,"skipped":0,"pct":0},"branches":{"total":1,"covered":0,"skipped":0,"pct":0}}
,"/home/bode/sites/loom.dev/apps/cli/dist/stacks/spring-react/templates/frontend/server.js": {"lines":{"total":82,"covered":0,"skipped":0,"pct":0},"functions":{"total":1,"covered":0,"skipped":0,"pct":0},"statements":{"total":82,"covered":0,"skipped":0,"pct":0},"branches":{"total":1,"covered":0,"skipped":0,"pct":0}}
,"/home/bode/sites/loom.dev/apps/cli/dist/stacks/spring-react/templates/frontend/vite.config.js": {"lines":{"total":14,"covered":0,"skipped":0,"pct":0},"functions":{"total":1,"covered":0,"skipped":0,"pct":0},"statements":{"total":14,"covered":0,"skipped":0,"pct":0},"branches":{"total":1,"covered":0,"skipped":0,"pct":0}}
,"/home/bode/sites/loom.dev/apps/cli/src/clean-prompt.ts": {"lines":{"total":17,"covered":7,"skipped":0,"pct":41.17},"functions":{"total":4,"covered":2,"skipped":0,"pct":50},"statements":{"total":17,"covered":7,"skipped":0,"pct":41.17},"branches":{"total":1,"covered":1,"skipped":0,"pct":100}}
,"/home/bode/sites/loom.dev/apps/cli/src/database-service.ts": {"lines":{"total":172,"covered":172,"skipped":0,"pct":100},"functions":{"total":3,"covered":3,"skipped":0,"pct":100},"statements":{"total":172,"covered":172,"skipped":0,"pct":100},"branches":{"total":10,"covered":9,"skipped":0,"pct":90}}
,"/home/bode/sites/loom.dev/apps/cli/src/doctor-output.ts": {"lines":{"total":16,"covered":16,"skipped":0,"pct":100},"functions":{"total":6,"covered":6,"skipped":0,"pct":100},"statements":{"total":16,"covered":16,"skipped":0,"pct":100},"branches":{"total":17,"covered":16,"skipped":0,"pct":94.11}}
,"/home/bode/sites/loom.dev/apps/cli/src/index.ts": {"lines":{"total":918,"covered":803,"skipped":0,"pct":87.47},"functions":{"total":29,"covered":29,"skipped":0,"pct":100},"statements":{"total":918,"covered":803,"skipped":0,"pct":87.47},"branches":{"total":201,"covered":147,"skipped":0,"pct":73.13}}
,"/home/bode/sites/loom.dev/apps/cli/src/init-detect.ts": {"lines":{"total":110,"covered":49,"skipped":0,"pct":44.54},"functions":{"total":5,"covered":4,"skipped":0,"pct":80},"statements":{"total":110,"covered":49,"skipped":0,"pct":44.54},"branches":{"total":25,"covered":17,"skipped":0,"pct":68}}
,"/home/bode/sites/loom.dev/apps/cli/src/init-prompt.ts": {"lines":{"total":295,"covered":234,"skipped":0,"pct":79.32},"functions":{"total":11,"covered":5,"skipped":0,"pct":45.45},"statements":{"total":295,"covered":234,"skipped":0,"pct":79.32},"branches":{"total":39,"covered":35,"skipped":0,"pct":89.74}}
,"/home/bode/sites/loom.dev/apps/cli/src/init-template.ts": {"lines":{"total":407,"covered":378,"skipped":0,"pct":92.87},"functions":{"total":28,"covered":22,"skipped":0,"pct":78.57},"statements":{"total":407,"covered":378,"skipped":0,"pct":92.87},"branches":{"total":155,"covered":141,"skipped":0,"pct":90.96}}
,"/home/bode/sites/loom.dev/apps/cli/src/project-clean.ts": {"lines":{"total":242,"covered":236,"skipped":0,"pct":97.52},"functions":{"total":19,"covered":19,"skipped":0,"pct":100},"statements":{"total":242,"covered":236,"skipped":0,"pct":97.52},"branches":{"total":123,"covered":116,"skipped":0,"pct":94.3}}
,"/home/bode/sites/loom.dev/apps/cli/src/project-doctor.ts": {"lines":{"total":311,"covered":303,"skipped":0,"pct":97.42},"functions":{"total":25,"covered":24,"skipped":0,"pct":96},"statements":{"total":311,"covered":303,"skipped":0,"pct":97.42},"branches":{"total":191,"covered":176,"skipped":0,"pct":92.14}}
,"/home/bode/sites/loom.dev/apps/cli/src/project-manifest.ts": {"lines":{"total":200,"covered":185,"skipped":0,"pct":92.5},"functions":{"total":15,"covered":15,"skipped":0,"pct":100},"statements":{"total":200,"covered":185,"skipped":0,"pct":92.5},"branches":{"total":93,"covered":81,"skipped":0,"pct":87.09}}
,"/home/bode/sites/loom.dev/apps/cli/src/project-upgrade.ts": {"lines":{"total":246,"covered":243,"skipped":0,"pct":98.78},"functions":{"total":18,"covered":18,"skipped":0,"pct":100},"statements":{"total":246,"covered":243,"skipped":0,"pct":98.78},"branches":{"total":110,"covered":98,"skipped":0,"pct":89.09}}
,"/home/bode/sites/loom.dev/apps/cli/src/stacks.ts": {"lines":{"total":1,"covered":1,"skipped":0,"pct":100},"functions":{"total":0,"covered":0,"skipped":0,"pct":100},"statements":{"total":1,"covered":1,"skipped":0,"pct":100},"branches":{"total":0,"covered":0,"skipped":0,"pct":100}}
,"/home/bode/sites/loom.dev/node_modules/.pnpm/cac@6.7.14/node_modules/cac/dist/index.mjs": {"lines":{"total":617,"covered":488,"skipped":0,"pct":79.09},"functions":{"total":51,"covered":39,"skipped":0,"pct":76.47},"statements":{"total":617,"covered":488,"skipped":0,"pct":79.09},"branches":{"total":175,"covered":120,"skipped":0,"pct":68.57}}
,"/home/bode/sites/loom.dev/node_modules/.pnpm/yaml@2.8.2/node_modules/yaml/dist/errors.js": {"lines":{"total":62,"covered":17,"skipped":0,"pct":27.41},"functions":{"total":5,"covered":2,"skipped":0,"pct":40},"statements":{"total":62,"covered":17,"skipped":0,"pct":27.41},"branches":{"total":2,"covered":2,"skipped":0,"pct":100}}
,"/home/bode/sites/loom.dev/node_modules/.pnpm/yaml@2.8.2/node_modules/yaml/dist/index.js": {"lines":{"total":50,"covered":50,"skipped":0,"pct":100},"functions":{"total":1,"covered":1,"skipped":0,"pct":100},"statements":{"total":50,"covered":50,"skipped":0,"pct":100},"branches":{"total":1,"covered":1,"skipped":0,"pct":100}}
,"/home/bode/sites/loom.dev/node_modules/.pnpm/yaml@2.8.2/node_modules/yaml/dist/log.js": {"lines":{"total":19,"covered":7,"skipped":0,"pct":36.84},"functions":{"total":3,"covered":1,"skipped":0,"pct":33.33},"statements":{"total":19,"covered":7,"skipped":0,"pct":36.84},"branches":{"total":1,"covered":1,"skipped":0,"pct":100}}
,"/home/bode/sites/loom.dev/node_modules/.pnpm/yaml@2.8.2/node_modules/yaml/dist/public-api.js": {"lines":{"total":107,"covered":57,"skipped":0,"pct":53.27},"functions":{"total":6,"covered":4,"skipped":0,"pct":66.66},"statements":{"total":107,"covered":57,"skipped":0,"pct":53.27},"branches":{"total":11,"covered":4,"skipped":0,"pct":36.36}}
,"/home/bode/sites/loom.dev/node_modules/.pnpm/yaml@2.8.2/node_modules/yaml/dist/visit.js": {"lines":{"total":236,"covered":89,"skipped":0,"pct":37.71},"functions":{"total":8,"covered":1,"skipped":0,"pct":12.5},"statements":{"total":236,"covered":89,"skipped":0,"pct":37.71},"branches":{"total":1,"covered":1,"skipped":0,"pct":100}}
,"/home/bode/sites/loom.dev/node_modules/.pnpm/yaml@2.8.2/node_modules/yaml/dist/compose/compose-collection.js": {"lines":{"total":90,"covered":52,"skipped":0,"pct":57.77},"functions":{"total":3,"covered":3,"skipped":0,"pct":100},"statements":{"total":90,"covered":52,"skipped":0,"pct":57.77},"branches":{"total":27,"covered":8,"skipped":0,"pct":29.62}}
,"/home/bode/sites/loom.dev/node_modules/.pnpm/yaml@2.8.2/node_modules/yaml/dist/compose/compose-doc.js": {"lines":{"total":45,"covered":38,"skipped":0,"pct":84.44},"functions":{"total":2,"covered":2,"skipped":0,"pct":100},"statements":{"total":45,"covered":38,"skipped":0,"pct":84.44},"branches":{"total":6,"covered":2,"skipped":0,"pct":33.33}}
,"/home/bode/sites/loom.dev/node_modules/.pnpm/yaml@2.8.2/node_modules/yaml/dist/compose/compose-node.js": {"lines":{"total":105,"covered":50,"skipped":0,"pct":47.61},"functions":{"total":4,"covered":2,"skipped":0,"pct":50},"statements":{"total":105,"covered":50,"skipped":0,"pct":47.61},"branches":{"total":22,"covered":10,"skipped":0,"pct":45.45}}
,"/home/bode/sites/loom.dev/node_modules/.pnpm/yaml@2.8.2/node_modules/yaml/dist/compose/compose-scalar.js": {"lines":{"total":88,"covered":46,"skipped":0,"pct":52.27},"functions":{"total":4,"covered":3,"skipped":0,"pct":75},"statements":{"total":88,"covered":46,"skipped":0,"pct":52.27},"branches":{"total":22,"covered":12,"skipped":0,"pct":54.54}}
,"/home/bode/sites/loom.dev/node_modules/.pnpm/yaml@2.8.2/node_modules/yaml/dist/compose/composer.js": {"lines":{"total":222,"covered":115,"skipped":0,"pct":51.8},"functions":{"total":10,"covered":7,"skipped":0,"pct":70},"statements":{"total":222,"covered":115,"skipped":0,"pct":51.8},"branches":{"total":23,"covered":8,"skipped":0,"pct":34.78}}
,"/home/bode/sites/loom.dev/node_modules/.pnpm/yaml@2.8.2/node_modules/yaml/dist/compose/resolve-block-map.js": {"lines":{"total":117,"covered":86,"skipped":0,"pct":73.5},"functions":{"total":2,"covered":2,"skipped":0,"pct":100},"statements":{"total":117,"covered":86,"skipped":0,"pct":73.5},"branches":{"total":24,"covered":5,"skipped":0,"pct":20.83}}
,"/home/bode/sites/loom.dev/node_modules/.pnpm/yaml@2.8.2/node_modules/yaml/dist/compose/resolve-block-scalar.js": {"lines":{"total":200,"covered":114,"skipped":0,"pct":57},"functions":{"total":4,"covered":4,"skipped":0,"pct":100},"statements":{"total":200,"covered":114,"skipped":0,"pct":57},"branches":{"total":33,"covered":9,"skipped":0,"pct":27.27}}
,"/home/bode/sites/loom.dev/node_modules/.pnpm/yaml@2.8.2/node_modules/yaml/dist/compose/resolve-block-seq.js": {"lines":{"total":51,"covered":37,"skipped":0,"pct":72.54},"functions":{"total":2,"covered":2,"skipped":0,"pct":100},"statements":{"total":51,"covered":37,"skipped":0,"pct":72.54},"branches":{"total":8,"covered":2,"skipped":0,"pct":25}}
,"/home/bode/sites/loom.dev/node_modules/.pnpm/yaml@2.8.2/node_modules/yaml/dist/compose/resolve-end.js": {"lines":{"total":39,"covered":26,"skipped":0,"pct":66.66},"functions":{"total":2,"covered":2,"skipped":0,"pct":100},"statements":{"total":39,"covered":26,"skipped":0,"pct":66.66},"branches":{"total":7,"covered":3,"skipped":0,"pct":42.85}}
,"/home/bode/sites/loom.dev/node_modules/.pnpm/yaml@2.8.2/node_modules/yaml/dist/compose/resolve-flow-collection.js": {"lines":{"total":209,"covered":15,"skipped":0,"pct":7.17},"functions":{"total":3,"covered":1,"skipped":0,"pct":33.33},"statements":{"total":209,"covered":15,"skipped":0,"pct":7.17},"branches":{"total":1,"covered":1,"skipped":0,"pct":100}}
,"/home/bode/sites/loom.dev/node_modules/.pnpm/yaml@2.8.2/node_modules/yaml/dist/compose/resolve-flow-scalar.js": {"lines":{"total":225,"covered":109,"skipped":0,"pct":48.44},"functions":{"total":9,"covered":5,"skipped":0,"pct":55.55},"statements":{"total":225,"covered":109,"skipped":0,"pct":48.44},"branches":{"total":27,"covered":8,"skipped":0,"pct":29.62}}
,"/home/bode/sites/loom.dev/node_modules/.pnpm/yaml@2.8.2/node_modules/yaml/dist/compose/resolve-props.js": {"lines":{"total":148,"covered":80,"skipped":0,"pct":54.05},"functions":{"total":2,"covered":2,"skipped":0,"pct":100},"statements":{"total":148,"covered":80,"skipped":0,"pct":54.05},"branches":{"total":30,"covered":9,"skipped":0,"pct":30}}
,"/home/bode/sites/loom.dev/node_modules/.pnpm/yaml@2.8.2/node_modules/yaml/dist/compose/util-contains-newline.js": {"lines":{"total":36,"covered":20,"skipped":0,"pct":55.55},"functions":{"total":2,"covered":2,"skipped":0,"pct":100},"statements":{"total":36,"covered":20,"skipped":0,"pct":55.55},"branches":{"total":8,"covered":2,"skipped":0,"pct":25}}
,"/home/bode/sites/loom.dev/node_modules/.pnpm/yaml@2.8.2/node_modules/yaml/dist/compose/util-empty-scalar-position.js": {"lines":{"total":28,"covered":4,"skipped":0,"pct":14.28},"functions":{"total":2,"covered":1,"skipped":0,"pct":50},"statements":{"total":28,"covered":4,"skipped":0,"pct":14.28},"branches":{"total":1,"covered":1,"skipped":0,"pct":100}}
,"/home/bode/sites/loom.dev/node_modules/.pnpm/yaml@2.8.2/node_modules/yaml/dist/compose/util-flow-indent-check.js": {"lines":{"total":17,"covered":6,"skipped":0,"pct":35.29},"functions":{"total":2,"covered":1,"skipped":0,"pct":50},"statements":{"total":17,"covered":6,"skipped":0,"pct":35.29},"branches":{"total":1,"covered":1,"skipped":0,"pct":100}}
,"/home/bode/sites/loom.dev/node_modules/.pnpm/yaml@2.8.2/node_modules/yaml/dist/compose/util-map-includes.js": {"lines":{"total":15,"covered":14,"skipped":0,"pct":93.33},"functions":{"total":3,"covered":3,"skipped":0,"pct":100},"statements":{"total":15,"covered":14,"skipped":0,"pct":93.33},"branches":{"total":6,"covered":4,"skipped":0,"pct":66.66}}
,"/home/bode/sites/loom.dev/node_modules/.pnpm/yaml@2.8.2/node_modules/yaml/dist/doc/Document.js": {"lines":{"total":337,"covered":175,"skipped":0,"pct":51.92},"functions":{"total":21,"covered":4,"skipped":0,"pct":19.04},"statements":{"total":337,"covered":175,"skipped":0,"pct":51.92},"branches":{"total":18,"covered":4,"skipped":0,"pct":22.22}}
,"/home/bode/sites/loom.dev/node_modules/.pnpm/yaml@2.8.2/node_modules/yaml/dist/doc/anchors.js": {"lines":{"total":76,"covered":16,"skipped":0,"pct":21.05},"functions":{"total":5,"covered":1,"skipped":0,"pct":20},"statements":{"total":76,"covered":16,"skipped":0,"pct":21.05},"branches":{"total":1,"covered":1,"skipped":0,"pct":100}}
,"/home/bode/sites/loom.dev/node_modules/.pnpm/yaml@2.8.2/node_modules/yaml/dist/doc/applyReviver.js": {"lines":{"total":57,"covered":11,"skipped":0,"pct":19.29},"functions":{"total":2,"covered":1,"skipped":0,"pct":50},"statements":{"total":57,"covered":11,"skipped":0,"pct":19.29},"branches":{"total":1,"covered":1,"skipped":0,"pct":100}}
,"/home/bode/sites/loom.dev/node_modules/.pnpm/yaml@2.8.2/node_modules/yaml/dist/doc/createNode.js": {"lines":{"total":90,"covered":9,"skipped":0,"pct":10},"functions":{"total":3,"covered":1,"skipped":0,"pct":33.33},"statements":{"total":90,"covered":9,"skipped":0,"pct":10},"branches":{"total":1,"covered":1,"skipped":0,"pct":100}}
,"/home/bode/sites/loom.dev/node_modules/.pnpm/yaml@2.8.2/node_modules/yaml/dist/doc/directives.js": {"lines":{"total":178,"covered":69,"skipped":0,"pct":38.76},"functions":{"total":9,"covered":3,"skipped":0,"pct":33.33},"statements":{"total":178,"covered":69,"skipped":0,"pct":38.76},"branches":{"total":4,"covered":3,"skipped":0,"pct":75}}
,"/home/bode/sites/loom.dev/node_modules/.pnpm/yaml@2.8.2/node_modules/yaml/dist/nodes/Alias.js": {"lines":{"total":116,"covered":20,"skipped":0,"pct":17.24},"functions":{"total":6,"covered":1,"skipped":0,"pct":16.66},"statements":{"total":116,"covered":20,"skipped":0,"pct":17.24},"branches":{"total":1,"covered":1,"skipped":0,"pct":100}}
,"/home/bode/sites/loom.dev/node_modules/.pnpm/yaml@2.8.2/node_modules/yaml/dist/nodes/Collection.js": {"lines":{"total":151,"covered":57,"skipped":0,"pct":37.74},"functions":{"total":11,"covered":2,"skipped":0,"pct":18.18},"statements":{"total":151,"covered":57,"skipped":0,"pct":37.74},"branches":{"total":2,"covered":2,"skipped":0,"pct":100}}
,"/home/bode/sites/loom.dev/node_modules/.pnpm/yaml@2.8.2/node_modules/yaml/dist/nodes/Node.js": {"lines":{"total":40,"covered":17,"skipped":0,"pct":42.5},"functions":{"total":4,"covered":2,"skipped":0,"pct":50},"statements":{"total":40,"covered":17,"skipped":0,"pct":42.5},"branches":{"total":2,"covered":2,"skipped":0,"pct":100}}
,"/home/bode/sites/loom.dev/node_modules/.pnpm/yaml@2.8.2/node_modules/yaml/dist/nodes/Pair.js": {"lines":{"total":39,"covered":20,"skipped":0,"pct":51.28},"functions":{"total":6,"covered":2,"skipped":0,"pct":33.33},"statements":{"total":39,"covered":20,"skipped":0,"pct":51.28},"branches":{"total":2,"covered":2,"skipped":0,"pct":100}}
,"/home/bode/sites/loom.dev/node_modules/.pnpm/yaml@2.8.2/node_modules/yaml/dist/nodes/Scalar.js": {"lines":{"total":27,"covered":25,"skipped":0,"pct":92.59},"functions":{"total":5,"covered":3,"skipped":0,"pct":60},"statements":{"total":27,"covered":25,"skipped":0,"pct":92.59},"branches":{"total":4,"covered":3,"skipped":0,"pct":75}}
,"/home/bode/sites/loom.dev/node_modules/.pnpm/yaml@2.8.2/node_modules/yaml/dist/nodes/YAMLMap.js": {"lines":{"total":147,"covered":51,"skipped":0,"pct":34.69},"functions":{"total":12,"covered":4,"skipped":0,"pct":33.33},"statements":{"total":147,"covered":51,"skipped":0,"pct":34.69},"branches":{"total":8,"covered":5,"skipped":0,"pct":62.5}}
,"/home/bode/sites/loom.dev/node_modules/.pnpm/yaml@2.8.2/node_modules/yaml/dist/nodes/YAMLSeq.js": {"lines":{"total":115,"covered":57,"skipped":0,"pct":49.56},"functions":{"total":12,"covered":4,"skipped":0,"pct":33.33},"statements":{"total":115,"covered":57,"skipped":0,"pct":49.56},"branches":{"total":5,"covered":4,"skipped":0,"pct":80}}
,"/home/bode/sites/loom.dev/node_modules/.pnpm/yaml@2.8.2/node_modules/yaml/dist/nodes/addPairToJSMap.js": {"lines":{"total":65,"covered":39,"skipped":0,"pct":60},"functions":{"total":3,"covered":3,"skipped":0,"pct":100},"statements":{"total":65,"covered":39,"skipped":0,"pct":60},"branches":{"total":11,"covered":3,"skipped":0,"pct":27.27}}
,"/home/bode/sites/loom.dev/node_modules/.pnpm/yaml@2.8.2/node_modules/yaml/dist/nodes/identity.js": {"lines":{"total":53,"covered":51,"skipped":0,"pct":96.22},"functions":{"total":10,"covered":5,"skipped":0,"pct":50},"statements":{"total":53,"covered":51,"skipped":0,"pct":96.22},"branches":{"total":12,"covered":8,"skipped":0,"pct":66.66}}
,"/home/bode/sites/loom.dev/node_modules/.pnpm/yaml@2.8.2/node_modules/yaml/dist/nodes/toJS.js": {"lines":{"total":39,"covered":26,"skipped":0,"pct":66.66},"functions":{"total":3,"covered":2,"skipped":0,"pct":66.66},"statements":{"total":39,"covered":26,"skipped":0,"pct":66.66},"branches":{"total":5,"covered":2,"skipped":0,"pct":40}}
,"/home/bode/sites/loom.dev/node_modules/.pnpm/yaml@2.8.2/node_modules/yaml/dist/parse/cst-scalar.js": {"lines":{"total":218,"covered":42,"skipped":0,"pct":19.26},"functions":{"total":7,"covered":1,"skipped":0,"pct":14.28},"statements":{"total":218,"covered":42,"skipped":0,"pct":19.26},"branches":{"total":1,"covered":1,"skipped":0,"pct":100}}
,"/home/bode/sites/loom.dev/node_modules/.pnpm/yaml@2.8.2/node_modules/yaml/dist/parse/cst-stringify.js": {"lines":{"total":63,"covered":11,"skipped":0,"pct":17.46},"functions":{"total":4,"covered":1,"skipped":0,"pct":25},"statements":{"total":63,"covered":11,"skipped":0,"pct":17.46},"branches":{"total":1,"covered":1,"skipped":0,"pct":100}}
,"/home/bode/sites/loom.dev/node_modules/.pnpm/yaml@2.8.2/node_modules/yaml/dist/parse/cst-visit.js": {"lines":{"total":99,"covered":52,"skipped":0,"pct":52.52},"functions":{"total":5,"covered":1,"skipped":0,"pct":20},"statements":{"total":99,"covered":52,"skipped":0,"pct":52.52},"branches":{"total":1,"covered":1,"skipped":0,"pct":100}}
,"/home/bode/sites/loom.dev/node_modules/.pnpm/yaml@2.8.2/node_modules/yaml/dist/parse/cst.js": {"lines":{"total":112,"covered":77,"skipped":0,"pct":68.75},"functions":{"total":5,"covered":2,"skipped":0,"pct":40},"statements":{"total":112,"covered":77,"skipped":0,"pct":68.75},"branches":{"total":33,"covered":15,"skipped":0,"pct":45.45}}
,"/home/bode/sites/loom.dev/node_modules/.pnpm/yaml@2.8.2/node_modules/yaml/dist/parse/lexer.js": {"lines":{"total":719,"covered":476,"skipped":0,"pct":66.2},"functions":{"total":29,"covered":25,"skipped":0,"pct":86.2},"statements":{"total":719,"covered":476,"skipped":0,"pct":66.2},"branches":{"total":155,"covered":87,"skipped":0,"pct":56.12}}
,"/home/bode/sites/loom.dev/node_modules/.pnpm/yaml@2.8.2/node_modules/yaml/dist/parse/line-counter.js": {"lines":{"total":41,"covered":25,"skipped":0,"pct":60.97},"functions":{"total":4,"covered":3,"skipped":0,"pct":75},"statements":{"total":41,"covered":25,"skipped":0,"pct":60.97},"branches":{"total":3,"covered":3,"skipped":0,"pct":100}}
,"/home/bode/sites/loom.dev/node_modules/.pnpm/yaml@2.8.2/node_modules/yaml/dist/parse/parser.js": {"lines":{"total":972,"covered":537,"skipped":0,"pct":55.24},"functions":{"total":27,"covered":23,"skipped":0,"pct":85.18},"statements":{"total":972,"covered":537,"skipped":0,"pct":55.24},"branches":{"total":203,"covered":122,"skipped":0,"pct":60.09}}
,"/home/bode/sites/loom.dev/node_modules/.pnpm/yaml@2.8.2/node_modules/yaml/dist/schema/Schema.js": {"lines":{"total":39,"covered":31,"skipped":0,"pct":79.48},"functions":{"total":4,"covered":2,"skipped":0,"pct":50},"statements":{"total":39,"covered":31,"skipped":0,"pct":79.48},"branches":{"total":8,"covered":2,"skipped":0,"pct":25}}
,"/home/bode/sites/loom.dev/node_modules/.pnpm/yaml@2.8.2/node_modules/yaml/dist/schema/tags.js": {"lines":{"total":99,"covered":64,"skipped":0,"pct":64.64},"functions":{"total":2,"covered":2,"skipped":0,"pct":100},"statements":{"total":99,"covered":64,"skipped":0,"pct":64.64},"branches":{"total":5,"covered":2,"skipped":0,"pct":40}}
,"/home/bode/sites/loom.dev/node_modules/.pnpm/yaml@2.8.2/node_modules/yaml/dist/schema/common/map.js": {"lines":{"total":19,"covered":15,"skipped":0,"pct":78.94},"functions":{"total":3,"covered":1,"skipped":0,"pct":33.33},"statements":{"total":19,"covered":15,"skipped":0,"pct":78.94},"branches":{"total":1,"covered":1,"skipped":0,"pct":100}}
,"/home/bode/sites/loom.dev/node_modules/.pnpm/yaml@2.8.2/node_modules/yaml/dist/schema/common/null.js": {"lines":{"total":17,"covered":15,"skipped":0,"pct":88.23},"functions":{"total":5,"covered":1,"skipped":0,"pct":20},"statements":{"total":17,"covered":15,"skipped":0,"pct":88.23},"branches":{"total":1,"covered":1,"skipped":0,"pct":100}}
,"/home/bode/sites/loom.dev/node_modules/.pnpm/yaml@2.8.2/node_modules/yaml/dist/schema/common/seq.js": {"lines":{"total":19,"covered":15,"skipped":0,"pct":78.94},"functions":{"total":3,"covered":1,"skipped":0,"pct":33.33},"statements":{"total":19,"covered":15,"skipped":0,"pct":78.94},"branches":{"total":1,"covered":1,"skipped":0,"pct":100}}
,"/home/bode/sites/loom.dev/node_modules/.pnpm/yaml@2.8.2/node_modules/yaml/dist/schema/common/string.js": {"lines":{"total":16,"covered":13,"skipped":0,"pct":81.25},"functions":{"total":4,"covered":2,"skipped":0,"pct":50},"statements":{"total":16,"covered":13,"skipped":0,"pct":81.25},"branches":{"total":2,"covered":2,"skipped":0,"pct":100}}
,"/home/bode/sites/loom.dev/node_modules/.pnpm/yaml@2.8.2/node_modules/yaml/dist/schema/core/bool.js": {"lines":{"total":21,"covered":14,"skipped":0,"pct":66.66},"functions":{"total":4,"covered":2,"skipped":0,"pct":50},"statements":{"total":21,"covered":14,"skipped":0,"pct":66.66},"branches":{"total":3,"covered":2,"skipped":0,"pct":66.66}}
,"/home/bode/sites/loom.dev/node_modules/.pnpm/yaml@2.8.2/node_modules/yaml/dist/schema/core/float.js": {"lines":{"total":47,"covered":34,"skipped":0,"pct":72.34},"functions":{"total":8,"covered":1,"skipped":0,"pct":12.5},"statements":{"total":47,"covered":34,"skipped":0,"pct":72.34},"branches":{"total":1,"covered":1,"skipped":0,"pct":100}}
,"/home/bode/sites/loom.dev/node_modules/.pnpm/yaml@2.8.2/node_modules/yaml/dist/schema/core/int.js": {"lines":{"total":42,"covered":36,"skipped":0,"pct":85.71},"functions":{"total":11,"covered":3,"skipped":0,"pct":27.27},"statements":{"total":42,"covered":36,"skipped":0,"pct":85.71},"branches":{"total":4,"covered":3,"skipped":0,"pct":75}}
,"/home/bode/sites/loom.dev/node_modules/.pnpm/yaml@2.8.2/node_modules/yaml/dist/schema/core/schema.js": {"lines":{"total":25,"covered":25,"skipped":0,"pct":100},"functions":{"total":1,"covered":1,"skipped":0,"pct":100},"statements":{"total":25,"covered":25,"skipped":0,"pct":100},"branches":{"total":1,"covered":1,"skipped":0,"pct":100}}
,"/home/bode/sites/loom.dev/node_modules/.pnpm/yaml@2.8.2/node_modules/yaml/dist/schema/json/schema.js": {"lines":{"total":64,"covered":58,"skipped":0,"pct":90.62},"functions":{"total":15,"covered":1,"skipped":0,"pct":6.66},"statements":{"total":64,"covered":58,"skipped":0,"pct":90.62},"branches":{"total":1,"covered":1,"skipped":0,"pct":100}}
,"/home/bode/sites/loom.dev/node_modules/.pnpm/yaml@2.8.2/node_modules/yaml/dist/schema/yaml-1.1/binary.js": {"lines":{"total":70,"covered":23,"skipped":0,"pct":32.85},"functions":{"total":4,"covered":1,"skipped":0,"pct":25},"statements":{"total":70,"covered":23,"skipped":0,"pct":32.85},"branches":{"total":1,"covered":1,"skipped":0,"pct":100}}
,"/home/bode/sites/loom.dev/node_modules/.pnpm/yaml@2.8.2/node_modules/yaml/dist/schema/yaml-1.1/bool.js": {"lines":{"total":29,"covered":23,"skipped":0,"pct":79.31},"functions":{"total":6,"covered":1,"skipped":0,"pct":16.66},"statements":{"total":29,"covered":23,"skipped":0,"pct":79.31},"branches":{"total":1,"covered":1,"skipped":0,"pct":100}}
,"/home/bode/sites/loom.dev/node_modules/.pnpm/yaml@2.8.2/node_modules/yaml/dist/schema/yaml-1.1/float.js": {"lines":{"total":50,"covered":34,"skipped":0,"pct":68},"functions":{"total":8,"covered":1,"skipped":0,"pct":12.5},"statements":{"total":50,"covered":34,"skipped":0,"pct":68},"branches":{"total":1,"covered":1,"skipped":0,"pct":100}}
,"/home/bode/sites/loom.dev/node_modules/.pnpm/yaml@2.8.2/node_modules/yaml/dist/schema/yaml-1.1/int.js": {"lines":{"total":76,"covered":45,"skipped":0,"pct":59.21},"functions":{"total":11,"covered":1,"skipped":0,"pct":9.09},"statements":{"total":76,"covered":45,"skipped":0,"pct":59.21},"branches":{"total":1,"covered":1,"skipped":0,"pct":100}}
,"/home/bode/sites/loom.dev/node_modules/.pnpm/yaml@2.8.2/node_modules/yaml/dist/schema/yaml-1.1/merge.js": {"lines":{"total":68,"covered":30,"skipped":0,"pct":44.11},"functions":{"total":7,"covered":3,"skipped":0,"pct":42.85},"statements":{"total":68,"covered":30,"skipped":0,"pct":44.11},"branches":{"total":5,"covered":3,"skipped":0,"pct":60}}
,"/home/bode/sites/loom.dev/node_modules/.pnpm/yaml@2.8.2/node_modules/yaml/dist/schema/yaml-1.1/omap.js": {"lines":{"total":77,"covered":30,"skipped":0,"pct":38.96},"functions":{"total":7,"covered":1,"skipped":0,"pct":14.28},"statements":{"total":77,"covered":30,"skipped":0,"pct":38.96},"branches":{"total":1,"covered":1,"skipped":0,"pct":100}}
,"/home/bode/sites/loom.dev/node_modules/.pnpm/yaml@2.8.2/node_modules/yaml/dist/schema/yaml-1.1/pairs.js": {"lines":{"total":82,"covered":18,"skipped":0,"pct":21.95},"functions":{"total":3,"covered":1,"skipped":0,"pct":33.33},"statements":{"total":82,"covered":18,"skipped":0,"pct":21.95},"branches":{"total":1,"covered":1,"skipped":0,"pct":100}}
,"/home/bode/sites/loom.dev/node_modules/.pnpm/yaml@2.8.2/node_modules/yaml/dist/schema/yaml-1.1/schema.js": {"lines":{"total":41,"covered":41,"skipped":0,"pct":100},"functions":{"total":1,"covered":1,"skipped":0,"pct":100},"statements":{"total":41,"covered":41,"skipped":0,"pct":100},"branches":{"total":1,"covered":1,"skipped":0,"pct":100}}
,"/home/bode/sites/loom.dev/node_modules/.pnpm/yaml@2.8.2/node_modules/yaml/dist/schema/yaml-1.1/set.js": {"lines":{"total":96,"covered":32,"skipped":0,"pct":33.33},"functions":{"total":11,"covered":1,"skipped":0,"pct":9.09},"statements":{"total":96,"covered":32,"skipped":0,"pct":33.33},"branches":{"total":1,"covered":1,"skipped":0,"pct":100}}
,"/home/bode/sites/loom.dev/node_modules/.pnpm/yaml@2.8.2/node_modules/yaml/dist/schema/yaml-1.1/timestamp.js": {"lines":{"total":105,"covered":48,"skipped":0,"pct":45.71},"functions":{"total":10,"covered":1,"skipped":0,"pct":10},"statements":{"total":105,"covered":48,"skipped":0,"pct":45.71},"branches":{"total":1,"covered":1,"skipped":0,"pct":100}}
,"/home/bode/sites/loom.dev/node_modules/.pnpm/yaml@2.8.2/node_modules/yaml/dist/stringify/foldFlowLines.js": {"lines":{"total":151,"covered":19,"skipped":0,"pct":12.58},"functions":{"total":3,"covered":1,"skipped":0,"pct":33.33},"statements":{"total":151,"covered":19,"skipped":0,"pct":12.58},"branches":{"total":1,"covered":1,"skipped":0,"pct":100}}
,"/home/bode/sites/loom.dev/node_modules/.pnpm/yaml@2.8.2/node_modules/yaml/dist/stringify/stringify.js": {"lines":{"total":131,"covered":11,"skipped":0,"pct":8.39},"functions":{"total":5,"covered":1,"skipped":0,"pct":20},"statements":{"total":131,"covered":11,"skipped":0,"pct":8.39},"branches":{"total":1,"covered":1,"skipped":0,"pct":100}}
,"/home/bode/sites/loom.dev/node_modules/.pnpm/yaml@2.8.2/node_modules/yaml/dist/stringify/stringifyCollection.js": {"lines":{"total":145,"covered":8,"skipped":0,"pct":5.51},"functions":{"total":5,"covered":1,"skipped":0,"pct":20},"statements":{"total":145,"covered":8,"skipped":0,"pct":5.51},"branches":{"total":1,"covered":1,"skipped":0,"pct":100}}
,"/home/bode/sites/loom.dev/node_modules/.pnpm/yaml@2.8.2/node_modules/yaml/dist/stringify/stringifyComment.js": {"lines":{"total":24,"covered":15,"skipped":0,"pct":62.5},"functions":{"total":4,"covered":1,"skipped":0,"pct":25},"statements":{"total":24,"covered":15,"skipped":0,"pct":62.5},"branches":{"total":1,"covered":1,"skipped":0,"pct":100}}
,"/home/bode/sites/loom.dev/node_modules/.pnpm/yaml@2.8.2/node_modules/yaml/dist/stringify/stringifyDocument.js": {"lines":{"total":87,"covered":8,"skipped":0,"pct":9.19},"functions":{"total":2,"covered":1,"skipped":0,"pct":50},"statements":{"total":87,"covered":8,"skipped":0,"pct":9.19},"branches":{"total":1,"covered":1,"skipped":0,"pct":100}}
,"/home/bode/sites/loom.dev/node_modules/.pnpm/yaml@2.8.2/node_modules/yaml/dist/stringify/stringifyNumber.js": {"lines":{"total":26,"covered":4,"skipped":0,"pct":15.38},"functions":{"total":2,"covered":1,"skipped":0,"pct":50},"statements":{"total":26,"covered":4,"skipped":0,"pct":15.38},"branches":{"total":1,"covered":1,"skipped":0,"pct":100}}
,"/home/bode/sites/loom.dev/node_modules/.pnpm/yaml@2.8.2/node_modules/yaml/dist/stringify/stringifyPair.js": {"lines":{"total":152,"covered":9,"skipped":0,"pct":5.92},"functions":{"total":2,"covered":1,"skipped":0,"pct":50},"statements":{"total":152,"covered":9,"skipped":0,"pct":5.92},"branches":{"total":1,"covered":1,"skipped":0,"pct":100}}
,"/home/bode/sites/loom.dev/node_modules/.pnpm/yaml@2.8.2/node_modules/yaml/dist/stringify/stringifyString.js": {"lines":{"total":338,"covered":16,"skipped":0,"pct":4.73},"functions":{"total":10,"covered":1,"skipped":0,"pct":10},"statements":{"total":338,"covered":16,"skipped":0,"pct":4.73},"branches":{"total":2,"covered":1,"skipped":0,"pct":50}}
,"/home/bode/sites/loom.dev/node_modules/.pnpm/zod@3.25.76/node_modules/zod/v3/ZodError.js": {"lines":{"total":133,"covered":32,"skipped":0,"pct":24.06},"functions":{"total":11,"covered":0,"skipped":0,"pct":0},"statements":{"total":133,"covered":32,"skipped":0,"pct":24.06},"branches":{"total":0,"covered":0,"skipped":0,"pct":100}}
,"/home/bode/sites/loom.dev/node_modules/.pnpm/zod@3.25.76/node_modules/zod/v3/errors.js": {"lines":{"total":9,"covered":5,"skipped":0,"pct":55.55},"functions":{"total":2,"covered":0,"skipped":0,"pct":0},"statements":{"total":9,"covered":5,"skipped":0,"pct":55.55},"branches":{"total":0,"covered":0,"skipped":0,"pct":100}}
,"/home/bode/sites/loom.dev/node_modules/.pnpm/zod@3.25.76/node_modules/zod/v3/external.js": {"lines":{"total":6,"covered":5,"skipped":0,"pct":83.33},"functions":{"total":107,"covered":8,"skipped":0,"pct":7.47},"statements":{"total":6,"covered":5,"skipped":0,"pct":83.33},"branches":{"total":8,"covered":8,"skipped":0,"pct":100}}
,"/home/bode/sites/loom.dev/node_modules/.pnpm/zod@3.25.76/node_modules/zod/v3/types.js": {"lines":{"total":3693,"covered":1005,"skipped":0,"pct":27.21},"functions":{"total":286,"covered":43,"skipped":0,"pct":15.03},"statements":{"total":3693,"covered":1005,"skipped":0,"pct":27.21},"branches":{"total":116,"covered":61,"skipped":0,"pct":52.58}}
,"/home/bode/sites/loom.dev/node_modules/.pnpm/zod@3.25.76/node_modules/zod/v3/helpers/errorUtil.js": {"lines":{"total":6,"covered":6,"skipped":0,"pct":100},"functions":{"total":2,"covered":2,"skipped":0,"pct":100},"statements":{"total":6,"covered":6,"skipped":0,"pct":100},"branches":{"total":7,"covered":4,"skipped":0,"pct":57.14}}
,"/home/bode/sites/loom.dev/node_modules/.pnpm/zod@3.25.76/node_modules/zod/v3/helpers/parseUtil.js": {"lines":{"total":109,"covered":51,"skipped":0,"pct":46.78},"functions":{"total":14,"covered":6,"skipped":0,"pct":42.85},"statements":{"total":109,"covered":51,"skipped":0,"pct":46.78},"branches":{"total":15,"covered":9,"skipped":0,"pct":60}}
,"/home/bode/sites/loom.dev/node_modules/.pnpm/zod@3.25.76/node_modules/zod/v3/helpers/util.js": {"lines":{"total":133,"covered":78,"skipped":0,"pct":58.64},"functions":{"total":14,"covered":3,"skipped":0,"pct":21.42},"statements":{"total":133,"covered":78,"skipped":0,"pct":58.64},"branches":{"total":34,"covered":19,"skipped":0,"pct":55.88}}
,"/home/bode/sites/loom.dev/node_modules/.pnpm/zod@3.25.76/node_modules/zod/v3/locales/en.js": {"lines":{"total":109,"covered":4,"skipped":0,"pct":3.66},"functions":{"total":1,"covered":0,"skipped":0,"pct":0},"statements":{"total":109,"covered":4,"skipped":0,"pct":3.66},"branches":{"total":0,"covered":0,"skipped":0,"pct":100}}
,"/home/bode/sites/loom.dev/packages/config/src/index.ts": {"lines":{"total":207,"covered":201,"skipped":0,"pct":97.1},"functions":{"total":8,"covered":7,"skipped":0,"pct":87.5},"statements":{"total":207,"covered":201,"skipped":0,"pct":97.1},"branches":{"total":51,"covered":46,"skipped":0,"pct":90.19}}
,"/home/bode/sites/loom.dev/packages/config/src/types.ts": {"lines":{"total":51,"covered":0,"skipped":0,"pct":0},"functions":{"total":1,"covered":0,"skipped":0,"pct":0},"statements":{"total":51,"covered":0,"skipped":0,"pct":0},"branches":{"total":1,"covered":0,"skipped":0,"pct":0}}
,"/home/bode/sites/loom.dev/packages/core/src/backup.ts": {"lines":{"total":115,"covered":101,"skipped":0,"pct":87.82},"functions":{"total":10,"covered":8,"skipped":0,"pct":80},"statements":{"total":115,"covered":101,"skipped":0,"pct":87.82},"branches":{"total":11,"covered":10,"skipped":0,"pct":90.9}}
,"/home/bode/sites/loom.dev/packages/core/src/dependencies.ts": {"lines":{"total":85,"covered":85,"skipped":0,"pct":100},"functions":{"total":0,"covered":0,"skipped":0,"pct":100},"statements":{"total":85,"covered":85,"skipped":0,"pct":100},"branches":{"total":0,"covered":0,"skipped":0,"pct":100}}
,"/home/bode/sites/loom.dev/packages/core/src/https.ts": {"lines":{"total":36,"covered":36,"skipped":0,"pct":100},"functions":{"total":4,"covered":2,"skipped":0,"pct":50},"statements":{"total":36,"covered":36,"skipped":0,"pct":100},"branches":{"total":10,"covered":10,"skipped":0,"pct":100}}
,"/home/bode/sites/loom.dev/packages/core/src/index.ts": {"lines":{"total":152,"covered":143,"skipped":0,"pct":94.07},"functions":{"total":15,"covered":12,"skipped":0,"pct":80},"statements":{"total":152,"covered":143,"skipped":0,"pct":94.07},"branches":{"total":19,"covered":17,"skipped":0,"pct":89.47}}
,"/home/bode/sites/loom.dev/packages/core/src/lifecycle.ts": {"lines":{"total":57,"covered":53,"skipped":0,"pct":92.98},"functions":{"total":2,"covered":1,"skipped":0,"pct":50},"statements":{"total":57,"covered":53,"skipped":0,"pct":92.98},"branches":{"total":15,"covered":8,"skipped":0,"pct":53.33}}
,"/home/bode/sites/loom.dev/packages/core/src/output.ts": {"lines":{"total":50,"covered":50,"skipped":0,"pct":100},"functions":{"total":7,"covered":7,"skipped":0,"pct":100},"statements":{"total":50,"covered":50,"skipped":0,"pct":100},"branches":{"total":11,"covered":11,"skipped":0,"pct":100}}
,"/home/bode/sites/loom.dev/packages/core/src/restore.ts": {"lines":{"total":73,"covered":73,"skipped":0,"pct":100},"functions":{"total":6,"covered":5,"skipped":0,"pct":83.33},"statements":{"total":73,"covered":73,"skipped":0,"pct":100},"branches":{"total":9,"covered":9,"skipped":0,"pct":100}}
,"/home/bode/sites/loom.dev/packages/core/src/routes.ts": {"lines":{"total":74,"covered":69,"skipped":0,"pct":93.24},"functions":{"total":2,"covered":1,"skipped":0,"pct":50},"statements":{"total":74,"covered":69,"skipped":0,"pct":93.24},"branches":{"total":11,"covered":9,"skipped":0,"pct":81.81}}
,"/home/bode/sites/loom.dev/packages/core/src/runtime.ts": {"lines":{"total":61,"covered":57,"skipped":0,"pct":93.44},"functions":{"total":4,"covered":3,"skipped":0,"pct":75},"statements":{"total":61,"covered":57,"skipped":0,"pct":93.44},"branches":{"total":18,"covered":14,"skipped":0,"pct":77.77}}
,"/home/bode/sites/loom.dev/packages/core/src/service-start.ts": {"lines":{"total":36,"covered":36,"skipped":0,"pct":100},"functions":{"total":3,"covered":2,"skipped":0,"pct":66.66},"statements":{"total":36,"covered":36,"skipped":0,"pct":100},"branches":{"total":4,"covered":4,"skipped":0,"pct":100}}
,"/home/bode/sites/loom.dev/packages/core/src/services.ts": {"lines":{"total":52,"covered":52,"skipped":0,"pct":100},"functions":{"total":6,"covered":6,"skipped":0,"pct":100},"statements":{"total":52,"covered":52,"skipped":0,"pct":100},"branches":{"total":19,"covered":18,"skipped":0,"pct":94.73}}
,"/home/bode/sites/loom.dev/packages/core/src/startup.ts": {"lines":{"total":78,"covered":74,"skipped":0,"pct":94.87},"functions":{"total":16,"covered":16,"skipped":0,"pct":100},"statements":{"total":78,"covered":74,"skipped":0,"pct":94.87},"branches":{"total":31,"covered":26,"skipped":0,"pct":83.87}}
,"/home/bode/sites/loom.dev/packages/core/src/status.ts": {"lines":{"total":86,"covered":86,"skipped":0,"pct":100},"functions":{"total":2,"covered":1,"skipped":0,"pct":50},"statements":{"total":86,"covered":86,"skipped":0,"pct":100},"branches":{"total":11,"covered":11,"skipped":0,"pct":100}}
,"/home/bode/sites/loom.dev/packages/core/src/tasks.ts": {"lines":{"total":20,"covered":20,"skipped":0,"pct":100},"functions":{"total":4,"covered":4,"skipped":0,"pct":100},"statements":{"total":20,"covered":20,"skipped":0,"pct":100},"branches":{"total":4,"covered":4,"skipped":0,"pct":100}}
,"/home/bode/sites/loom.dev/packages/core/src/utils.ts": {"lines":{"total":81,"covered":75,"skipped":0,"pct":92.59},"functions":{"total":6,"covered":6,"skipped":0,"pct":100},"statements":{"total":81,"covered":75,"skipped":0,"pct":92.59},"branches":{"total":31,"covered":28,"skipped":0,"pct":90.32}}
,"/home/bode/sites/loom.dev/packages/https/src/index.ts": {"lines":{"total":90,"covered":12,"skipped":0,"pct":13.33},"functions":{"total":3,"covered":0,"skipped":0,"pct":0},"statements":{"total":90,"covered":12,"skipped":0,"pct":13.33},"branches":{"total":0,"covered":0,"skipped":0,"pct":100}}
,"/home/bode/sites/loom.dev/packages/network/src/index.ts": {"lines":{"total":292,"covered":164,"skipped":0,"pct":56.16},"functions":{"total":30,"covered":17,"skipped":0,"pct":56.66},"statements":{"total":292,"covered":164,"skipped":0,"pct":56.16},"branches":{"total":41,"covered":26,"skipped":0,"pct":63.41}}
,"/home/bode/sites/loom.dev/packages/runtime-podman/src/backup.ts": {"lines":{"total":478,"covered":370,"skipped":0,"pct":77.4},"functions":{"total":23,"covered":17,"skipped":0,"pct":73.91},"statements":{"total":478,"covered":370,"skipped":0,"pct":77.4},"branches":{"total":97,"covered":72,"skipped":0,"pct":74.22}}
,"/home/bode/sites/loom.dev/packages/runtime-podman/src/containers.ts": {"lines":{"total":308,"covered":164,"skipped":0,"pct":53.24},"functions":{"total":35,"covered":13,"skipped":0,"pct":37.14},"statements":{"total":308,"covered":164,"skipped":0,"pct":53.24},"branches":{"total":35,"covered":22,"skipped":0,"pct":62.85}}
,"/home/bode/sites/loom.dev/packages/runtime-podman/src/index.ts": {"lines":{"total":31,"covered":31,"skipped":0,"pct":100},"functions":{"total":0,"covered":0,"skipped":0,"pct":100},"statements":{"total":31,"covered":31,"skipped":0,"pct":100},"branches":{"total":0,"covered":0,"skipped":0,"pct":100}}
,"/home/bode/sites/loom.dev/packages/runtime-podman/src/lifecycle.ts": {"lines":{"total":267,"covered":214,"skipped":0,"pct":80.14},"functions":{"total":28,"covered":15,"skipped":0,"pct":53.57},"statements":{"total":267,"covered":214,"skipped":0,"pct":80.14},"branches":{"total":49,"covered":35,"skipped":0,"pct":71.42}}
,"/home/bode/sites/loom.dev/packages/runtime-podman/src/machine.ts": {"lines":{"total":100,"covered":86,"skipped":0,"pct":86},"functions":{"total":8,"covered":5,"skipped":0,"pct":62.5},"statements":{"total":100,"covered":86,"skipped":0,"pct":86},"branches":{"total":22,"covered":11,"skipped":0,"pct":50}}
,"/home/bode/sites/loom.dev/packages/runtime-podman/src/podman.ts": {"lines":{"total":48,"covered":31,"skipped":0,"pct":64.58},"functions":{"total":6,"covered":3,"skipped":0,"pct":50},"statements":{"total":48,"covered":31,"skipped":0,"pct":64.58},"branches":{"total":6,"covered":5,"skipped":0,"pct":83.33}}
,"/home/bode/sites/loom.dev/packages/runtime-podman/src/readiness.ts": {"lines":{"total":181,"covered":134,"skipped":0,"pct":74.03},"functions":{"total":10,"covered":1,"skipped":0,"pct":10},"statements":{"total":181,"covered":134,"skipped":0,"pct":74.03},"branches":{"total":30,"covered":21,"skipped":0,"pct":70}}
,"/home/bode/sites/loom.dev/packages/runtime-podman/src/types.ts": {"lines":{"total":24,"covered":0,"skipped":0,"pct":0},"functions":{"total":1,"covered":0,"skipped":0,"pct":0},"statements":{"total":24,"covered":0,"skipped":0,"pct":0},"branches":{"total":1,"covered":0,"skipped":0,"pct":0}}
,"/home/bode/sites/loom.dev/packages/tasks/src/index.ts": {"lines":{"total":5,"covered":5,"skipped":0,"pct":100},"functions":{"total":2,"covered":1,"skipped":0,"pct":50},"statements":{"total":5,"covered":5,"skipped":0,"pct":100},"branches":{"total":1,"covered":1,"skipped":0,"pct":100}}
,"/home/bode/sites/loom.dev/stacks/definition.ts": {"lines":{"total":142,"covered":126,"skipped":0,"pct":88.73},"functions":{"total":6,"covered":6,"skipped":0,"pct":100},"statements":{"total":142,"covered":126,"skipped":0,"pct":88.73},"branches":{"total":49,"covered":29,"skipped":0,"pct":59.18}}
,"/home/bode/sites/loom.dev/stacks/index.ts": {"lines":{"total":87,"covered":80,"skipped":0,"pct":91.95},"functions":{"total":5,"covered":4,"skipped":0,"pct":80},"statements":{"total":87,"covered":80,"skipped":0,"pct":91.95},"branches":{"total":12,"covered":11,"skipped":0,"pct":91.66}}
,"/home/bode/sites/loom.dev/stacks/pins.ts": {"lines":{"total":54,"covered":54,"skipped":0,"pct":100},"functions":{"total":0,"covered":0,"skipped":0,"pct":100},"statements":{"total":54,"covered":54,"skipped":0,"pct":100},"branches":{"total":0,"covered":0,"skipped":0,"pct":100}}
,"/home/bode/sites/loom.dev/stacks/astro/stack.ts": {"lines":{"total":12,"covered":12,"skipped":0,"pct":100},"functions":{"total":0,"covered":0,"skipped":0,"pct":100},"statements":{"total":12,"covered":12,"skipped":0,"pct":100},"branches":{"total":0,"covered":0,"skipped":0,"pct":100}}
,"/home/bode/sites/loom.dev/stacks/bun/stack.ts": {"lines":{"total":11,"covered":11,"skipped":0,"pct":100},"functions":{"total":0,"covered":0,"skipped":0,"pct":100},"statements":{"total":11,"covered":11,"skipped":0,"pct":100},"branches":{"total":0,"covered":0,"skipped":0,"pct":100}}
,"/home/bode/sites/loom.dev/stacks/db-all/stack.ts": {"lines":{"total":31,"covered":31,"skipped":0,"pct":100},"functions":{"total":0,"covered":0,"skipped":0,"pct":100},"statements":{"total":31,"covered":31,"skipped":0,"pct":100},"branches":{"total":0,"covered":0,"skipped":0,"pct":100}}
,"/home/bode/sites/loom.dev/stacks/db-elasticsearch/stack.ts": {"lines":{"total":11,"covered":11,"skipped":0,"pct":100},"functions":{"total":0,"covered":0,"skipped":0,"pct":100},"statements":{"total":11,"covered":11,"skipped":0,"pct":100},"branches":{"total":0,"covered":0,"skipped":0,"pct":100}}
,"/home/bode/sites/loom.dev/stacks/db-mariadb/stack.ts": {"lines":{"total":12,"covered":12,"skipped":0,"pct":100},"functions":{"total":0,"covered":0,"skipped":0,"pct":100},"statements":{"total":12,"covered":12,"skipped":0,"pct":100},"branches":{"total":0,"covered":0,"skipped":0,"pct":100}}
,"/home/bode/sites/loom.dev/stacks/db-mongodb/stack.ts": {"lines":{"total":11,"covered":11,"skipped":0,"pct":100},"functions":{"total":0,"covered":0,"skipped":0,"pct":100},"statements":{"total":11,"covered":11,"skipped":0,"pct":100},"branches":{"total":0,"covered":0,"skipped":0,"pct":100}}
,"/home/bode/sites/loom.dev/stacks/db-mysql/stack.ts": {"lines":{"total":12,"covered":12,"skipped":0,"pct":100},"functions":{"total":0,"covered":0,"skipped":0,"pct":100},"statements":{"total":12,"covered":12,"skipped":0,"pct":100},"branches":{"total":0,"covered":0,"skipped":0,"pct":100}}
,"/home/bode/sites/loom.dev/stacks/db-postgres/stack.ts": {"lines":{"total":10,"covered":10,"skipped":0,"pct":100},"functions":{"total":0,"covered":0,"skipped":0,"pct":100},"statements":{"total":10,"covered":10,"skipped":0,"pct":100},"branches":{"total":0,"covered":0,"skipped":0,"pct":100}}
,"/home/bode/sites/loom.dev/stacks/db-redis/stack.ts": {"lines":{"total":11,"covered":11,"skipped":0,"pct":100},"functions":{"total":0,"covered":0,"skipped":0,"pct":100},"statements":{"total":11,"covered":11,"skipped":0,"pct":100},"branches":{"total":0,"covered":0,"skipped":0,"pct":100}}
,"/home/bode/sites/loom.dev/stacks/db-sqlite/stack.ts": {"lines":{"total":12,"covered":12,"skipped":0,"pct":100},"functions":{"total":0,"covered":0,"skipped":0,"pct":100},"statements":{"total":12,"covered":12,"skipped":0,"pct":100},"branches":{"total":0,"covered":0,"skipped":0,"pct":100}}
,"/home/bode/sites/loom.dev/stacks/db-sqlserver/stack.ts": {"lines":{"total":11,"covered":11,"skipped":0,"pct":100},"functions":{"total":0,"covered":0,"skipped":0,"pct":100},"statements":{"total":11,"covered":11,"skipped":0,"pct":100},"branches":{"total":0,"covered":0,"skipped":0,"pct":100}}
,"/home/bode/sites/loom.dev/stacks/django-react/stack.ts": {"lines":{"total":27,"covered":27,"skipped":0,"pct":100},"functions":{"total":0,"covered":0,"skipped":0,"pct":100},"statements":{"total":27,"covered":27,"skipped":0,"pct":100},"branches":{"total":0,"covered":0,"skipped":0,"pct":100}}
,"/home/bode/sites/loom.dev/stacks/dotnet/stack.ts": {"lines":{"total":12,"covered":12,"skipped":0,"pct":100},"functions":{"total":0,"covered":0,"skipped":0,"pct":100},"statements":{"total":12,"covered":12,"skipped":0,"pct":100},"branches":{"total":0,"covered":0,"skipped":0,"pct":100}}
,"/home/bode/sites/loom.dev/stacks/jamstack/stack.ts": {"lines":{"total":14,"covered":14,"skipped":0,"pct":100},"functions":{"total":0,"covered":0,"skipped":0,"pct":100},"statements":{"total":14,"covered":14,"skipped":0,"pct":100},"branches":{"total":0,"covered":0,"skipped":0,"pct":100}}
,"/home/bode/sites/loom.dev/stacks/node/stack.ts": {"lines":{"total":24,"covered":24,"skipped":0,"pct":100},"functions":{"total":0,"covered":0,"skipped":0,"pct":100},"statements":{"total":24,"covered":24,"skipped":0,"pct":100},"branches":{"total":0,"covered":0,"skipped":0,"pct":100}}
,"/home/bode/sites/loom.dev/stacks/node-mean/stack.ts": {"lines":{"total":14,"covered":14,"skipped":0,"pct":100},"functions":{"total":0,"covered":0,"skipped":0,"pct":100},"statements":{"total":14,"covered":14,"skipped":0,"pct":100},"branches":{"total":0,"covered":0,"skipped":0,"pct":100}}
,"/home/bode/sites/loom.dev/stacks/node-mern/stack.ts": {"lines":{"total":14,"covered":14,"skipped":0,"pct":100},"functions":{"total":0,"covered":0,"skipped":0,"pct":100},"statements":{"total":14,"covered":14,"skipped":0,"pct":100},"branches":{"total":0,"covered":0,"skipped":0,"pct":100}}
,"/home/bode/sites/loom.dev/stacks/node-t3/stack.ts": {"lines":{"total":12,"covered":12,"skipped":0,"pct":100},"functions":{"total":0,"covered":0,"skipped":0,"pct":100},"statements":{"total":12,"covered":12,"skipped":0,"pct":100},"branches":{"total":0,"covered":0,"skipped":0,"pct":100}}
,"/home/bode/sites/loom.dev/stacks/php/stack.ts": {"lines":{"total":21,"covered":21,"skipped":0,"pct":100},"functions":{"total":0,"covered":0,"skipped":0,"pct":100},"statements":{"total":21,"covered":21,"skipped":0,"pct":100},"branches":{"total":0,"covered":0,"skipped":0,"pct":100}}
,"/home/bode/sites/loom.dev/stacks/php-drupal/stack.ts": {"lines":{"total":29,"covered":29,"skipped":0,"pct":100},"functions":{"total":0,"covered":0,"skipped":0,"pct":100},"statements":{"total":29,"covered":29,"skipped":0,"pct":100},"branches":{"total":0,"covered":0,"skipped":0,"pct":100}}
,"/home/bode/sites/loom.dev/stacks/php-symfony/stack.ts": {"lines":{"total":29,"covered":29,"skipped":0,"pct":100},"functions":{"total":0,"covered":0,"skipped":0,"pct":100},"statements":{"total":29,"covered":29,"skipped":0,"pct":100},"branches":{"total":0,"covered":0,"skipped":0,"pct":100}}
,"/home/bode/sites/loom.dev/stacks/php-wordpress/stack.ts": {"lines":{"total":20,"covered":20,"skipped":0,"pct":100},"functions":{"total":0,"covered":0,"skipped":0,"pct":100},"statements":{"total":20,"covered":20,"skipped":0,"pct":100},"branches":{"total":0,"covered":0,"skipped":0,"pct":100}}
,"/home/bode/sites/loom.dev/stacks/python/stack.ts": {"lines":{"total":15,"covered":15,"skipped":0,"pct":100},"functions":{"total":0,"covered":0,"skipped":0,"pct":100},"statements":{"total":15,"covered":15,"skipped":0,"pct":100},"branches":{"total":0,"covered":0,"skipped":0,"pct":100}}
,"/home/bode/sites/loom.dev/stacks/python-django/stack.ts": {"lines":{"total":17,"covered":17,"skipped":0,"pct":100},"functions":{"total":0,"covered":0,"skipped":0,"pct":100},"statements":{"total":17,"covered":17,"skipped":0,"pct":100},"branches":{"total":0,"covered":0,"skipped":0,"pct":100}}
,"/home/bode/sites/loom.dev/stacks/python-fastapi/stack.ts": {"lines":{"total":15,"covered":15,"skipped":0,"pct":100},"functions":{"total":0,"covered":0,"skipped":0,"pct":100},"statements":{"total":15,"covered":15,"skipped":0,"pct":100},"branches":{"total":0,"covered":0,"skipped":0,"pct":100}}
,"/home/bode/sites/loom.dev/stacks/python-flask/stack.ts": {"lines":{"total":15,"covered":15,"skipped":0,"pct":100},"functions":{"total":0,"covered":0,"skipped":0,"pct":100},"statements":{"total":15,"covered":15,"skipped":0,"pct":100},"branches":{"total":0,"covered":0,"skipped":0,"pct":100}}
,"/home/bode/sites/loom.dev/stacks/rails7/stack.ts": {"lines":{"total":18,"covered":18,"skipped":0,"pct":100},"functions":{"total":0,"covered":0,"skipped":0,"pct":100},"statements":{"total":18,"covered":18,"skipped":0,"pct":100},"branches":{"total":0,"covered":0,"skipped":0,"pct":100}}
,"/home/bode/sites/loom.dev/stacks/rails7-hotwire/stack.ts": {"lines":{"total":18,"covered":18,"skipped":0,"pct":100},"functions":{"total":0,"covered":0,"skipped":0,"pct":100},"statements":{"total":18,"covered":18,"skipped":0,"pct":100},"branches":{"total":0,"covered":0,"skipped":0,"pct":100}}
,"/home/bode/sites/loom.dev/stacks/serverless/stack.ts": {"lines":{"total":12,"covered":12,"skipped":0,"pct":100},"functions":{"total":0,"covered":0,"skipped":0,"pct":100},"statements":{"total":12,"covered":12,"skipped":0,"pct":100},"branches":{"total":0,"covered":0,"skipped":0,"pct":100}}
,"/home/bode/sites/loom.dev/stacks/spring-boot/stack.ts": {"lines":{"total":12,"covered":12,"skipped":0,"pct":100},"functions":{"total":0,"covered":0,"skipped":0,"pct":100},"statements":{"total":12,"covered":12,"skipped":0,"pct":100},"branches":{"total":0,"covered":0,"skipped":0,"pct":100}}
,"/home/bode/sites/loom.dev/stacks/spring-react/stack.ts": {"lines":{"total":21,"covered":21,"skipped":0,"pct":100},"functions":{"total":0,"covered":0,"skipped":0,"pct":100},"statements":{"total":21,"covered":21,"skipped":0,"pct":100},"branches":{"total":0,"covered":0,"skipped":0,"pct":100}}
}
