TN:
SF:apps/cli/package.json
FNF:0
FNH:0
DA:1,1
DA:2,1
DA:3,1
DA:4,1
DA:5,1
DA:6,1
DA:7,1
DA:8,1
DA:9,1
DA:10,1
DA:11,1
DA:12,1
DA:13,1
DA:14,1
DA:15,1
DA:16,1
DA:17,1
DA:18,1
DA:19,1
DA:20,1
DA:21,1
DA:22,1
DA:23,1
DA:24,1
DA:25,1
DA:26,1
DA:27,1
DA:28,1
DA:29,1
DA:30,1
DA:31,1
DA:32,1
DA:33,1
DA:34,1
DA:35,1
DA:36,1
DA:37,1
DA:38,1
DA:39,1
DA:40,1
DA:41,1
DA:42,1
DA:43,1
DA:44,1
DA:45,1
DA:46,1
DA:47,1
DA:48,1
DA:49,1
DA:50,1
DA:51,1
DA:52,1
DA:53,1
DA:54,1
DA:55,1
DA:56,1
DA:57,1
DA:58,1
DA:59,1
DA:60,1
DA:61,1
DA:62,1
LF:62
LH:62
BRF:0
BRH:0
end_of_record
TN:
SF:apps/cli/dist/stacks/django-react/templates/frontend/vite.config.js
FN:1,(empty-report)
FNF:1
FNH:0
FNDA:0,(empty-report)
DA:1,0
DA:2,0
DA:3,0
DA:4,0
DA:5,0
DA:6,0
DA:7,0
DA:8,0
DA:9,0
DA:10,0
DA:11,0
LF:11
LH:0
BRDA:1,0,0,0
BRF:1
BRH:0
end_of_record
TN:
SF:apps/cli/dist/stacks/jamstack/templates/api/server.js
FN:1,(empty-report)
FNF:1
FNH:0
FNDA:0,(empty-report)
DA:1,0
DA:2,0
DA:3,0
DA:4,0
DA:5,0
DA:6,0
DA:7,0
DA:8,0
DA:9,0
DA:10,0
DA:11,0
DA:12,0
DA:13,0
DA:14,0
DA:15,0
DA:16,0
DA:17,0
DA:18,0
DA:19,0
DA:20,0
DA:21,0
DA:22,0
DA:23,0
DA:24,0
DA:25,0
DA:26,0
DA:27,0
DA:28,0
DA:29,0
DA:30,0
DA:31,0
DA:32,0
DA:33,0
DA:34,0
DA:35,0
DA:36,0
DA:37,0
DA:38,0
LF:38
LH:0
BRDA:1,0,0,0
BRF:1
BRH:0
end_of_record
TN:
SF:apps/cli/dist/stacks/jamstack/templates/web/main.js
FN:1,(empty-report)
FNF:1
FNH:0
FNDA:0,(empty-report)
DA:1,0
DA:2,0
DA:3,0
DA:4,0
DA:5,0
DA:6,0
DA:7,0
DA:8,0
DA:9,0
DA:10,0
DA:11,0
DA:12,0
DA:13,0
DA:14,0
DA:15,0
DA:16,0
DA:17,0
DA:18,0
DA:19,0
DA:20,0
DA:21,0
DA:22,0
DA:23,0
DA:24,0
DA:25,0
DA:26,0
DA:27,0
LF:27
LH:0
BRDA:1,0,0,0
BRF:1
BRH:0
end_of_record
TN:
SF:apps/cli/dist/stacks/jamstack/templates/web/vite.config.js
FN:1,(empty-report)
FNF:1
FNH:0
FNDA:0,(empty-report)
DA:1,0
DA:2,0
DA:3,0
DA:4,0
DA:5,0
DA:6,0
DA:7,0
DA:8,0
DA:9,0
LF:9
LH:0
BRDA:1,0,0,0
BRF:1
BRH:0
end_of_record
TN:
SF:apps/cli/dist/stacks/node-mean/templates/api/server.js
FN:1,(empty-report)
FNF:1
FNH:0
FNDA:0,(empty-report)
DA:1,0
DA:2,0
DA:3,0
DA:4,0
DA:5,0
DA:6,0
DA:7,0
DA:8,0
DA:9,0
DA:10,0
DA:11,0
DA:12,0
DA:13,0
DA:14,0
DA:15,0
DA:16,0
DA:17,0
DA:18,0
DA:19,0
DA:20,0
DA:21,0
DA:22,0
DA:23,0
DA:24,0
DA:25,0
DA:26,0
DA:27,0
DA:28,0
DA:29,0
DA:30,0
DA:31,0
DA:32,0
DA:33,0
DA:34,0
DA:35,0
DA:36,0
DA:37,0
DA:38,0
DA:39,0
DA:40,0
DA:41,0
DA:42,0
DA:43,0
DA:44,0
LF:44
LH:0
BRDA:1,0,0,0
BRF:1
BRH:0
end_of_record
TN:
SF:apps/cli/dist/stacks/node-mern/templates/api/server.js
FN:1,(empty-report)
FNF:1
FNH:0
FNDA:0,(empty-report)
DA:1,0
DA:2,0
DA:3,0
DA:4,0
DA:5,0
DA:6,0
DA:7,0
DA:8,0
DA:9,0
DA:10,0
DA:11,0
DA:12,0
DA:13,0
DA:14,0
DA:15,0
DA:16,0
DA:17,0
DA:18,0
DA:19,0
DA:20,0
DA:21,0
DA:22,0
DA:23,0
DA:24,0
DA:25,0
DA:26,0
DA:27,0
DA:28,0
DA:29,0
DA:30,0
DA:31,0
DA:32,0
DA:33,0
DA:34,0
DA:35,0
DA:36,0
DA:37,0
DA:38,0
DA:39,0
DA:40,0
DA:41,0
DA:42,0
DA:43,0
DA:44,0
LF:44
LH:0
BRDA:1,0,0,0
BRF:1
BRH:0
end_of_record
TN:
SF:apps/cli/dist/stacks/node-mern/templates/web/server.js
FN:1,(empty-report)
FNF:1
FNH:0
FNDA:0,(empty-report)
DA:1,0
DA:2,0
DA:3,0
DA:4,0
DA:5,0
DA:6,0
DA:7,0
DA:8,0
DA:9,0
DA:10,0
LF:10
LH:0
BRDA:1,0,0,0
BRF:1
BRH:0
end_of_record
TN:
SF:apps/cli/dist/stacks/node/templates/server.js
FN:1,(empty-report)
FNF:1
FNH:0
FNDA:0,(empty-report)
DA:1,0
DA:2,0
DA:3,0
DA:4,0
DA:5,0
DA:6,0
DA:7,0
DA:8,0
DA:9,0
DA:10,0
DA:11,0
DA:12,0
DA:13,0
DA:14,0
LF:14
LH:0
BRDA:1,0,0,0
BRF:1
BRH:0
end_of_record
TN:
SF:apps/cli/dist/stacks/serverless/templates/dev-server.js
FN:1,(empty-report)
FNF:1
FNH:0
FNDA:0,(empty-report)
DA:1,0
DA:2,0
DA:3,0
DA:4,0
DA:5,0
DA:6,0
DA:7,0
DA:8,0
DA:9,0
DA:10,0
DA:11,0
DA:12,0
DA:13,0
DA:14,0
DA:15,0
DA:16,0
DA:17,0
DA:18,0
DA:19,0
DA:20,0
DA:21,0
DA:22,0
DA:23,0
DA:24,0
DA:25,0
DA:26,0
DA:27,0
DA:28,0
DA:29,0
DA:30,0
DA:31,0
DA:32,0
DA:33,0
DA:34,0
DA:35,0
DA:36,0
DA:37,0
DA:38,0
DA:39,0
DA:40,0
DA:41,0
DA:42,0
DA:43,0
DA:44,0
DA:45,0
DA:46,0
DA:47,0
DA:48,0
DA:49,0
DA:50,0
DA:51,0
DA:52,0
DA:53,0
DA:54,0
DA:55,0
DA:56,0
DA:57,0
DA:58,0
DA:59,0
DA:60,0
DA:61,0
DA:62,0
DA:63,0
DA:64,0
DA:65,0
DA:66,0
DA:67,0
DA:68,0
DA:69,0
DA:70,0
DA:71,0
DA:72,0
DA:73,0
DA:74,0
DA:75,0
LF:75
LH:0
BRDA:1,0,0,0
BRF:1
BRH:0
end_of_record
TN:
SF:apps/cli/dist/stacks/serverless/templates/handler.js
FN:1,(empty-report)
FNF:1
FNH:0
FNDA:0,(empty-report)
DA:1,0
DA:2,0
DA:3,0
DA:4,0
DA:5,0
DA:6,0
DA:7,0
DA:8,0
DA:9,0
DA:10,0
DA:11,0
DA:12,0
DA:13,0
DA:14,0
DA:15,0
DA:16,0
DA:17,0
DA:18,0
DA:19,0
DA:20,0
DA:21,0
DA:22,0
DA:23,0
DA:24,0
DA:25,0
DA:26,0
DA:27,0
DA:28,0
DA:29,0
DA:30,0
DA:31,0
DA:32,0
DA:33,0
DA:34,0
DA:35,0
DA:36,0
DA:37,0
DA:38,0
DA:39,0
DA:40,0
DA:41,0
DA:42,0
DA:43,0
DA:44,0
DA:45,0
DA:46,0
DA:47,0
DA:48,0
DA:49,0
DA:50,0
DA:51,0
DA:52,0
DA:53,0
DA:54,0
DA:55,0
DA:56,0
DA:57,0
DA:58,0
DA:59,0
DA:60,0
DA:61,0
DA:62,0
LF:62
LH:0
BRDA:1,0,0,0
BRF:1
BRH:0
end_of_record
TN:
SF:apps/cli/dist/stacks/serverless/templates/web-server.js
FN:1,(empty-report)
FNF:1
FNH:0
FNDA:0,(empty-report)
DA:1,0
DA:2,0
DA:3,0
DA:4,0
DA:5,0
DA:6,0
DA:7,0
DA:8,0
DA:9,0
DA:10,0
DA:11,0
DA:12,0
DA:13,0
DA:14,0
DA:15,0
DA:16,0
DA:17,0
DA:18,0
DA:19,0
DA:20,0
DA:21,0
DA:22,0
DA:23,0
DA:24,0
DA:25,0
DA:26,0
DA:27,0
DA:28,0
DA:29,0
DA:30,0
DA:31,0
DA:32,0
DA:33,0
DA:34,0
DA:35,0
DA:36,0
DA:37,0
DA:38,0
DA:39,0
DA:40,0
DA:41,0
DA:42,0
DA:43,0
DA:44,0
DA:45,0
DA:46,0
DA:47,0
DA:48,0
DA:49,0
DA:50,0
DA:51,0
DA:52,0
DA:53,0
DA:54,0
DA:55,0
DA:56,0
DA:57,0
DA:58,0
DA:59,0
DA:60,0
DA:61,0
DA:62,0
DA:63,0
DA:64,0
DA:65,0
DA:66,0
DA:67,0
DA:68,0
DA:69,0
DA:70,0
DA:71,0
DA:72,0
DA:73,0
DA:74,0
LF:74
LH:0
BRDA:1,0,0,0
BRF:1
BRH:0
end_of_record
TN:
SF:apps/cli/dist/stacks/serverless/templates/web/app.js
FN:1,(empty-report)
FNF:1
FNH:0
FNDA:0,(empty-report)
DA:1,0
DA:2,0
DA:3,0
DA:4,0
DA:5,0
DA:6,0
DA:7,0
DA:8,0
DA:9,0
DA:10,0
DA:11,0
DA:12,0
DA:13,0
DA:14,0
DA:15,0
DA:16,0
DA:17,0
DA:18,0
DA:19,0
DA:20,0
DA:21,0
DA:22,0
DA:23,0
DA:24,0
DA:25,0
DA:26,0
DA:27,0
DA:28,0
DA:29,0
DA:30,0
DA:31,0
DA:32,0
LF:32
LH:0
BRDA:1,0,0,0
BRF:1
BRH:0
end_of_record
TN:
SF:apps/cli/dist/stacks/spring-react/templates/frontend/server.js
FN:1,(empty-report)
FNF:1
FNH:0
FNDA:0,(empty-report)
DA:1,0
DA:2,0
DA:3,0
DA:4,0
DA:5,0
DA:6,0
DA:7,0
DA:8,0
DA:9,0
DA:10,0
DA:11,0
DA:12,0
DA:13,0
DA:14,0
DA:15,0
DA:16,0
DA:17,0
DA:18,0
DA:19,0
DA:20,0
DA:21,0
DA:22,0
DA:23,0
DA:24,0
DA:25,0
DA:26,0
DA:27,0
DA:28,0
DA:29,0
DA:30,0
DA:31,0
DA:32,0
DA:33,0
DA:34,0
DA:35,0
DA:36,0
DA:37,0
DA:38,0
DA:39,0
DA:40,0
DA:41,0
DA:42,0
DA:43,0
DA:44,0
DA:45,0
DA:46,0
DA:47,0
DA:48,0
DA:49,0
DA:50,0
DA:51,0
DA:52,0
DA:53,0
DA:54,0
DA:55,0
DA:56,0
DA:57,0
DA:58,0
DA:59,0
DA:60,0
DA:61,0
DA:62,0
DA:63,0
DA:64,0
DA:65,0
DA:66,0
DA:67,0
DA:68,0
DA:69,0
DA:70,0
DA:71,0
DA:72,0
DA:73,0
DA:74,0
DA:75,0
DA:76,0
DA:77,0
DA:78,0
DA:79,0
DA:80,0
DA:81,0
DA:82,0
LF:82
LH:0
BRDA:1,0,0,0
BRF:1
BRH:0
end_of_record
TN:
SF:apps/cli/dist/stacks/spring-react/templates/frontend/vite.config.js
FN:1,(empty-report)
FNF:1
FNH:0
FNDA:0,(empty-report)
DA:1,0
DA:2,0
DA:3,0
DA:4,0
DA:5,0
DA:6,0
DA:7,0
DA:8,0
DA:9,0
DA:10,0
DA:11,0
DA:12,0
DA:13,0
DA:14,0
LF:14
LH:0
BRDA:1,0,0,0
BRF:1
BRH:0
end_of_record
TN:
SF:apps/cli/src/clean-prompt.ts
FN:3,isCleanConfirmed
FN:7,confirmProjectClean
FN:3,isCleanConfirmed
FN:7,confirmProjectClean
FNF:4
FNH:2
FNDA:10,isCleanConfirmed
FNDA:0,confirmProjectClean
FNDA:10,isCleanConfirmed
FNDA:0,confirmProjectClean
DA:1,2
DA:2,2
DA:3,2
DA:4,10
DA:5,10
DA:6,2
DA:7,1
DA:8,0
DA:9,0
DA:10,0
DA:11,0
DA:12,0
DA:13,0
DA:14,0
DA:15,0
DA:16,0
DA:17,0
LF:17
LH:7
BRDA:3,0,0,10
BRF:1
BRH:1
end_of_record
TN:
SF:apps/cli/src/database-service.ts
FN:18,databaseImage
FN:26,buildDatabaseServiceBlock
FN:26,buildDatabaseServiceBlock
FNF:3
FNH:3
FNDA:17,databaseImage
FNDA:5,buildDatabaseServiceBlock
FNDA:17,buildDatabaseServiceBlock
DA:1,2
DA:2,2
DA:3,2
DA:4,2
DA:5,2
DA:6,2
DA:7,2
DA:8,2
DA:9,2
DA:10,2
DA:11,2
DA:12,2
DA:13,2
DA:14,2
DA:15,2
DA:16,2
DA:17,2
DA:18,17
DA:19,17
DA:20,17
DA:21,17
DA:22,17
DA:23,17
DA:24,17
DA:25,2
DA:26,2
DA:27,17
DA:28,17
DA:29,17
DA:30,6
DA:31,6
DA:32,6
DA:33,6
DA:34,6
DA:35,6
DA:36,6
DA:37,6
DA:38,6
DA:39,6
DA:40,6
DA:41,6
DA:42,6
DA:43,6
DA:44,6
DA:45,6
DA:46,6
DA:47,6
DA:48,6
DA:49,6
DA:50,6
DA:51,6
DA:52,6
DA:53,6
DA:54,6
DA:55,6
DA:56,6
DA:57,6
DA:58,6
DA:59,17
DA:60,3
DA:61,3
DA:62,3
DA:63,3
DA:64,3
DA:65,3
DA:66,3
DA:67,3
DA:68,3
DA:69,3
DA:70,3
DA:71,3
DA:72,3
DA:73,3
DA:74,3
DA:75,3
DA:76,3
DA:77,3
DA:78,3
DA:79,3
DA:80,3
DA:81,3
DA:82,3
DA:83,3
DA:84,3
DA:85,3
DA:86,3
DA:87,3
DA:88,3
DA:89,3
DA:90,3
DA:91,17
DA:92,3
DA:93,3
DA:94,3
DA:95,3
DA:96,3
DA:97,3
DA:98,3
DA:99,3
DA:100,3
DA:101,3
DA:102,3
DA:103,3
DA:104,3
DA:105,3
DA:106,3
DA:107,3
DA:108,3
DA:109,3
DA:110,3
DA:111,3
DA:112,3
DA:113,3
DA:114,3
DA:115,3
DA:116,3
DA:117,3
DA:118,3
DA:119,3
DA:120,3
DA:121,3
DA:122,3
DA:123,17
DA:124,2
DA:125,2
DA:126,2
DA:127,2
DA:128,2
DA:129,2
DA:130,2
DA:131,2
DA:132,2
DA:133,2
DA:134,2
DA:135,2
DA:136,2
DA:137,2
DA:138,2
DA:139,2
DA:140,2
DA:141,2
DA:142,2
DA:143,2
DA:144,2
DA:145,2
DA:146,2
DA:147,17
DA:148,3
DA:149,3
DA:150,3
DA:151,3
DA:152,3
DA:153,3
DA:154,3
DA:155,3
DA:156,3
DA:157,3
DA:158,3
DA:159,3
DA:160,3
DA:161,3
DA:162,3
DA:163,3
DA:164,3
DA:165,3
DA:166,3
DA:167,3
DA:168,3
DA:169,3
DA:170,3
DA:171,17
DA:172,17
LF:172
LH:172
BRDA:18,0,0,17
BRDA:22,1,0,0
BRDA:21,2,0,17
BRDA:26,3,0,5
BRDA:29,4,0,6
BRDA:59,5,0,3
BRDA:91,6,0,3
BRDA:123,7,0,2
BRDA:147,8,0,3
BRDA:26,9,0,17
BRF:10
BRH:9
end_of_record
TN:
SF:apps/cli/src/doctor-output.ts
FN:3,formatDoctorResults
FN:10,formatDoctorJson
FN:14,doctorExitCode
FN:3,formatDoctorResults
FN:10,formatDoctorJson
FN:14,doctorExitCode
FNF:6
FNH:6
FNDA:1,formatDoctorResults
FNDA:1,formatDoctorJson
FNDA:3,doctorExitCode
FNDA:2,formatDoctorResults
FNDA:2,formatDoctorJson
FNDA:5,doctorExitCode
DA:1,2
DA:2,2
DA:3,2
DA:4,2
DA:5,2
DA:6,11
DA:7,2
DA:8,2
DA:9,2
DA:10,2
DA:11,2
DA:12,2
DA:13,2
DA:14,2
DA:15,5
DA:16,5
LF:16
LH:16
BRDA:3,0,0,1
BRDA:7,1,0,0
BRDA:5,2,0,11
BRDA:6,3,0,3
BRDA:6,4,0,8
BRDA:10,5,0,1
BRDA:14,6,0,3
BRDA:15,7,0,3
BRDA:15,8,0,2
BRDA:15,9,0,20
BRDA:3,10,0,2
BRDA:7,11,0,1
BRDA:6,12,0,4
BRDA:6,13,0,9
BRDA:10,14,0,2
BRDA:14,15,0,5
BRDA:15,16,0,3
BRF:17
BRH:16
end_of_record
TN:
SF:apps/cli/src/index.ts
FN:35,resolveStacksRoot
FN:52,resolveStackSourceDir
FN:77,formatBytes
FN:81,renderCleanPlan
FN:90,withErrorHandling
FN:102,bootstrapProject
FN:108,ensureEnvFileFromExample
FN:127,isPhpTemplate
FN:131,resolveInitTargetDir
FN:140,validateInitOptions
FN:150,resolvePhpDocrootOption
FN:162,copyTemplate
FN:166,filter
FN:180,copyTemplateEntries
FN:194,copyTemplateEntriesIfMissing
FN:213,fileExists2
FN:222,normalizeProjectToken
FN:227,deriveProjectName
FN:232,applyProjectName
FN:243,replaceEnvVariable
FN:248,parseEnvAssignments
FN:274,parseEnvFile
FN:294,hasEnvVariable
FN:299,applyPhpDocroot
FN:323,replaceYamlEnvVariable
FN:328,serviceNameForDbType
FN:344,customizeDbTemplateCredentials
FN:442,applyRuntimeImageSelections
FN:481,applyDatabaseService
FNF:29
FNH:29
FNDA:67,resolveStacksRoot
FNDA:50,resolveStackSourceDir
FNDA:6,formatBytes
FNDA:3,renderCleanPlan
FNDA:1005,withErrorHandling
FNDA:2,bootstrapProject
FNDA:46,ensureEnvFileFromExample
FNDA:63,isPhpTemplate
FNDA:49,resolveInitTargetDir
FNDA:49,validateInitOptions
FNDA:49,resolvePhpDocrootOption
FNDA:37,copyTemplate
FNDA:291,filter
FNDA:9,copyTemplateEntries
FNDA:9,copyTemplateEntriesIfMissing
FNDA:3,fileExists2
FNDA:106,normalizeProjectToken
FNDA:93,deriveProjectName
FNDA:47,applyProjectName
FNDA:268,replaceEnvVariable
FNDA:46,parseEnvAssignments
FNDA:46,parseEnvFile
FNDA:85,hasEnvVariable
FNDA:46,applyPhpDocroot
FNDA:195,replaceYamlEnvVariable
FNDA:65,serviceNameForDbType
FNDA:13,customizeDbTemplateCredentials
FNDA:46,applyRuntimeImageSelections
FNDA:12,applyDatabaseService
DA:1,1
DA:2,1
DA:3,1
DA:4,1
DA:5,1
DA:6,1
DA:7,1
DA:8,1
DA:9,1
DA:10,1
DA:11,1
DA:12,1
DA:13,1
DA:14,1
DA:15,1
DA:16,1
DA:17,1
DA:18,1
DA:19,1
DA:20,1
DA:21,1
DA:22,1
DA:23,1
DA:24,1
DA:25,1
DA:26,1
DA:27,1
DA:28,1
DA:29,1
DA:30,1
DA:31,1
DA:32,1
DA:33,1
DA:34,1
DA:35,67
DA:36,67
DA:37,67
DA:38,67
DA:39,67
DA:40,67
DA:41,67
DA:42,67
DA:43,67
DA:44,67
DA:45,67
DA:46,0
DA:47,0
DA:48,0
DA:49,1
DA:50,1
DA:51,1
DA:52,50
DA:53,50
DA:54,50
DA:55,50
DA:56,0
DA:57,0
DA:58,50
DA:59,0
DA:60,0
DA:61,1
DA:62,1
DA:63,1
DA:64,1
DA:65,1
DA:66,1
DA:67,1
DA:68,1
DA:69,1
DA:70,1
DA:71,1
DA:72,1
DA:73,1
DA:74,1
DA:75,1
DA:76,1
DA:77,6
DA:78,6
DA:79,6
DA:80,1
DA:81,3
DA:82,3
DA:83,3
DA:84,6
DA:85,6
DA:86,3
DA:87,3
DA:88,3
DA:89,1
DA:90,1005
DA:91,1005
DA:92,66
DA:93,66
DA:94,66
DA:95,12
DA:96,12
DA:97,12
DA:98,12
DA:99,66
DA:100,1005
DA:101,1
DA:102,2
DA:103,2
DA:104,2
DA:105,2
DA:106,2
DA:107,1
DA:108,46
DA:109,46
DA:110,46
DA:111,46
DA:112,46
DA:113,46
DA:114,46
DA:115,0
DA:116,0
DA:117,46
DA:118,46
DA:119,46
DA:120,1
DA:121,46
DA:122,45
DA:123,45
DA:124,45
DA:125,46
DA:126,1
DA:127,63
DA:128,63
DA:129,63
DA:130,1
DA:131,49
DA:132,49
DA:133,49
DA:134,1
DA:135,1
DA:136,48
DA:137,48
DA:138,48
DA:139,1
DA:140,49
DA:141,49
DA:142,48
DA:143,48
DA:144,1
DA:145,1
DA:146,0
DA:147,0
DA:148,49
DA:149,1
DA:150,49
DA:151,49
DA:152,34
DA:153,34
DA:154,15
DA:155,15
DA:156,2
DA:157,2
DA:158,13
DA:159,13
DA:160,49
DA:161,1
DA:162,37
DA:163,37
DA:164,37
DA:165,37
DA:166,37
DA:167,291
DA:168,291
DA:169,0
DA:170,0
DA:171,291
DA:172,291
DA:173,0
DA:174,0
DA:175,291
DA:176,291
DA:177,37
DA:178,37
DA:179,1
DA:180,9
DA:181,9
DA:182,9
DA:183,9
DA:184,9
DA:185,9
DA:186,9
DA:187,9
DA:188,9
DA:189,9
DA:190,9
DA:191,9
DA:192,9
DA:193,1
DA:194,9
DA:195,9
DA:196,9
DA:197,9
DA:198,9
DA:199,9
DA:200,12
DA:201,12
DA:202,12
DA:203,3
DA:204,10
DA:205,9
DA:206,9
DA:207,9
DA:208,9
DA:209,9
DA:210,12
DA:211,9
DA:212,1
DA:213,3
DA:214,3
DA:215,3
DA:216,2
DA:217,2
DA:218,1
DA:219,1
DA:220,3
DA:221,1
DA:222,106
DA:223,106
DA:224,106
DA:225,106
DA:226,1
DA:227,93
DA:228,93
DA:229,93
DA:230,93
DA:231,1
DA:232,47
DA:233,47
DA:234,47
DA:235,47
DA:236,47
DA:237,47
DA:238,47
DA:239,46
DA:240,46
DA:241,47
DA:242,1
DA:243,268
DA:244,268
DA:245,268
DA:246,268
DA:247,1
DA:248,46
DA:249,46
DA:250,44
DA:251,44
DA:252,2
DA:253,46
DA:254,46
DA:255,46
DA:256,46
DA:257,2
DA:258,2
DA:259,0
DA:260,0
DA:261,2
DA:262,2
DA:263,2
DA:264,2
DA:265,0
DA:266,0
DA:267,2
DA:268,2
DA:269,2
DA:270,2
DA:271,2
DA:272,2
DA:273,1
DA:274,46
DA:275,46
DA:276,46
DA:277,46
DA:278,472
DA:279,472
DA:280,264
DA:281,264
DA:282,208
DA:283,208
DA:284,472
DA:285,0
DA:286,0
DA:287,208
DA:288,208
DA:289,208
DA:290,46
DA:291,46
DA:292,46
DA:293,1
DA:294,85
DA:295,85
DA:296,85
DA:297,85
DA:298,1
DA:299,46
DA:300,46
DA:301,33
DA:302,33
DA:303,13
DA:304,13
DA:305,0
DA:306,0
DA:307,13
DA:308,13
DA:309,6
DA:310,6
DA:311,6
DA:312,6
DA:313,6
DA:314,7
DA:315,7
DA:316,7
DA:317,7
DA:318,46
DA:319,46
DA:320,7
DA:321,7
DA:322,1
DA:323,195
DA:324,195
DA:325,195
DA:326,195
DA:327,1
DA:328,65
DA:329,65
DA:330,65
DA:331,65
DA:332,4317
DA:333,4317
DA:334,383
DA:335,383
DA:336,4317
DA:337,4317
DA:338,16
DA:339,16
DA:340,4317
DA:341,49
DA:342,49
DA:343,1
DA:344,13
DA:345,13
DA:346,13
DA:347,13
DA:348,13
DA:349,13
DA:350,13
DA:351,13
DA:352,13
DA:353,13
DA:354,13
DA:355,0
DA:356,0
DA:357,13
DA:358,13
DA:359,13
DA:360,13
DA:361,13
DA:362,13
DA:363,13
DA:364,13
DA:365,13
DA:366,13
DA:367,13
DA:368,13
DA:369,13
DA:370,13
DA:371,13
DA:372,13
DA:373,13
DA:374,13
DA:375,13
DA:376,13
DA:377,13
DA:378,13
DA:379,13
DA:380,13
DA:381,13
DA:382,13
DA:383,13
DA:384,13
DA:385,13
DA:386,13
DA:387,195
DA:388,195
DA:389,195
DA:390,13
DA:391,13
DA:392,13
DA:393,0
DA:394,0
DA:395,0
DA:396,0
DA:397,0
DA:398,0
DA:399,0
DA:400,13
DA:401,13
DA:402,13
DA:403,13
DA:404,13
DA:405,13
DA:406,13
DA:407,13
DA:408,13
DA:409,13
DA:410,13
DA:411,13
DA:412,13
DA:413,13
DA:414,13
DA:415,13
DA:416,13
DA:417,13
DA:418,6
DA:419,6
DA:420,6
DA:421,0
DA:422,0
DA:423,0
DA:424,0
DA:425,0
DA:426,0
DA:427,0
DA:428,0
DA:429,6
DA:430,13
DA:431,13
DA:432,13
DA:433,13
DA:434,13
DA:435,13
DA:436,13
DA:437,13
DA:438,13
DA:439,13
DA:440,13
DA:441,1
DA:442,46
DA:443,46
DA:444,46
DA:445,46
DA:446,46
DA:447,46
DA:448,46
DA:449,46
DA:450,46
DA:451,46
DA:452,46
DA:453,0
DA:454,0
DA:455,46
DA:456,46
DA:457,46
DA:458,46
DA:459,46
DA:460,46
DA:461,0
DA:462,0
DA:463,0
DA:464,0
DA:465,0
DA:466,0
DA:467,0
DA:468,46
DA:469,46
DA:470,44
DA:471,44
DA:472,2
DA:473,2
DA:474,2
DA:475,2
DA:476,2
DA:477,2
DA:478,2
DA:479,2
DA:480,1
DA:481,12
DA:482,12
DA:483,12
DA:484,12
DA:485,12
DA:486,12
DA:487,0
DA:488,0
DA:489,12
DA:490,12
DA:491,12
DA:492,12
DA:493,12
DA:494,1
DA:495,1
DA:496,1
DA:497,11
DA:498,11
DA:499,11
DA:500,11
DA:501,11
DA:502,11
DA:503,0
DA:504,0
DA:505,11
DA:506,11
DA:507,11
DA:508,2
DA:509,10
DA:510,9
DA:511,9
DA:512,9
DA:513,9
DA:514,9
DA:515,11
DA:516,11
DA:517,11
DA:518,11
DA:519,11
DA:520,11
DA:521,11
DA:522,11
DA:523,11
DA:524,11
DA:525,53
DA:526,53
DA:527,53
DA:528,53
DA:529,53
DA:530,11
DA:531,11
DA:532,11
DA:533,11
DA:534,12
DA:535,0
DA:536,0
DA:537,12
DA:538,1
DA:539,1
DA:540,1
DA:541,1
DA:542,1
DA:543,1
DA:544,1
DA:545,1
DA:546,1
DA:547,1
DA:548,49
DA:549,2
DA:550,2
DA:551,2
DA:552,2
DA:553,0
DA:554,0
DA:555,0
DA:556,49
DA:557,49
DA:558,49
DA:559,49
DA:560,49
DA:561,49
DA:562,49
DA:563,49
DA:564,49
DA:565,49
DA:566,49
DA:567,49
DA:568,46
DA:569,46
DA:570,9
DA:571,9
DA:572,9
DA:573,9
DA:574,9
DA:575,9
DA:576,46
DA:577,37
DA:578,37
DA:579,46
DA:580,46
DA:581,9
DA:582,9
DA:583,9
DA:584,9
DA:585,9
DA:586,9
DA:587,46
DA:588,46
DA:589,46
DA:590,46
DA:591,46
DA:592,46
DA:593,46
DA:594,46
DA:595,46
DA:596,12
DA:597,46
DA:598,0
DA:599,0
DA:600,0
DA:601,46
DA:602,46
DA:603,13
DA:604,1
DA:605,1
DA:606,12
DA:607,12
DA:608,45
DA:609,49
DA:610,13
DA:611,13
DA:612,45
DA:613,45
DA:614,49
DA:615,49
DA:616,49
DA:617,49
DA:618,45
DA:619,45
DA:620,45
DA:621,1
DA:622,1
DA:623,1
DA:624,1
DA:625,1
DA:626,1
DA:627,1
DA:628,1
DA:629,2
DA:630,2
DA:631,1
DA:632,1
DA:633,0
DA:634,0
DA:635,2
DA:636,2
DA:637,2
DA:638,0
DA:639,0
DA:640,2
DA:641,2
DA:642,2
DA:643,1
DA:644,1
DA:645,1
DA:646,1
DA:647,1
DA:648,1
DA:649,1
DA:650,1
DA:651,1
DA:652,1
DA:653,0
DA:654,0
DA:655,0
DA:656,1
DA:657,1
DA:658,1
DA:659,1
DA:660,1
DA:661,1
DA:662,1
DA:663,1
DA:664,1
DA:665,1
DA:666,1
DA:667,1
DA:668,1
DA:669,1
DA:670,1
DA:671,1
DA:672,1
DA:673,1
DA:674,1
DA:675,1
DA:676,7
DA:677,7
DA:678,7
DA:679,7
DA:680,7
DA:681,1
DA:682,1
DA:683,6
DA:684,6
DA:685,6
DA:686,6
DA:687,1
DA:688,1
DA:689,5
DA:690,5
DA:691,0
DA:692,0
DA:693,5
DA:694,5
DA:695,2
DA:696,1
DA:697,1
DA:698,1
DA:699,2
DA:700,2
DA:701,2
DA:702,2
DA:703,2
DA:704,2
DA:705,1
DA:706,1
DA:707,1
DA:708,3
DA:709,3
DA:710,0
DA:711,0
DA:712,3
DA:713,3
DA:714,3
DA:715,6
DA:716,1
DA:717,5
DA:718,4
DA:719,4
DA:720,1
DA:721,1
DA:722,6
DA:723,3
DA:724,7
DA:725,3
DA:726,3
DA:727,1
DA:728,1
DA:729,1
DA:730,1
DA:731,1
DA:732,1
DA:733,1
DA:734,1
DA:735,1
DA:736,2
DA:737,2
DA:738,2
DA:739,2
DA:740,2
DA:741,2
DA:742,2
DA:743,2
DA:744,2
DA:745,2
DA:746,2
DA:747,2
DA:748,1
DA:749,2
DA:750,1
DA:751,1
DA:752,1
DA:753,1
DA:754,1
DA:755,1
DA:756,1
DA:757,1
DA:758,1
DA:759,1
DA:760,4
DA:761,4
DA:762,4
DA:763,4
DA:764,0
DA:765,0
DA:766,4
DA:767,0
DA:768,0
DA:769,4
DA:770,4
DA:771,0
DA:772,0
DA:773,4
DA:774,4
DA:775,3
DA:776,3
DA:777,2
DA:778,1
DA:779,0
DA:780,0
DA:781,0
DA:782,0
DA:783,1
DA:784,1
DA:785,1
DA:786,1
DA:787,1
DA:788,1
DA:789,1
DA:790,1
DA:791,1
DA:792,1
DA:793,1
DA:794,1
DA:795,0
DA:796,0
DA:797,1
DA:798,1
DA:799,1
DA:800,1
DA:801,1
DA:802,1
DA:803,1
DA:804,1
DA:805,0
DA:806,0
DA:807,1
DA:808,1
DA:809,1
DA:810,1
DA:811,1
DA:812,1
DA:813,1
DA:814,1
DA:815,1
DA:816,0
DA:817,0
DA:818,1
DA:819,1
DA:820,1
DA:821,1
DA:822,1
DA:823,1
DA:824,1
DA:825,1
DA:826,0
DA:827,0
DA:828,0
DA:829,1
DA:830,1
DA:831,1
DA:832,1
DA:833,1
DA:834,1
DA:835,1
DA:836,1
DA:837,0
DA:838,0
DA:839,0
DA:840,1
DA:841,1
DA:842,1
DA:843,1
DA:844,1
DA:845,1
DA:846,1
DA:847,1
DA:848,1
DA:849,0
DA:850,0
DA:851,0
DA:852,1
DA:853,1
DA:854,1
DA:855,1
DA:856,1
DA:857,1
DA:858,1
DA:859,1
DA:860,1
DA:861,1
DA:862,1
DA:863,1
DA:864,1
DA:865,1
DA:866,1
DA:867,1
DA:868,1
DA:869,1
DA:870,1
DA:871,1
DA:872,1
DA:873,1
DA:874,1
DA:875,1
DA:876,1
DA:877,1
DA:878,1
DA:879,1
DA:880,1
DA:881,1
DA:882,1
DA:883,1
DA:884,1
DA:885,0
DA:886,0
DA:887,0
DA:888,0
DA:889,0
DA:890,0
DA:891,0
DA:892,0
DA:893,0
DA:894,0
DA:895,0
DA:896,0
DA:897,0
DA:898,0
DA:899,0
DA:900,1
DA:901,1
DA:902,1
DA:903,1
DA:904,1
DA:905,1
DA:906,1
DA:907,1
DA:908,0
DA:909,0
DA:910,0
DA:911,1
DA:912,1
DA:913,1
DA:914,1
DA:915,1
DA:916,1
DA:917,1
DA:918,1
LF:918
LH:803
BRDA:35,0,0,67
BRDA:45,1,0,0
BRDA:52,2,0,50
BRDA:55,3,0,0
BRDA:58,4,0,0
BRDA:77,5,0,6
BRDA:81,6,0,3
BRDA:83,7,0,6
BRDA:84,8,0,3
BRDA:84,9,0,3
BRDA:86,10,0,0
BRDA:90,11,0,1005
BRDA:91,12,0,66
BRDA:93,13,0,54
BRDA:94,14,0,12
BRDA:95,15,0,0
BRDA:102,16,0,2
BRDA:108,17,0,46
BRDA:114,18,0,0
BRDA:119,19,0,1
BRDA:121,20,0,45
BRDA:127,21,0,63
BRDA:131,22,0,49
BRDA:132,23,0,0
BRDA:133,24,0,2
BRDA:133,25,0,1
BRDA:133,26,0,1
BRDA:135,27,0,48
BRDA:140,28,0,49
BRDA:141,29,0,48
BRDA:143,30,0,1
BRDA:145,31,0,0
BRDA:150,32,0,49
BRDA:151,33,0,34
BRDA:153,34,0,15
BRDA:155,35,0,2
BRDA:157,36,0,13
BRDA:159,37,0,12
BRDA:162,38,0,37
BRDA:166,39,0,291
BRDA:167,40,0,0
BRDA:168,41,0,0
BRDA:172,42,0,0
BRDA:172,43,0,0
BRDA:180,44,0,9
BRDA:194,45,0,9
BRDA:199,46,0,12
BRDA:202,47,0,10
BRDA:202,48,0,3
BRDA:204,49,0,9
BRDA:213,50,0,3
BRDA:215,51,0,2
BRDA:217,52,0,1
BRDA:222,53,0,106
BRDA:224,54,0,0
BRDA:227,55,0,93
BRDA:228,56,0,2
BRDA:228,57,0,91
BRDA:232,58,0,47
BRDA:238,59,0,46
BRDA:243,60,0,268
BRDA:245,61,0,70
BRDA:245,62,0,198
BRDA:248,63,0,46
BRDA:249,64,0,44
BRDA:251,65,0,2
BRDA:253,66,0,0
BRDA:253,67,0,2
BRDA:256,68,0,2
BRDA:258,69,0,0
BRDA:264,70,0,0
BRDA:274,71,0,46
BRDA:277,72,0,472
BRDA:279,73,0,412
BRDA:279,74,0,443
BRDA:279,75,0,264
BRDA:281,76,0,208
BRDA:284,77,0,0
BRDA:286,78,0,208
BRDA:294,79,0,85
BRDA:299,80,0,46
BRDA:300,81,0,33
BRDA:302,82,0,13
BRDA:304,83,0,0
BRDA:308,84,0,6
BRDA:313,85,0,7
BRDA:317,86,0,0
BRDA:319,87,0,7
BRDA:323,88,0,195
BRDA:325,89,0,52
BRDA:328,90,0,65
BRDA:331,91,0,4317
BRDA:333,92,0,383
BRDA:337,93,0,143
BRDA:337,94,0,16
BRDA:337,95,0,16
BRDA:340,96,0,49
BRDA:344,97,0,13
BRDA:354,98,0,0
BRDA:358,99,0,1
BRDA:358,100,0,12
BRDA:386,101,0,195
BRDA:392,102,0,0
BRDA:417,103,0,6
BRDA:420,104,0,0
BRDA:442,105,0,46
BRDA:452,106,0,0
BRDA:459,107,0,2
BRDA:460,108,0,44
BRDA:460,109,0,0
BRDA:469,110,0,44
BRDA:471,111,0,2
BRDA:481,112,0,12
BRDA:486,113,0,0
BRDA:493,114,0,1
BRDA:496,115,0,11
BRDA:502,116,0,0
BRDA:507,117,0,10
BRDA:507,118,0,2
BRDA:509,119,0,9
BRDA:524,120,0,53
BRDA:534,121,0,0
BRDA:547,122,0,49
BRDA:548,123,0,2
BRDA:550,124,0,2
BRDA:552,125,0,0
BRDA:567,126,0,0
BRDA:567,127,0,46
BRDA:569,128,0,9
BRDA:574,129,0,0
BRDA:576,130,0,37
BRDA:577,131,0,0
BRDA:577,132,0,36
BRDA:580,133,0,9
BRDA:595,134,0,12
BRDA:596,135,0,1
BRDA:596,136,0,11
BRDA:597,137,0,34
BRDA:597,138,0,0
BRDA:597,139,0,0
BRDA:602,140,0,13
BRDA:603,141,0,1
BRDA:605,142,0,12
BRDA:607,143,0,45
BRDA:609,144,0,34
BRDA:609,145,0,45
BRDA:609,146,0,13
BRDA:614,147,0,32
BRDA:614,148,0,13
BRDA:617,149,0,45
BRDA:628,150,0,2
BRDA:629,151,0,0
BRDA:630,152,0,1
BRDA:630,153,0,1
BRDA:632,154,0,0
BRDA:637,155,0,0
BRDA:642,156,0,1
BRDA:652,157,0,0
BRDA:675,158,0,7
BRDA:676,159,0,0
BRDA:680,160,0,1
BRDA:682,161,0,6
BRDA:686,162,0,1
BRDA:688,163,0,5
BRDA:690,164,0,0
BRDA:694,165,0,2
BRDA:695,166,0,1
BRDA:699,167,0,0
BRDA:704,168,0,1
BRDA:707,169,0,3
BRDA:709,170,0,0
BRDA:714,171,0,6
BRDA:715,172,0,2
BRDA:715,173,0,5
BRDA:715,174,0,1
BRDA:717,175,0,4
BRDA:719,176,0,1
BRDA:724,177,0,0
BRDA:724,178,0,3
BRDA:726,179,0,1
BRDA:735,180,0,2
BRDA:736,181,0,0
BRDA:739,182,0,0
BRDA:747,183,0,1
BRDA:759,184,0,4
BRDA:760,185,0,0
BRDA:763,186,0,0
BRDA:766,187,0,0
BRDA:770,188,0,0
BRDA:774,189,0,3
BRDA:776,190,0,1
BRDA:776,191,0,2
BRDA:777,192,0,1
BRDA:778,193,0,0
BRDA:860,194,0,1
BRDA:862,195,0,0
BRDA:862,196,0,0
BRDA:870,197,0,1
BRDA:873,198,0,0
BRDA:874,199,0,0
BRDA:874,200,0,0
BRF:201
BRH:147
end_of_record
TN:
SF:apps/cli/src/init-detect.ts
FN:4,pathExists
FN:13,readOptionalFile
FN:21,includesAny
FN:25,detectInitTemplateSuggestion
FN:25,detectInitTemplateSuggestion
FNF:5
FNH:4
FNDA:0,pathExists
FNDA:18,readOptionalFile
FNDA:9,includesAny
FNDA:3,detectInitTemplateSuggestion
FNDA:7,detectInitTemplateSuggestion
DA:1,2
DA:2,2
DA:3,2
DA:4,0
DA:5,0
DA:6,0
DA:7,0
DA:8,0
DA:9,0
DA:10,0
DA:11,0
DA:12,2
DA:13,18
DA:14,18
DA:15,18
DA:16,18
DA:17,11
DA:18,11
DA:19,18
DA:20,2
DA:21,9
DA:22,9
DA:23,9
DA:24,2
DA:25,4
DA:26,7
DA:27,7
DA:28,1
DA:29,1
DA:30,1
DA:31,0
DA:32,0
DA:33,0
DA:34,0
DA:35,0
DA:36,0
DA:37,0
DA:38,0
DA:39,0
DA:40,0
DA:41,0
DA:42,6
DA:43,6
DA:44,7
DA:45,4
DA:46,0
DA:47,0
DA:48,4
DA:49,4
DA:50,4
DA:51,2
DA:52,2
DA:53,4
DA:54,0
DA:55,0
DA:56,0
DA:57,0
DA:58,0
DA:59,0
DA:60,0
DA:61,0
DA:62,0
DA:63,0
DA:64,0
DA:65,0
DA:66,0
DA:67,0
DA:68,2
DA:69,2
DA:70,4
DA:71,1
DA:72,1
DA:73,0
DA:74,0
DA:75,1
DA:76,1
DA:77,0
DA:78,0
DA:79,1
DA:80,1
DA:81,1
DA:82,1
DA:83,0
DA:84,0
DA:85,0
DA:86,1
DA:87,1
DA:88,7
DA:89,1
DA:90,1
DA:91,0
DA:92,0
DA:93,0
DA:94,0
DA:95,0
DA:96,0
DA:97,7
DA:98,0
DA:99,0
DA:100,0
DA:101,0
DA:102,0
DA:103,0
DA:104,0
DA:105,0
DA:106,0
DA:107,0
DA:108,0
DA:109,0
DA:110,0
LF:110
LH:49
BRDA:13,0,0,18
BRDA:16,1,0,15
BRDA:21,2,0,9
BRDA:22,3,0,17
BRDA:25,4,0,3
BRDA:27,5,0,1
BRDA:45,6,0,0
BRDA:50,7,0,4
BRDA:88,8,0,4
BRDA:97,9,0,4
BRDA:16,10,0,11
BRDA:25,11,0,7
BRDA:31,12,0,0
BRDA:42,13,0,6
BRDA:44,14,0,4
BRDA:51,15,0,2
BRDA:53,16,0,0
BRDA:68,17,0,2
BRDA:70,18,0,1
BRDA:72,19,0,0
BRDA:76,20,0,0
BRDA:83,21,0,0
BRDA:88,22,0,1
BRDA:91,23,0,0
BRDA:97,24,0,0
BRF:25
BRH:17
end_of_record
TN:
SF:apps/cli/src/init-prompt.ts
FN:121,chooseInitTemplate
FN:165,describeInitTemplate
FN:169,chooseInitImageOverrides
FN:232,isValidDbType
FN:236,describeDbType
FN:240,chooseInitDatabases
FN:121,chooseInitTemplate
FN:165,describeInitTemplate
FN:169,chooseInitImageOverrides
FN:232,isValidDbType
FN:240,chooseInitDatabases
FNF:11
FNH:5
FNDA:2,chooseInitTemplate
FNDA:49,describeInitTemplate
FNDA:0,chooseInitImageOverrides
FNDA:13,isValidDbType
FNDA:0,describeDbType
FNDA:0,chooseInitDatabases
FNDA:6,chooseInitTemplate
FNDA:0,describeInitTemplate
FNDA:4,chooseInitImageOverrides
FNDA:0,isValidDbType
FNDA:0,chooseInitDatabases
DA:1,2
DA:2,2
DA:3,2
DA:4,2
DA:5,2
DA:6,2
DA:7,2
DA:8,2
DA:9,2
DA:10,2
DA:11,2
DA:12,2
DA:13,2
DA:14,2
DA:15,2
DA:16,2
DA:17,2
DA:18,2
DA:19,2
DA:20,2
DA:21,2
DA:22,2
DA:23,2
DA:24,2
DA:25,2
DA:26,2
DA:27,2
DA:28,2
DA:29,2
DA:30,2
DA:31,2
DA:32,2
DA:33,2
DA:34,2
DA:35,2
DA:36,2
DA:37,2
DA:38,2
DA:39,2
DA:40,2
DA:41,2
DA:42,2
DA:43,2
DA:44,2
DA:45,2
DA:46,2
DA:47,2
DA:48,2
DA:49,2
DA:50,2
DA:51,2
DA:52,2
DA:53,2
DA:54,2
DA:55,2
DA:56,2
DA:57,2
DA:58,2
DA:59,2
DA:60,2
DA:61,2
DA:62,2
DA:63,2
DA:64,2
DA:65,2
DA:66,2
DA:67,2
DA:68,2
DA:69,2
DA:70,2
DA:71,2
DA:72,2
DA:73,2
DA:74,2
DA:75,2
DA:76,2
DA:77,2
DA:78,2
DA:79,2
DA:80,2
DA:81,2
DA:82,2
DA:83,2
DA:84,2
DA:85,2
DA:86,2
DA:87,2
DA:88,2
DA:89,2
DA:90,2
DA:91,2
DA:92,2
DA:93,2
DA:94,2
DA:95,2
DA:96,2
DA:97,2
DA:98,2
DA:99,2
DA:100,2
DA:101,2
DA:102,2
DA:103,2
DA:104,2
DA:105,2
DA:106,2
DA:107,2
DA:108,2
DA:109,2
DA:110,2
DA:111,2
DA:112,2
DA:113,2
DA:114,2
DA:115,2
DA:116,2
DA:117,2
DA:118,2
DA:119,2
DA:120,2
DA:121,3
DA:122,6
DA:123,6
DA:124,6
DA:125,6
DA:126,6
DA:127,6
DA:128,186
DA:129,6
DA:130,6
DA:131,6
DA:132,3
DA:133,3
DA:134,6
DA:135,6
DA:136,6
DA:137,6
DA:138,6
DA:139,6
DA:140,4
DA:141,6
DA:142,6
DA:143,6
DA:144,2
DA:145,2
DA:146,4
DA:147,4
DA:148,4
DA:149,6
DA:150,2
DA:151,2
DA:152,2
DA:153,4
DA:154,1
DA:155,1
DA:156,1
DA:157,1
DA:158,1
DA:159,1
DA:160,3
DA:161,6
DA:162,6
DA:163,6
DA:164,2
DA:165,2
DA:166,49
DA:167,49
DA:168,2
DA:169,1
DA:170,4
DA:171,4
DA:172,4
DA:173,4
DA:174,4
DA:175,4
DA:176,4
DA:177,4
DA:178,1
DA:179,1
DA:180,3
DA:181,3
DA:182,3
DA:183,3
DA:184,3
DA:185,3
DA:186,3
DA:187,3
DA:188,3
DA:189,3
DA:190,6
DA:191,3
DA:192,3
DA:193,3
DA:194,3
DA:195,1
DA:196,1
DA:197,1
DA:198,2
DA:199,2
DA:200,3
DA:201,1
DA:202,1
DA:203,1
DA:204,1
DA:205,3
DA:206,0
DA:207,0
DA:208,0
DA:209,1
DA:210,1
DA:211,1
DA:212,1
DA:213,1
DA:214,2
DA:215,2
DA:216,2
DA:217,3
DA:218,3
DA:219,4
DA:220,2
DA:221,2
DA:222,2
DA:223,2
DA:224,2
DA:225,2
DA:226,2
DA:227,2
DA:228,2
DA:229,2
DA:230,2
DA:231,2
DA:232,2
DA:233,13
DA:234,13
DA:235,2
DA:236,0
DA:237,0
DA:238,0
DA:239,2
DA:240,1
DA:241,0
DA:242,0
DA:243,0
DA:244,0
DA:245,0
DA:246,0
DA:247,0
DA:248,0
DA:249,0
DA:250,0
DA:251,0
DA:252,0
DA:253,0
DA:254,0
DA:255,0
DA:256,0
DA:257,0
DA:258,0
DA:259,0
DA:260,0
DA:261,0
DA:262,0
DA:263,0
DA:264,0
DA:265,0
DA:266,0
DA:267,0
DA:268,0
DA:269,0
DA:270,0
DA:271,0
DA:272,0
DA:273,0
DA:274,0
DA:275,0
DA:276,0
DA:277,0
DA:278,0
DA:279,0
DA:280,0
DA:281,0
DA:282,0
DA:283,0
DA:284,0
DA:285,0
DA:286,0
DA:287,0
DA:288,0
DA:289,0
DA:290,0
DA:291,0
DA:292,0
DA:293,0
DA:294,0
DA:295,0
LF:295
LH:234
BRDA:121,0,0,2
BRDA:139,1,0,4
BRDA:143,2,0,5
BRDA:143,3,0,5
BRDA:149,4,0,5
BRDA:149,5,0,5
BRDA:151,6,0,4
BRDA:127,7,0,186
BRDA:165,8,0,49
BRDA:166,9,0,0
BRDA:232,10,0,13
BRDA:121,11,0,6
BRDA:131,12,0,3
BRDA:139,13,0,3
BRDA:140,14,0,3
BRDA:143,15,0,2
BRDA:143,16,0,2
BRDA:146,17,0,4
BRDA:149,18,0,2
BRDA:149,19,0,2
BRDA:149,20,0,2
BRDA:152,21,0,2
BRDA:153,22,0,3
BRDA:169,23,0,4
BRDA:176,24,0,0
BRDA:177,25,0,1
BRDA:180,26,0,3
BRDA:187,27,0,0
BRDA:194,28,0,1
BRDA:198,29,0,2
BRDA:200,30,0,1
BRDA:200,31,0,1
BRDA:200,32,0,1
BRDA:205,33,0,0
BRDA:209,34,0,1
BRDA:214,35,0,2
BRDA:216,36,0,3
BRDA:176,37,0,4
BRDA:189,38,0,6
BRF:39
BRH:35
end_of_record
TN:
SF:apps/cli/src/init-template.ts
FN:34,directoryHasFiles
FN:43,clearDirectoryContents
FN:53,fileExists
FN:62,readTextFile
FN:66,runCommand2
FN:100,errorCode
FN:106,errorMessage
FN:110,formatBootstrapError
FN:133,renderGeneratorCommand
FN:141,runStackGeneratorWithDependencies
FN:204,looksLikeDrupalProject
FN:227,looksLikeRailsProject
FN:239,looksLikeWordPressProject
FN:252,looksLikeSymfonyProject
FN:275,prepareInitTarget
FN:127,requiredStackDefinition
FN:141,runStackGeneratorWithDependencies
FN:179,runDrupalCreateProjectWithDependencies
FN:182,runDrupalCreateProject
FN:184,runWordPressCreateProjectWithDependencies
FN:187,runWordPressCreateProject
FN:189,runRailsCreateProjectWithDependencies
FN:192,runRailsCreateProject
FN:194,runRailsHotwireCreateProjectWithDependencies
FN:197,runRailsHotwireCreateProject
FN:199,runSymfonyCreateProjectWithDependencies
FN:202,runSymfonyCreateProject
FN:275,prepareInitTarget
FNF:28
FNH:22
FNDA:49,directoryHasFiles
FNDA:1,clearDirectoryContents
FNDA:19,fileExists
FNDA:0,readTextFile
FNDA:8,runCommand2
FNDA:23,errorCode
FNDA:15,errorMessage
FNDA:15,formatBootstrapError
FNDA:39,renderGeneratorCommand
FNDA:8,runStackGeneratorWithDependencies
FNDA:3,looksLikeDrupalProject
FNDA:5,looksLikeRailsProject
FNDA:5,looksLikeWordPressProject
FNDA:3,looksLikeSymfonyProject
FNDA:49,prepareInitTarget
FNDA:15,requiredStackDefinition
FNDA:39,runStackGeneratorWithDependencies
FNDA:3,runDrupalCreateProjectWithDependencies
FNDA:0,runDrupalCreateProject
FNDA:3,runWordPressCreateProjectWithDependencies
FNDA:0,runWordPressCreateProject
FNDA:4,runRailsCreateProjectWithDependencies
FNDA:0,runRailsCreateProject
FNDA:2,runRailsHotwireCreateProjectWithDependencies
FNDA:0,runRailsHotwireCreateProject
FNDA:3,runSymfonyCreateProjectWithDependencies
FNDA:0,runSymfonyCreateProject
FNDA:66,prepareInitTarget
DA:1,2
DA:2,2
DA:3,2
DA:4,2
DA:5,2
DA:6,2
DA:7,2
DA:8,2
DA:9,2
DA:10,2
DA:11,2
DA:12,2
DA:13,2
DA:14,2
DA:15,2
DA:16,2
DA:17,2
DA:18,2
DA:19,2
DA:20,2
DA:21,2
DA:22,2
DA:23,2
DA:24,2
DA:25,2
DA:26,2
DA:27,2
DA:28,2
DA:29,2
DA:30,2
DA:31,2
DA:32,2
DA:33,2
DA:34,49
DA:35,49
DA:36,49
DA:37,49
DA:38,49
DA:39,0
DA:40,0
DA:41,49
DA:42,2
DA:43,1
DA:44,1
DA:45,1
DA:46,1
DA:47,1
DA:48,0
DA:49,0
DA:50,0
DA:51,1
DA:52,2
DA:53,19
DA:54,19
DA:55,19
DA:56,10
DA:57,19
DA:58,9
DA:59,9
DA:60,19
DA:61,2
DA:62,0
DA:63,0
DA:64,0
DA:65,2
DA:66,8
DA:67,8
DA:68,8
DA:69,8
DA:70,8
DA:71,8
DA:72,8
DA:73,8
DA:74,8
DA:75,8
DA:76,0
DA:77,8
DA:78,8
DA:79,8
DA:80,0
DA:81,0
DA:82,0
DA:83,8
DA:84,8
DA:85,8
DA:86,3
DA:87,8
DA:88,8
DA:89,8
DA:90,8
DA:91,5
DA:92,5
DA:93,5
DA:94,3
DA:95,8
DA:96,8
DA:97,8
DA:98,5
DA:99,2
DA:100,23
DA:101,23
DA:102,23
DA:103,20
DA:104,23
DA:105,2
DA:106,15
DA:107,15
DA:108,15
DA:109,2
DA:110,15
DA:111,15
DA:112,15
DA:113,7
DA:114,7
DA:115,7
DA:116,7
DA:117,8
DA:118,8
DA:119,8
DA:120,8
DA:121,8
DA:122,8
DA:123,0
DA:124,0
DA:125,0
DA:126,2
DA:127,16
DA:128,16
DA:129,16
DA:130,16
DA:131,16
DA:132,2
DA:133,39
DA:134,39
DA:135,39
DA:136,39
DA:137,117
DA:138,39
DA:139,39
DA:140,2
DA:141,9
DA:142,39
DA:143,39
DA:144,39
DA:145,39
DA:146,39
DA:147,39
DA:148,39
DA:149,39
DA:150,39
DA:151,39
DA:152,39
DA:153,39
DA:154,39
DA:155,39
DA:156,39
DA:157,39
DA:158,39
DA:159,39
DA:160,39
DA:161,39
DA:162,39
DA:163,39
DA:164,23
DA:165,8
DA:166,8
DA:167,8
DA:168,8
DA:169,15
DA:170,15
DA:171,15
DA:172,15
DA:173,15
DA:174,15
DA:175,15
DA:176,15
DA:177,39
DA:178,2
DA:179,2
DA:180,4
DA:181,4
DA:182,2
DA:183,2
DA:184,2
DA:185,4
DA:186,4
DA:187,2
DA:188,2
DA:189,2
DA:190,5
DA:191,5
DA:192,2
DA:193,2
DA:194,2
DA:195,3
DA:196,3
DA:197,2
DA:198,2
DA:199,2
DA:200,4
DA:201,4
DA:202,2
DA:203,2
DA:204,3
DA:205,3
DA:206,3
DA:207,3
DA:208,3
DA:209,3
DA:210,3
DA:211,3
DA:212,2
DA:213,2
DA:214,1
DA:215,1
DA:216,1
DA:217,1
DA:218,0
DA:219,0
DA:220,0
DA:221,0
DA:222,0
DA:223,0
DA:224,0
DA:225,3
DA:226,2
DA:227,5
DA:228,5
DA:229,5
DA:230,5
DA:231,5
DA:232,5
DA:233,5
DA:234,3
DA:235,2
DA:236,5
DA:237,5
DA:238,2
DA:239,5
DA:240,5
DA:241,5
DA:242,5
DA:243,5
DA:244,5
DA:245,5
DA:246,4
DA:247,2
DA:248,1
DA:249,5
DA:250,5
DA:251,2
DA:252,3
DA:253,3
DA:254,3
DA:255,3
DA:256,3
DA:257,3
DA:258,3
DA:259,3
DA:260,2
DA:261,2
DA:262,1
DA:263,1
DA:264,1
DA:265,1
DA:266,0
DA:267,0
DA:268,0
DA:269,0
DA:270,0
DA:271,0
DA:272,0
DA:273,3
DA:274,2
DA:275,50
DA:276,66
DA:277,66
DA:278,66
DA:279,66
DA:280,66
DA:281,66
DA:282,66
DA:283,66
DA:284,66
DA:285,66
DA:286,6
DA:287,3
DA:288,2
DA:289,2
DA:290,2
DA:291,2
DA:292,2
DA:293,2
DA:294,1
DA:295,1
DA:296,1
DA:297,1
DA:298,1
DA:299,3
DA:300,5
DA:301,6
DA:302,2
DA:303,2
DA:304,60
DA:305,63
DA:306,8
DA:307,5
DA:308,4
DA:309,4
DA:310,4
DA:311,4
DA:312,4
DA:313,4
DA:314,1
DA:315,1
DA:316,1
DA:317,1
DA:318,1
DA:319,3
DA:320,5
DA:321,8
DA:322,2
DA:323,2
DA:324,52
DA:325,58
DA:326,6
DA:327,3
DA:328,2
DA:329,2
DA:330,2
DA:331,2
DA:332,2
DA:333,2
DA:334,1
DA:335,1
DA:336,1
DA:337,1
DA:338,1
DA:339,3
DA:340,5
DA:341,6
DA:342,2
DA:343,2
DA:344,46
DA:345,55
DA:346,4
DA:347,2
DA:348,1
DA:349,1
DA:350,1
DA:351,1
DA:352,1
DA:353,1
DA:354,1
DA:355,1
DA:356,1
DA:357,1
DA:358,1
DA:359,2
DA:360,4
DA:361,4
DA:362,2
DA:363,2
DA:364,42
DA:365,54
DA:366,5
DA:367,3
DA:368,2
DA:369,2
DA:370,2
DA:371,2
DA:372,2
DA:373,2
DA:374,1
DA:375,1
DA:376,1
DA:377,1
DA:378,1
DA:379,2
DA:380,4
DA:381,5
DA:382,2
DA:383,2
DA:384,2
DA:385,2
DA:386,2
DA:387,2
DA:388,37
DA:389,66
DA:390,2
DA:391,2
DA:392,2
DA:393,2
DA:394,2
DA:395,2
DA:396,2
DA:397,35
DA:398,35
DA:399,3
DA:400,3
DA:401,3
DA:402,3
DA:403,3
DA:404,3
DA:405,32
DA:406,32
DA:407,32
LF:407
LH:378
BRDA:34,0,0,49
BRDA:38,1,0,0
BRDA:43,2,0,1
BRDA:47,3,0,0
BRDA:45,4,0,2
BRDA:46,5,0,2
BRDA:53,6,0,19
BRDA:55,7,0,18
BRDA:57,8,0,9
BRDA:66,9,0,8
BRDA:97,10,0,5
BRDA:67,11,0,8
BRDA:85,12,0,3
BRDA:89,13,0,8
BRDA:90,14,0,5
BRDA:93,15,0,3
BRDA:95,16,0,0
BRDA:100,17,0,23
BRDA:102,18,0,20
BRDA:133,19,0,39
BRDA:134,20,0,0
BRDA:136,21,0,117
BRDA:141,22,0,8
BRDA:146,23,0,0
BRDA:152,24,0,31
BRDA:156,25,0,33
BRDA:156,26,0,37
BRDA:162,27,0,36
BRDA:163,28,0,34
BRDA:168,29,0,20
BRDA:153,30,0,16
BRDA:204,31,0,3
BRDA:213,32,0,2
BRDA:227,33,0,5
BRDA:234,34,0,2
BRDA:239,35,0,5
BRDA:246,36,0,2
BRDA:247,37,0,1
BRDA:252,38,0,3
BRDA:259,39,0,2
BRDA:261,40,0,2
BRDA:275,41,0,49
BRDA:285,42,0,6
BRDA:286,43,0,3
BRDA:293,44,0,1
BRDA:298,45,0,5
BRDA:301,46,0,4
BRDA:303,47,0,63
BRDA:305,48,0,8
BRDA:306,49,0,5
BRDA:313,50,0,1
BRDA:318,51,0,5
BRDA:321,52,0,4
BRDA:323,53,0,58
BRDA:325,54,0,6
BRDA:326,55,0,3
BRDA:333,56,0,1
BRDA:338,57,0,5
BRDA:341,58,0,4
BRDA:343,59,0,55
BRDA:345,60,0,4
BRDA:346,61,0,2
BRDA:363,62,0,54
BRDA:365,63,0,5
BRDA:366,64,0,4
BRDA:373,65,0,1
BRDA:381,66,0,4
BRDA:387,67,0,52
BRDA:389,68,0,20
BRDA:389,69,0,52
BRDA:389,70,0,2
BRDA:396,71,0,51
BRDA:398,72,0,3
BRDA:404,73,0,49
BRDA:300,74,0,5
BRDA:320,75,0,5
BRDA:340,76,0,5
BRDA:360,77,0,4
BRDA:380,78,0,4
BRDA:56,79,0,10
BRDA:102,80,0,8
BRDA:103,81,0,15
BRDA:106,82,0,15
BRDA:107,83,0,0
BRDA:110,84,0,15
BRDA:111,85,0,0
BRDA:112,86,0,7
BRDA:117,87,0,8
BRDA:123,88,0,0
BRDA:127,89,0,15
BRDA:129,90,0,0
BRDA:141,91,0,39
BRDA:147,92,0,8
BRDA:152,93,0,0
BRDA:156,94,0,9
BRDA:156,95,0,30
BRDA:163,96,0,16
BRDA:163,97,0,23
BRDA:164,98,0,8
BRDA:169,99,0,15
BRDA:179,100,0,3
BRDA:184,101,0,3
BRDA:189,102,0,4
BRDA:194,103,0,2
BRDA:199,104,0,3
BRDA:208,105,0,2
BRDA:211,106,0,2
BRDA:218,107,0,0
BRDA:231,108,0,3
BRDA:233,109,0,3
BRDA:234,110,0,0
BRDA:243,111,0,4
BRDA:245,112,0,4
BRDA:246,113,0,1
BRDA:247,114,0,0
BRDA:256,115,0,2
BRDA:259,116,0,1
BRDA:259,117,0,2
BRDA:266,118,0,0
BRDA:275,119,0,66
BRDA:282,120,0,49
BRDA:287,121,0,2
BRDA:299,122,0,3
BRDA:300,123,0,2
BRDA:302,124,0,2
BRDA:304,125,0,60
BRDA:307,126,0,4
BRDA:319,127,0,3
BRDA:320,128,0,2
BRDA:322,129,0,2
BRDA:324,130,0,52
BRDA:327,131,0,2
BRDA:339,132,0,3
BRDA:340,133,0,2
BRDA:342,134,0,2
BRDA:344,135,0,46
BRDA:347,136,0,1
BRDA:359,137,0,2
BRDA:360,138,0,1
BRDA:362,139,0,2
BRDA:364,140,0,42
BRDA:366,141,0,3
BRDA:367,142,0,2
BRDA:379,143,0,2
BRDA:380,144,0,1
BRDA:382,145,0,2
BRDA:388,146,0,37
BRDA:389,147,0,36
BRDA:393,148,0,1
BRDA:405,149,0,32
BRDA:300,150,0,2
BRDA:320,151,0,2
BRDA:340,152,0,2
BRDA:360,153,0,1
BRDA:380,154,0,1
BRF:155
BRH:141
end_of_record
TN:
SF:apps/cli/src/project-clean.ts
FN:43,readdir
FN:60,dependencies
FN:64,isKnownProtectedFile
FN:70,assertSafeRelativePath2
FN:78,containsPath
FN:82,assertNotProtected
FN:88,containedTarget
FN:97,optionalLstat
FN:106,validatePathChain
FN:117,inspectTree
FN:140,discoverProjectManifests
FN:146,walk
FN:167,getProtectedPaths
FN:182,validateAllDeclarations
FN:195,planProjectClean
FN:216,applyProjectClean
FN:43,readdir
FN:195,planProjectClean
FN:216,applyProjectClean
FNF:19
FNH:19
FNDA:9,readdir
FNDA:36,dependencies
FNDA:178,isKnownProtectedFile
FNDA:87,assertSafeRelativePath2
FNDA:394,containsPath
FNDA:80,assertNotProtected
FNDA:75,containedTarget
FNDA:84,optionalLstat
FNDA:44,validatePathChain
FNDA:72,inspectTree
FNDA:15,discoverProjectManifests
FNDA:29,walk
FNDA:15,getProtectedPaths
FNDA:51,validateAllDeclarations
FNDA:4,planProjectClean
FNDA:1,applyProjectClean
FNDA:66,readdir
FNDA:29,planProjectClean
FNDA:7,applyProjectClean
DA:1,2
DA:2,2
DA:3,2
DA:4,2
DA:5,2
DA:6,2
DA:7,2
DA:8,2
DA:9,2
DA:10,2
DA:11,2
DA:12,2
DA:13,2
DA:14,2
DA:15,2
DA:16,2
DA:17,2
DA:18,2
DA:19,2
DA:20,2
DA:21,2
DA:22,2
DA:23,2
DA:24,2
DA:25,2
DA:26,2
DA:27,2
DA:28,2
DA:29,2
DA:30,2
DA:31,2
DA:32,2
DA:33,2
DA:34,2
DA:35,2
DA:36,2
DA:37,2
DA:38,2
DA:39,2
DA:40,2
DA:41,2
DA:42,2
DA:43,2
DA:44,2
DA:45,2
DA:46,2
DA:47,2
DA:48,2
DA:49,2
DA:50,2
DA:51,2
DA:52,2
DA:53,2
DA:54,2
DA:55,2
DA:56,2
DA:57,2
DA:58,2
DA:59,2
DA:60,36
DA:61,36
DA:62,36
DA:63,2
DA:64,178
DA:65,178
DA:66,178
DA:67,178
DA:68,178
DA:69,2
DA:70,87
DA:71,87
DA:72,87
DA:73,87
DA:74,7
DA:75,7
DA:76,87
DA:77,2
DA:78,394
DA:79,394
DA:80,394
DA:81,2
DA:82,80
DA:83,80
DA:84,7
DA:85,7
DA:86,80
DA:87,2
DA:88,75
DA:89,75
DA:90,75
DA:91,75
DA:92,0
DA:93,0
DA:94,75
DA:95,75
DA:96,2
DA:97,84
DA:98,84
DA:99,84
DA:100,84
DA:101,9
DA:102,0
DA:103,0
DA:104,84
DA:105,2
DA:106,44
DA:107,44
DA:108,44
DA:109,53
DA:110,53
DA:111,53
DA:112,53
DA:113,53
DA:114,31
DA:115,31
DA:116,2
DA:117,72
DA:118,72
DA:119,72
DA:120,72
DA:121,72
DA:122,72
DA:123,72
DA:124,72
DA:125,72
DA:126,72
DA:127,72
DA:128,72
DA:129,37
DA:130,37
DA:131,67
DA:132,41
DA:133,41
DA:134,41
DA:135,41
DA:136,41
DA:137,37
DA:138,37
DA:139,2
DA:140,15
DA:141,15
DA:142,15
DA:143,15
DA:144,15
DA:145,15
DA:146,15
DA:147,29
DA:148,29
DA:149,149
DA:150,149
DA:151,149
DA:152,36
DA:153,36
DA:154,113
DA:155,113
DA:156,113
DA:157,113
DA:158,113
DA:159,149
DA:160,98
DA:161,149
DA:162,29
DA:163,15
DA:164,15
DA:165,15
DA:166,2
DA:167,15
DA:168,15
DA:169,15
DA:170,15
DA:171,15
DA:172,15
DA:173,15
DA:174,15
DA:175,15
DA:176,15
DA:177,15
DA:178,15
DA:179,15
DA:180,15
DA:181,2
DA:182,51
DA:183,51
DA:184,51
DA:185,87
DA:186,87
DA:187,87
DA:188,0
DA:189,0
DA:190,87
DA:191,73
DA:192,73
DA:193,37
DA:194,2
DA:195,5
DA:196,29
DA:197,29
DA:198,29
DA:199,29
DA:200,29
DA:201,29
DA:202,29
DA:203,29
DA:204,15
DA:205,15
DA:206,15
DA:207,29
DA:208,28
DA:209,28
DA:210,28
DA:211,28
DA:212,28
DA:213,12
DA:214,12
DA:215,2
DA:216,2
DA:217,7
DA:218,7
DA:219,7
DA:220,7
DA:221,7
DA:222,7
DA:223,7
DA:224,7
DA:225,7
DA:226,7
DA:227,7
DA:228,16
DA:229,16
DA:230,16
DA:231,3
DA:232,3
DA:233,3
DA:234,16
DA:235,12
DA:236,12
DA:237,12
DA:238,12
DA:239,12
DA:240,12
DA:241,6
DA:242,6
LF:242
LH:236
BRDA:43,0,0,9
BRDA:60,1,0,36
BRDA:64,2,0,178
BRDA:66,3,0,174
BRDA:66,4,0,170
BRDA:66,5,0,166
BRDA:66,6,0,162
BRDA:67,7,0,162
BRDA:67,8,0,162
BRDA:70,9,0,87
BRDA:73,10,0,7
BRDA:73,11,0,101
BRDA:78,12,0,394
BRDA:82,13,0,80
BRDA:83,14,0,7
BRDA:83,15,0,394
BRDA:88,16,0,75
BRDA:91,17,0,0
BRDA:97,18,0,84
BRDA:100,19,0,73
BRDA:101,20,0,5
BRDA:106,21,0,44
BRDA:111,22,0,49
BRDA:111,23,0,9
BRDA:112,24,0,4
BRDA:113,25,0,39
BRDA:117,26,0,72
BRDA:126,27,0,2
BRDA:127,28,0,67
BRDA:128,29,0,0
BRDA:128,30,0,67
BRDA:140,31,0,15
BRDA:146,32,0,29
BRDA:148,33,0,149
BRDA:149,34,0,110
BRDA:150,35,0,145
BRDA:150,36,0,145
BRDA:150,37,0,145
BRDA:151,38,0,36
BRDA:153,39,0,140
BRDA:158,40,0,1
BRDA:158,41,0,140
BRDA:159,42,0,14
BRDA:159,43,0,140
BRDA:160,44,0,62
BRDA:147,45,0,177
BRDA:151,46,0,247
BRDA:151,47,0,242
BRDA:167,48,0,15
BRDA:173,49,0,28
BRDA:182,50,0,51
BRDA:184,51,0,87
BRDA:187,52,0,0
BRDA:190,53,0,0
BRDA:195,54,0,4
BRDA:207,55,0,28
BRDA:209,56,0,27
BRDA:210,57,0,24
BRDA:210,58,0,23
BRDA:212,59,0,28
BRDA:198,60,0,42
BRDA:207,61,0,16
BRDA:213,62,0,15
BRDA:216,63,0,1
BRDA:222,64,0,0
BRDA:227,65,0,16
BRDA:230,66,0,15
BRDA:234,67,0,0
BRDA:234,68,0,15
BRDA:227,69,0,10
BRDA:43,70,0,66
BRDA:66,71,0,162
BRDA:66,72,0,145
BRDA:66,73,0,128
BRDA:66,74,0,111
BRDA:67,75,0,111
BRDA:67,76,0,111
BRDA:72,77,0,86
BRDA:72,78,0,85
BRDA:72,79,0,84
BRDA:72,80,0,84
BRDA:72,81,0,83
BRDA:73,82,0,82
BRDA:73,83,0,81
BRDA:79,84,0,393
BRDA:83,85,0,75
BRDA:100,86,0,9
BRDA:102,87,0,0
BRDA:108,88,0,53
BRDA:112,89,0,44
BRDA:114,90,0,31
BRDA:127,91,0,70
BRDA:127,92,0,33
BRDA:128,93,0,37
BRDA:129,94,0,37
BRDA:131,95,0,41
BRDA:137,96,0,37
BRDA:130,97,0,9
BRDA:149,98,0,18
BRDA:149,99,0,131
BRDA:150,100,0,134
BRDA:150,101,0,134
BRDA:150,102,0,134
BRDA:154,103,0,113
BRDA:159,104,0,112
BRDA:160,105,0,98
BRDA:151,106,0,226
BRDA:190,107,0,73
BRDA:191,108,0,73
BRDA:193,109,0,37
BRDA:195,110,0,29
BRDA:204,111,0,15
BRDA:210,112,0,25
BRDA:210,113,0,19
BRDA:210,114,0,6
BRDA:213,115,0,12
BRDA:213,116,0,24
BRDA:216,117,0,7
BRDA:230,118,0,15
BRDA:230,119,0,3
BRDA:234,120,0,12
BRDA:235,121,0,12
BRDA:241,122,0,6
BRF:123
BRH:116
end_of_record
TN:
SF:apps/cli/src/project-doctor.ts
FN:57,result
FN:61,dependencyRoots
FN:74,dependencyFiles
FN:90,parsePortMapping
FN:105,manifestCheck
FN:117,imagesCheck
FN:120,addDefinitionImages
FN:145,podmanCheck
FN:153,architectureCheck
FN:161,lockfilesCheck
FN:178,dependenciesCheck
FN:193,parsedServicePorts
FN:207,portsCheck
FN:235,routesCheck
FN:245,hostsCheck
FN:252,defaultPathState
FN:263,defaultPortAvailable
FN:275,defaultDoctorProbes
FN:278,architecture
FN:281,runningContainers
FN:290,hostsWritable
FN:297,runProjectDoctor
FN:120,addDefinitionImages
FN:275,defaultDoctorProbes
FN:297,runProjectDoctor
FNF:25
FNH:24
FNDA:252,result
FNDA:28,dependencyRoots
FNDA:28,dependencyFiles
FNDA:31,parsePortMapping
FNDA:28,manifestCheck
FNDA:28,imagesCheck
FNDA:28,addDefinitionImages
FNDA:28,podmanCheck
FNDA:28,architectureCheck
FNDA:28,lockfilesCheck
FNDA:28,dependenciesCheck
FNDA:28,parsedServicePorts
FNDA:28,portsCheck
FNDA:28,routesCheck
FNDA:28,hostsCheck
FNDA:2,defaultPathState
FNDA:2,defaultPortAvailable
FNDA:2,defaultDoctorProbes
FNDA:2,architecture
FNDA:2,runningContainers
FNDA:2,hostsWritable
FNDA:2,runProjectDoctor
FNDA:29,addDefinitionImages
FNDA:0,defaultDoctorProbes
FNDA:28,runProjectDoctor
DA:1,2
DA:2,2
DA:3,2
DA:4,2
DA:5,2
DA:6,2
DA:7,2
DA:8,2
DA:9,2
DA:10,2
DA:11,2
DA:12,2
DA:13,2
DA:14,2
DA:15,2
DA:16,2
DA:17,2
DA:18,2
DA:19,2
DA:20,2
DA:21,2
DA:22,2
DA:23,2
DA:24,2
DA:25,2
DA:26,2
DA:27,2
DA:28,2
DA:29,2
DA:30,2
DA:31,2
DA:32,2
DA:33,2
DA:34,2
DA:35,2
DA:36,2
DA:37,2
DA:38,2
DA:39,2
DA:40,2
DA:41,2
DA:42,2
DA:43,2
DA:44,2
DA:45,2
DA:46,2
DA:47,2
DA:48,2
DA:49,2
DA:50,2
DA:51,2
DA:52,2
DA:53,2
DA:54,2
DA:55,2
DA:56,2
DA:57,252
DA:58,252
DA:59,252
DA:60,2
DA:61,28
DA:62,28
DA:63,27
DA:64,27
DA:65,27
DA:66,29
DA:67,29
DA:68,29
DA:69,29
DA:70,29
DA:71,27
DA:72,27
DA:73,2
DA:74,28
DA:75,28
DA:76,28
DA:77,29
DA:78,29
DA:79,29
DA:80,29
DA:81,29
DA:82,73
DA:83,73
DA:84,29
DA:85,29
DA:86,28
DA:87,28
DA:88,2
DA:89,2
DA:90,31
DA:91,31
DA:92,31
DA:93,31
DA:94,31
DA:95,31
DA:96,31
DA:97,31
DA:98,30
DA:99,31
DA:100,30
DA:101,29
DA:102,31
DA:103,31
DA:104,2
DA:105,28
DA:106,28
DA:107,28
DA:108,26
DA:109,28
DA:110,28
DA:111,28
DA:112,1
DA:113,1
DA:114,23
DA:115,23
DA:116,2
DA:117,28
DA:118,28
DA:119,27
DA:120,27
DA:121,29
DA:122,29
DA:123,29
DA:124,29
DA:125,29
DA:126,29
DA:127,29
DA:128,27
DA:129,27
DA:130,28
DA:131,25
DA:132,2
DA:133,2
DA:134,2
DA:135,25
DA:136,27
DA:137,27
DA:138,27
DA:139,27
DA:140,27
DA:141,26
DA:142,28
DA:143,28
DA:144,2
DA:145,28
DA:146,28
DA:147,27
DA:148,28
DA:149,26
DA:150,23
DA:151,23
DA:152,2
DA:153,28
DA:154,28
DA:155,28
DA:156,27
DA:157,28
DA:158,26
DA:159,28
DA:160,2
DA:161,28
DA:162,28
DA:163,28
DA:164,28
DA:165,29
DA:166,145
DA:167,29
DA:168,137
DA:169,145
DA:170,28
DA:171,145
DA:172,29
DA:173,28
DA:174,3
DA:175,28
DA:176,28
DA:177,2
DA:178,28
DA:179,28
DA:180,27
DA:181,28
DA:182,28
DA:183,29
DA:184,29
DA:185,1
DA:186,29
DA:187,29
DA:188,27
DA:189,26
DA:190,28
DA:191,28
DA:192,2
DA:193,28
DA:194,28
DA:195,28
DA:196,28
DA:197,31
DA:198,31
DA:199,31
DA:200,31
DA:201,31
DA:202,31
DA:203,31
DA:204,28
DA:205,28
DA:206,2
DA:207,28
DA:208,28
DA:209,27
DA:210,28
DA:211,30
DA:212,30
DA:213,30
DA:214,30
DA:215,30
DA:216,30
DA:217,30
DA:218,27
DA:219,28
DA:220,1
DA:221,1
DA:222,1
DA:223,26
DA:224,26
DA:225,26
DA:226,28
DA:227,27
DA:228,6
DA:229,6
DA:230,27
DA:231,27
DA:232,28
DA:233,28
DA:234,2
DA:235,28
DA:236,28
DA:237,28
DA:238,27
DA:239,27
DA:240,26
DA:241,27
DA:242,28
DA:243,28
DA:244,2
DA:245,28
DA:246,28
DA:247,26
DA:248,26
DA:249,28
DA:250,28
DA:251,2
DA:252,2
DA:253,2
DA:254,2
DA:255,0
DA:256,0
DA:257,2
DA:258,2
DA:259,0
DA:260,0
DA:261,2
DA:262,2
DA:263,2
DA:264,2
DA:265,2
DA:266,2
DA:267,2
DA:268,2
DA:269,2
DA:270,2
DA:271,2
DA:272,2
DA:273,2
DA:274,2
DA:275,2
DA:276,2
DA:277,2
DA:278,2
DA:279,2
DA:280,2
DA:281,2
DA:282,2
DA:283,2
DA:284,2
DA:285,0
DA:286,0
DA:287,0
DA:288,0
DA:289,2
DA:290,2
DA:291,2
DA:292,2
DA:293,2
DA:294,2
DA:295,2
DA:296,2
DA:297,3
DA:298,28
DA:299,28
DA:300,28
DA:301,28
DA:302,28
DA:303,28
DA:304,28
DA:305,28
DA:306,28
DA:307,28
DA:308,28
DA:309,28
DA:310,28
DA:311,28
LF:311
LH:303
BRDA:57,0,0,252
BRDA:58,1,0,238
BRDA:58,2,0,248
BRDA:61,3,0,28
BRDA:62,4,0,1
BRDA:64,5,0,54
BRDA:65,6,0,29
BRDA:67,7,0,0
BRDA:68,8,0,0
BRDA:70,9,0,27
BRDA:74,10,0,28
BRDA:79,11,0,27
BRDA:81,12,0,73
BRDA:82,13,0,69
BRDA:90,14,0,31
BRDA:92,15,0,29
BRDA:92,16,0,0
BRDA:94,17,0,0
BRDA:95,18,0,29
BRDA:96,19,0,29
BRDA:96,20,0,0
BRDA:97,21,0,1
BRDA:99,22,0,0
BRDA:100,23,0,29
BRDA:97,24,0,60
BRDA:99,25,0,59
BRDA:105,26,0,28
BRDA:106,27,0,1
BRDA:107,28,0,1
BRDA:109,29,0,1
BRDA:110,30,0,1
BRDA:111,31,0,1
BRDA:117,32,0,28
BRDA:118,33,0,1
BRDA:131,34,0,2
BRDA:140,35,0,26
BRDA:120,36,0,27
BRDA:123,37,0,0
BRDA:138,38,0,30
BRDA:145,39,0,28
BRDA:146,40,0,1
BRDA:148,41,0,26
BRDA:153,42,0,28
BRDA:155,43,0,1
BRDA:157,44,0,26
BRDA:161,45,0,28
BRDA:165,46,0,145
BRDA:166,47,0,116
BRDA:166,48,0,137
BRDA:169,49,0,1
BRDA:169,50,0,137
BRDA:170,51,0,2
BRDA:173,52,0,26
BRDA:175,53,0,26
BRDA:175,54,0,26
BRDA:175,55,0,26
BRDA:167,56,0,174
BRDA:178,57,0,28
BRDA:179,58,0,1
BRDA:184,59,0,27
BRDA:186,60,0,27
BRDA:186,61,0,1
BRDA:188,62,0,26
BRDA:182,63,0,54
BRDA:193,64,0,28
BRDA:198,65,0,29
BRDA:200,66,0,29
BRDA:207,67,0,28
BRDA:208,68,0,1
BRDA:212,69,0,1
BRDA:219,70,0,1
BRDA:227,71,0,21
BRDA:232,72,0,26
BRDA:218,73,0,28
BRDA:223,74,0,28
BRDA:223,75,0,28
BRDA:223,76,0,26
BRDA:228,77,0,6
BRDA:229,78,0,7
BRDA:235,79,0,28
BRDA:237,80,0,26
BRDA:239,81,0,1
BRDA:240,82,0,1
BRDA:242,83,0,26
BRDA:240,84,0,26
BRDA:245,85,0,28
BRDA:246,86,0,2
BRDA:247,87,0,26
BRDA:252,88,0,2
BRDA:254,89,0,0
BRDA:258,90,0,0
BRDA:263,91,0,2
BRDA:264,92,0,2
BRDA:267,93,0,2
BRDA:269,94,0,0
BRDA:275,95,0,2
BRDA:278,96,0,2
BRDA:281,97,0,2
BRDA:284,98,0,0
BRDA:290,99,0,2
BRDA:291,100,0,0
BRDA:292,101,0,0
BRDA:297,102,0,2
BRDA:58,103,0,44
BRDA:58,104,0,208
BRDA:63,105,0,27
BRDA:70,106,0,25
BRDA:70,107,0,4
BRDA:76,108,0,29
BRDA:79,109,0,0
BRDA:92,110,0,2
BRDA:95,111,0,3
BRDA:95,112,0,28
BRDA:96,113,0,3
BRDA:98,114,0,30
BRDA:100,115,0,30
BRDA:101,116,0,1
BRDA:102,117,0,29
BRDA:107,118,0,27
BRDA:107,119,0,26
BRDA:108,120,0,26
BRDA:110,121,0,25
BRDA:111,122,0,24
BRDA:114,123,0,23
BRDA:119,124,0,27
BRDA:130,125,0,25
BRDA:136,126,0,27
BRDA:141,127,0,2
BRDA:142,128,0,25
BRDA:120,129,0,29
BRDA:137,130,0,5
BRDA:139,131,0,6
BRDA:147,132,0,27
BRDA:148,133,0,3
BRDA:149,134,0,24
BRDA:149,135,0,1
BRDA:150,136,0,23
BRDA:156,137,0,27
BRDA:157,138,0,26
BRDA:158,139,0,1
BRDA:164,140,0,29
BRDA:167,141,0,29
BRDA:168,142,0,25
BRDA:170,143,0,28
BRDA:173,144,0,25
BRDA:174,145,0,3
BRDA:175,146,0,2
BRDA:175,147,0,1
BRDA:175,148,0,2
BRDA:175,149,0,1
BRDA:164,150,0,4
BRDA:174,151,0,3
BRDA:180,152,0,27
BRDA:182,153,0,29
BRDA:184,154,0,26
BRDA:185,155,0,1
BRDA:186,156,0,1
BRDA:188,157,0,27
BRDA:189,158,0,1
BRDA:190,159,0,26
BRDA:196,160,0,31
BRDA:198,161,0,2
BRDA:200,162,0,30
BRDA:200,163,0,1
BRDA:196,164,0,5
BRDA:209,165,0,27
BRDA:210,166,0,30
BRDA:213,167,0,29
BRDA:213,168,0,28
BRDA:218,169,0,27
BRDA:223,170,0,26
BRDA:226,171,0,27
BRDA:228,172,0,6
BRDA:230,173,0,5
BRDA:232,174,0,26
BRDA:232,175,0,5
BRDA:232,176,0,21
BRDA:221,177,0,1
BRDA:223,178,0,1
BRDA:223,179,0,27
BRDA:223,180,0,3
BRDA:237,181,0,0
BRDA:237,182,0,27
BRDA:240,183,0,26
BRDA:242,184,0,1
BRDA:242,185,0,27
BRDA:247,186,0,26
BRDA:248,187,0,23
BRDA:249,188,0,3
BRDA:297,189,0,28
BRDA:298,190,0,2
BRF:191
BRH:176
end_of_record
TN:
SF:apps/cli/src/project-manifest.ts
FN:40,isRecord
FN:44,assertSafeRelativePath
FN:51,assertCommonManifest
FN:57,parseV1
FN:66,parseV2
FN:88,classifyProjectManifestStack
FN:115,sha256File
FN:125,getBaselinePath
FN:129,buildProjectManifest
FN:156,loadProjectManifest
FN:171,writeProjectManifest
FN:88,classifyProjectManifestStack
FN:129,buildProjectManifest
FN:156,loadProjectManifest
FN:171,writeProjectManifest
FNF:15
FNH:15
FNDA:106,isRecord
FNDA:159,assertSafeRelativePath
FNDA:21,assertCommonManifest
FNDA:4,parseV1
FNDA:17,parseV2
FNDA:50,classifyProjectManifestStack
FNDA:107,sha256File
FNDA:106,getBaselinePath
FNDA:47,buildProjectManifest
FNDA:13,loadProjectManifest
FNDA:47,writeProjectManifest
FNDA:40,classifyProjectManifestStack
FNDA:53,buildProjectManifest
FNDA:24,loadProjectManifest
FNDA:51,writeProjectManifest
DA:1,2
DA:2,2
DA:3,2
DA:4,2
DA:5,2
DA:6,2
DA:7,2
DA:8,2
DA:9,2
DA:10,2
DA:11,2
DA:12,2
DA:13,2
DA:14,2
DA:15,2
DA:16,2
DA:17,2
DA:18,2
DA:19,2
DA:20,2
DA:21,2
DA:22,2
DA:23,2
DA:24,2
DA:25,2
DA:26,2
DA:27,2
DA:28,2
DA:29,2
DA:30,2
DA:31,2
DA:32,2
DA:33,2
DA:34,2
DA:35,2
DA:36,2
DA:37,2
DA:38,2
DA:39,2
DA:40,106
DA:41,106
DA:42,106
DA:43,2
DA:44,159
DA:45,159
DA:46,159
DA:47,1
DA:48,1
DA:49,159
DA:50,2
DA:51,21
DA:52,21
DA:53,21
DA:54,21
DA:55,21
DA:56,2
DA:57,4
DA:58,4
DA:59,4
DA:60,3
DA:61,3
DA:62,3
DA:63,4
DA:64,4
DA:65,2
DA:66,17
DA:67,17
DA:68,17
DA:69,17
DA:70,1
DA:71,1
DA:72,16
DA:73,25
DA:74,25
DA:75,0
DA:76,0
DA:77,24
DA:78,24
DA:79,17
DA:80,17
DA:81,17
DA:82,17
DA:83,0
DA:84,0
DA:85,15
DA:86,15
DA:87,2
DA:88,2
DA:89,50
DA:90,50
DA:91,50
DA:92,50
DA:93,0
DA:94,0
DA:95,50
DA:96,50
DA:97,30
DA:98,30
DA:99,42
DA:100,50
DA:101,17
DA:102,17
DA:103,50
DA:104,0
DA:105,0
DA:106,0
DA:107,0
DA:108,0
DA:109,3
DA:110,3
DA:111,3
DA:112,3
DA:113,3
DA:114,2
DA:115,107
DA:116,107
DA:117,107
DA:118,106
DA:119,107
DA:120,1
DA:121,0
DA:122,0
DA:123,107
DA:124,2
DA:125,106
DA:126,106
DA:127,106
DA:128,2
DA:129,48
DA:130,53
DA:131,53
DA:132,53
DA:133,53
DA:134,53
DA:135,53
DA:136,53
DA:137,53
DA:138,107
DA:139,107
DA:140,107
DA:141,107
DA:142,53
DA:143,53
DA:144,53
DA:145,53
DA:146,53
DA:147,53
DA:148,53
DA:149,53
DA:150,53
DA:151,53
DA:152,53
DA:153,53
DA:154,53
DA:155,2
DA:156,14
DA:157,24
DA:158,24
DA:159,24
DA:160,24
DA:161,2
DA:162,0
DA:163,0
DA:164,22
DA:165,24
DA:166,23
DA:167,20
DA:168,1
DA:169,1
DA:170,2
DA:171,48
DA:172,51
DA:173,51
DA:174,51
DA:175,51
DA:176,51
DA:177,51
DA:178,51
DA:179,51
DA:180,51
DA:181,51
DA:182,51
DA:183,51
DA:184,103
DA:185,103
DA:186,103
DA:187,103
DA:188,102
DA:189,102
DA:190,103
DA:191,102
DA:192,103
DA:193,50
DA:194,50
DA:195,50
DA:196,50
DA:197,50
DA:198,50
DA:199,50
DA:200,50
LF:200
LH:185
BRDA:40,0,0,106
BRDA:44,1,0,159
BRDA:46,2,0,1
BRDA:46,3,0,207
BRDA:51,4,0,21
BRDA:54,5,0,0
BRDA:57,6,0,4
BRDA:59,7,0,3
BRDA:61,8,0,0
BRDA:66,9,0,17
BRDA:69,10,0,1
BRDA:72,11,0,25
BRDA:74,12,0,0
BRDA:82,13,0,8
BRDA:82,14,0,0
BRDA:88,15,0,50
BRDA:92,16,0,0
BRDA:95,17,0,48
BRDA:95,18,0,42
BRDA:96,19,0,48
BRDA:96,20,0,30
BRDA:98,21,0,42
BRDA:99,22,0,40
BRDA:99,23,0,42
BRDA:100,24,0,42
BRDA:102,25,0,40
BRDA:103,26,0,40
BRDA:115,27,0,107
BRDA:119,28,0,11
BRDA:125,29,0,106
BRDA:129,30,0,47
BRDA:137,31,0,107
BRDA:149,32,0,40
BRDA:149,33,0,19
BRDA:156,34,0,13
BRDA:159,35,0,23
BRDA:160,36,0,12
BRDA:161,37,0,1
BRDA:163,38,0,23
BRDA:165,39,0,23
BRDA:165,40,0,0
BRDA:166,41,0,4
BRDA:166,42,0,20
BRDA:167,43,0,11
BRDA:171,44,0,47
BRDA:183,45,0,103
BRDA:46,46,0,206
BRDA:69,47,0,14
BRDA:69,48,0,13
BRDA:72,49,0,16
BRDA:74,50,0,24
BRDA:74,51,0,24
BRDA:77,52,0,24
BRDA:79,53,0,15
BRDA:79,54,0,15
BRDA:80,55,0,15
BRDA:80,56,0,15
BRDA:81,57,0,15
BRDA:82,58,0,0
BRDA:85,59,0,15
BRDA:81,60,0,15
BRDA:88,61,0,40
BRDA:95,62,0,30
BRDA:95,63,0,20
BRDA:96,64,0,30
BRDA:99,65,0,20
BRDA:99,66,0,0
BRDA:99,67,0,20
BRDA:100,68,0,40
BRDA:100,69,0,17
BRDA:103,70,0,3
BRDA:103,71,0,0
BRDA:103,72,0,0
BRDA:109,73,0,3
BRDA:118,74,0,106
BRDA:119,75,0,1
BRDA:121,76,0,0
BRDA:129,77,0,53
BRDA:140,78,0,106
BRDA:149,79,0,13
BRDA:156,80,0,24
BRDA:160,81,0,22
BRDA:160,82,0,2
BRDA:162,83,0,0
BRDA:164,84,0,22
BRDA:166,85,0,22
BRDA:167,86,0,18
BRDA:167,87,0,17
BRDA:168,88,0,1
BRDA:171,89,0,51
BRDA:188,90,0,102
BRDA:191,91,0,102
BRDA:193,92,0,50
BRF:93
BRH:81
end_of_record
TN:
SF:apps/cli/src/project-upgrade.ts
FN:40,assertSafeRelativePath3
FN:47,resolveContained
FN:56,sha256File2
FN:65,assertNoSymlinkPath
FN:84,baselinePath
FN:88,renderProjectName
FN:92,normalizeDocrootPath
FN:97,buildPhpBaseCommand
FN:111,renderPhpDocroot
FN:124,renderDatabaseService
FN:137,renderCandidates
FN:159,planProjectUpgrade
FN:187,applyProjectUpgrade
FN:88,renderProjectName
FN:111,renderPhpDocroot
FN:124,renderDatabaseService
FN:159,planProjectUpgrade
FN:187,applyProjectUpgrade
FNF:18
FNH:18
FNDA:269,assertSafeRelativePath3
FNDA:152,resolveContained
FNDA:58,sha256File2
FNDA:62,assertNoSymlinkPath
FNDA:12,baselinePath
FNDA:58,renderProjectName
FNDA:8,normalizeDocrootPath
FNDA:6,buildPhpBaseCommand
FNDA:18,renderPhpDocroot
FNDA:5,renderDatabaseService
FNDA:14,renderCandidates
FNDA:3,planProjectUpgrade
FNDA:3,applyProjectUpgrade
FNDA:8,renderProjectName
FNDA:8,renderPhpDocroot
FNDA:5,renderDatabaseService
FNDA:16,planProjectUpgrade
FNDA:9,applyProjectUpgrade
DA:1,2
DA:2,2
DA:3,2
DA:4,2
DA:5,2
DA:6,2
DA:7,2
DA:8,2
DA:9,2
DA:10,2
DA:11,2
DA:12,2
DA:13,2
DA:14,2
DA:15,2
DA:16,2
DA:17,2
DA:18,2
DA:19,2
DA:20,2
DA:21,2
DA:22,2
DA:23,2
DA:24,2
DA:25,2
DA:26,2
DA:27,2
DA:28,2
DA:29,2
DA:30,2
DA:31,2
DA:32,2
DA:33,2
DA:34,2
DA:35,2
DA:36,2
DA:37,2
DA:38,2
DA:39,2
DA:40,269
DA:41,269
DA:42,269
DA:43,2
DA:44,2
DA:45,269
DA:46,2
DA:47,152
DA:48,152
DA:49,152
DA:50,152
DA:51,152
DA:52,152
DA:53,151
DA:54,151
DA:55,2
DA:56,58
DA:57,58
DA:58,58
DA:59,58
DA:60,7
DA:61,0
DA:62,0
DA:63,58
DA:64,2
DA:65,62
DA:66,62
DA:67,62
DA:68,62
DA:69,62
DA:70,62
DA:71,62
DA:72,62
DA:73,88
DA:74,88
DA:75,88
DA:76,88
DA:77,14
DA:78,2
DA:79,2
DA:80,88
DA:81,60
DA:82,60
DA:83,2
DA:84,12
DA:85,12
DA:86,12
DA:87,2
DA:88,2
DA:89,58
DA:90,58
DA:91,2
DA:92,8
DA:93,8
DA:94,8
DA:95,8
DA:96,2
DA:97,6
DA:98,6
DA:99,6
DA:100,6
DA:101,6
DA:102,6
DA:103,6
DA:104,6
DA:105,6
DA:106,6
DA:107,6
DA:108,6
DA:109,6
DA:110,2
DA:111,2
DA:112,18
DA:113,15
DA:114,8
DA:115,8
DA:116,6
DA:117,6
DA:118,6
DA:119,2
DA:120,2
DA:121,2
DA:122,2
DA:123,2
DA:124,2
DA:125,5
DA:126,5
DA:127,5
DA:128,5
DA:129,5
DA:130,5
DA:131,5
DA:132,5
DA:133,0
DA:134,5
DA:135,5
DA:136,2
DA:137,14
DA:138,14
DA:139,14
DA:140,24
DA:141,24
DA:142,23
DA:143,23
DA:144,23
DA:145,23
DA:146,14
DA:147,11
DA:148,11
DA:149,11
DA:150,11
DA:151,11
DA:152,5
DA:153,5
DA:154,5
DA:155,11
DA:156,11
DA:157,14
DA:158,2
DA:159,4
DA:160,16
DA:161,16
DA:162,1
DA:163,1
DA:164,15
DA:165,15
DA:166,15
DA:167,16
DA:168,16
DA:169,14
DA:170,12
DA:171,16
DA:172,22
DA:173,22
DA:174,22
DA:175,22
DA:176,22
DA:177,22
DA:178,22
DA:179,22
DA:180,12
DA:181,16
DA:182,3
DA:183,3
DA:184,3
DA:185,16
DA:186,2
DA:187,4
DA:188,9
DA:189,9
DA:190,9
DA:191,9
DA:192,9
DA:193,9
DA:194,9
DA:195,9
DA:196,9
DA:197,14
DA:198,14
DA:199,14
DA:200,14
DA:201,14
DA:202,12
DA:203,12
DA:204,12
DA:205,7
DA:206,7
DA:207,7
DA:208,7
DA:209,7
DA:210,7
DA:211,7
DA:212,7
DA:213,7
DA:214,7
DA:215,7
DA:216,9
DA:217,12
DA:218,12
DA:219,12
DA:220,12
DA:221,12
DA:222,12
DA:223,7
DA:224,7
DA:225,7
DA:226,7
DA:227,9
DA:228,11
DA:229,11
DA:230,10
DA:231,9
DA:232,10
DA:233,10
DA:234,10
DA:235,10
DA:236,10
DA:237,6
DA:238,6
DA:239,6
DA:240,6
DA:241,9
DA:242,9
DA:243,9
DA:244,9
DA:245,9
DA:246,9
LF:246
LH:243
BRDA:40,0,0,269
BRDA:42,1,0,2
BRDA:42,2,0,360
BRDA:47,3,0,152
BRDA:52,4,0,0
BRDA:56,5,0,58
BRDA:59,6,0,41
BRDA:65,7,0,62
BRDA:70,8,0,0
BRDA:72,9,0,88
BRDA:75,10,0,2
BRDA:76,11,0,49
BRDA:84,12,0,12
BRDA:88,13,0,58
BRDA:92,14,0,8
BRDA:94,15,0,6
BRDA:94,16,0,3
BRDA:97,17,0,6
BRDA:111,18,0,18
BRDA:112,19,0,15
BRDA:112,20,0,10
BRDA:112,21,0,15
BRDA:113,22,0,0
BRDA:115,23,0,6
BRDA:116,24,0,1
BRDA:118,25,0,10
BRDA:137,26,0,14
BRDA:139,27,0,24
BRDA:141,28,0,18
BRDA:151,29,0,5
BRDA:159,30,0,3
BRDA:161,31,0,1
BRDA:167,32,0,29
BRDA:168,33,0,26
BRDA:171,34,0,22
BRDA:172,35,0,0
BRDA:176,36,0,0
BRDA:178,37,0,16
BRDA:178,38,0,13
BRDA:178,39,0,18
BRDA:178,40,0,16
BRDA:181,41,0,13
BRDA:187,42,0,3
BRDA:196,43,0,14
BRDA:200,44,0,0
BRDA:216,45,0,12
BRDA:227,46,0,11
BRDA:231,47,0,10
BRDA:191,48,0,16
BRDA:191,49,0,12
BRDA:191,50,0,14
BRDA:192,51,0,16
BRDA:192,52,0,12
BRDA:192,53,0,2
BRDA:196,54,0,16
BRDA:216,55,0,14
BRDA:227,56,0,14
BRDA:231,57,0,12
BRDA:52,58,0,151
BRDA:52,59,0,151
BRDA:53,60,0,151
BRDA:58,61,0,51
BRDA:59,62,0,7
BRDA:61,63,0,0
BRDA:75,64,0,76
BRDA:76,65,0,14
BRDA:77,66,0,12
BRDA:78,67,0,2
BRDA:81,68,0,60
BRDA:88,69,0,8
BRDA:94,70,0,5
BRDA:111,71,0,8
BRDA:112,72,0,8
BRDA:113,73,0,8
BRDA:114,74,0,8
BRDA:116,75,0,5
BRDA:119,76,0,2
BRDA:124,77,0,5
BRDA:126,78,0,0
BRDA:128,79,0,0
BRDA:133,80,0,0
BRDA:134,81,0,0
BRDA:141,82,0,23
BRDA:141,83,0,1
BRDA:142,84,0,23
BRDA:146,85,0,12
BRDA:146,86,0,11
BRDA:152,87,0,0
BRDA:159,88,0,16
BRDA:164,89,0,15
BRDA:168,90,0,14
BRDA:169,91,0,14
BRDA:170,92,0,12
BRDA:178,93,0,7
BRDA:178,94,0,15
BRDA:178,95,0,6
BRDA:178,96,0,9
BRDA:178,97,0,15
BRDA:178,98,0,7
BRDA:180,99,0,12
BRDA:181,100,0,3
BRDA:187,101,0,9
BRDA:202,102,0,12
BRDA:205,103,0,7
BRDA:223,104,0,7
BRDA:230,105,0,10
BRDA:231,106,0,6
BRDA:237,107,0,6
BRDA:191,108,0,6
BRDA:192,109,0,6
BRF:110
BRH:98
end_of_record
TN:
SF:apps/cli/src/stacks.ts
FNF:0
FNH:0
DA:1,1
LF:1
LH:1
BRF:0
BRH:0
end_of_record
TN:
SF:node_modules/.pnpm/cac@6.7.14/node_modules/cac/dist/index.mjs
FN:3,toArr
FN:7,toVal
FN:17,mri2
FN:123,removeBrackets
FN:124,findAllBrackets
FN:128,parse2
FN:151,getMriOptions
FN:172,findLongest
FN:177,padRight
FN:180,camelcase
FN:185,setDotProp
FN:195,setByType
FN:206,getFileName
FN:210,camelcaseOptionName
FN:216,CACError
FN:228,Option
FN:260,Command
FN:271,usage
FN:275,allowUnknownOptions
FN:279,ignoreOptionDefaultValue
FN:283,version
FN:288,example
FN:292,option
FN:297,alias
FN:301,action
FN:305,isMatched
FN:308,get isDefaultCommand
FN:311,get isGlobalCommand
FN:314,hasOption
FN:320,outputHelp
FN:382,outputVersion
FN:389,checkRequiredArgs
FN:395,checkUnknownOptions
FN:405,checkOptionValue
FN:420,GlobalCommand
FN:427,CAC
FN:437,usage
FN:441,command
FN:447,option
FN:451,help
FN:457,version
FN:462,example
FN:466,outputHelp
FN:473,outputVersion
FN:476,setParsedInfo
FN:487,unsetMatchedCommand
FN:491,parse
FN:544,mri
FN:557,Object.keys.reduce._
FN:594,runMatchedCommand
FN:614,cac
FNF:51
FNH:39
FNDA:4024,toArr
FNDA:1336,toVal
FNDA:1006,mri2
FNDA:3216,removeBrackets
FNDA:1072,findAllBrackets
FNDA:536,parse2
FNDA:1006,getMriOptions
FNDA:2,findLongest
FNDA:17,padRight
FNDA:4636,camelcase
FNDA:1352,setDotProp
FNDA:1352,setByType
FNDA:0,getFileName
FNDA:4636,camelcaseOptionName
FNDA:0,CACError
FNDA:2144,Option
FNDA:1072,Command
FNDA:67,usage
FNDA:0,allowUnknownOptions
FNDA:0,ignoreOptionDefaultValue
FNDA:67,version
FNDA:0,example
FNDA:2144,option
FNDA:0,alias
FNDA:1005,action
FNDA:1005,isMatched
FNDA:0,get isDefaultCommand
FNDA:3,get isGlobalCommand
FNDA:155,hasOption
FNDA:1,outputHelp
FNDA:0,outputVersion
FNDA:66,checkRequiredArgs
FNDA:66,checkUnknownOptions
FNDA:66,checkOptionValue
FNDA:67,GlobalCommand
FNDA:67,CAC
FNDA:0,usage
FNDA:1005,command
FNDA:0,option
FNDA:67,help
FNDA:67,version
FNDA:0,example
FNDA:1,outputHelp
FNDA:0,outputVersion
FNDA:67,setParsedInfo
FNDA:1,unsetMatchedCommand
FNDA:67,parse
FNDA:1006,mri
FNDA:2358,Object.keys.reduce._
FNDA:67,runMatchedCommand
FNDA:67,cac
DA:1,1
DA:2,1
DA:3,4024
DA:4,4024
DA:5,4024
DA:6,1
DA:7,1336
DA:8,1336
DA:9,1336
DA:10,1336
DA:11,1215
DA:12,1215
DA:13,1336
DA:14,1336
DA:15,1336
DA:16,1
DA:17,1006
DA:18,1006
DA:19,1006
DA:20,1006
DA:21,1006
DA:22,1006
DA:23,1006
DA:24,1006
DA:25,1006
DA:26,1006
DA:27,1006
DA:28,1006
DA:29,1006
DA:30,1006
DA:31,1006
DA:32,1006
DA:33,1006
DA:34,2012
DA:35,2012
DA:36,2012
DA:37,2012
DA:38,2012
DA:39,1006
DA:40,1006
DA:41,1006
DA:42,2682
DA:43,2682
DA:44,2682
DA:45,1006
DA:46,1006
DA:47,0
DA:48,0
DA:49,0
DA:50,1006
DA:51,1006
DA:52,0
DA:53,0
DA:54,0
DA:55,0
DA:56,0
DA:57,0
DA:58,0
DA:59,0
DA:60,0
DA:61,0
DA:62,0
DA:63,1006
DA:64,1006
DA:65,1006
DA:66,1006
DA:67,3091
DA:68,3091
DA:69,3091
DA:70,0
DA:71,0
DA:72,0
DA:73,3091
DA:74,3091
DA:75,5793
DA:76,5793
DA:77,3091
DA:78,3091
DA:79,1740
DA:80,2461
DA:81,15
DA:82,15
DA:83,0
DA:84,0
DA:85,15
DA:86,1351
DA:87,1336
DA:88,4053
DA:89,4053
DA:90,1336
DA:91,1336
DA:92,1336
DA:93,1336
DA:94,1336
DA:95,1336
DA:96,1336
DA:97,1336
DA:98,1336
DA:99,1336
DA:100,1336
DA:101,3091
DA:102,1006
DA:103,1006
DA:104,0
DA:105,0
DA:106,0
DA:107,0
DA:108,0
DA:109,0
DA:110,1006
DA:111,1006
DA:112,1006
DA:113,2342
DA:114,2342
DA:115,16
DA:116,16
DA:117,2342
DA:118,1006
DA:119,1006
DA:120,1006
DA:121,1006
DA:122,1
DA:123,1
DA:124,1
DA:125,1072
DA:126,1072
DA:127,1072
DA:128,1072
DA:129,536
DA:130,536
DA:131,536
DA:132,67
DA:133,67
DA:134,67
DA:135,536
DA:136,536
DA:137,536
DA:138,536
DA:139,536
DA:140,536
DA:141,1072
DA:142,1072
DA:143,268
DA:144,268
DA:145,1072
DA:146,1072
DA:147,268
DA:148,268
DA:149,1072
DA:150,1072
DA:151,1
DA:152,1006
DA:153,1006
DA:154,4022
DA:155,2012
DA:156,2012
DA:157,4022
DA:158,2682
DA:159,0
DA:160,0
DA:161,0
DA:162,0
DA:163,0
DA:164,0
DA:165,2682
DA:166,2682
DA:167,2682
DA:168,2682
DA:169,4022
DA:170,1006
DA:171,1006
DA:172,1
DA:173,2
DA:174,36
DA:175,2
DA:176,2
DA:177,1
DA:178,17
DA:179,17
DA:180,1
DA:181,4636
DA:182,410
DA:183,4636
DA:184,4636
DA:185,1
DA:186,1352
DA:187,1352
DA:188,1352
DA:189,1352
DA:190,1352
DA:191,1352
DA:192,1352
DA:193,1352
DA:194,1352
DA:195,1
DA:196,1352
DA:197,0
DA:198,0
DA:199,0
DA:200,0
DA:201,0
DA:202,0
DA:203,0
DA:204,0
DA:205,1352
DA:206,1
DA:207,0
DA:208,0
DA:209,0
DA:210,1
DA:211,4636
DA:212,4636
DA:213,4636
DA:214,4636
DA:215,1
DA:216,1
DA:217,0
DA:218,0
DA:219,0
DA:220,0
DA:221,0
DA:222,0
DA:223,0
DA:224,0
DA:225,1
DA:226,1
DA:227,1
DA:228,1
DA:229,2144
DA:230,2144
DA:231,2144
DA:232,2144
DA:233,2144
DA:234,2144
DA:235,2278
DA:236,2278
DA:237,0
DA:238,0
DA:239,0
DA:240,2278
DA:241,2144
DA:242,2144
DA:243,2144
DA:244,0
DA:245,0
DA:246,2144
DA:247,1340
DA:248,2144
DA:249,0
DA:250,804
DA:251,804
DA:252,804
DA:253,2144
DA:254,1
DA:255,1
DA:256,1
DA:257,1
DA:258,1
DA:259,1
DA:260,1
DA:261,1072
DA:262,1072
DA:263,1072
DA:264,1072
DA:265,1072
DA:266,1072
DA:267,1072
DA:268,1072
DA:269,1072
DA:270,1072
DA:271,1
DA:272,67
DA:273,67
DA:274,67
DA:275,1
DA:276,0
DA:277,0
DA:278,0
DA:279,1
DA:280,0
DA:281,0
DA:282,0
DA:283,1
DA:284,67
DA:285,67
DA:286,67
DA:287,67
DA:288,1
DA:289,0
DA:290,0
DA:291,0
DA:292,1
DA:293,2144
DA:294,2144
DA:295,2144
DA:296,2144
DA:297,1
DA:298,0
DA:299,0
DA:300,0
DA:301,1
DA:302,1005
DA:303,1005
DA:304,1005
DA:305,1
DA:306,1005
DA:307,1005
DA:308,1
DA:309,0
DA:310,0
DA:311,1
DA:312,3
DA:313,3
DA:314,1
DA:315,155
DA:316,155
DA:317,296
DA:318,155
DA:319,155
DA:320,1
DA:321,1
DA:322,1
DA:323,1
DA:324,1
DA:325,1
DA:326,1
DA:327,1
DA:328,1
DA:329,1
DA:330,1
DA:331,1
DA:332,1
DA:333,1
DA:334,1
DA:335,1
DA:336,1
DA:337,1
DA:338,1
DA:339,1
DA:340,1
DA:341,1
DA:342,15
DA:343,1
DA:344,1
DA:345,1
DA:346,1
DA:347,1
DA:348,1
DA:349,1
DA:350,1
DA:351,1
DA:352,0
DA:353,0
DA:354,1
DA:355,1
DA:356,1
DA:357,1
DA:358,1
DA:359,2
DA:360,1
DA:361,1
DA:362,1
DA:363,1
DA:364,0
DA:365,0
DA:366,0
DA:367,0
DA:368,0
DA:369,0
DA:370,0
DA:371,0
DA:372,0
DA:373,0
DA:374,1
DA:375,0
DA:376,0
DA:377,1
DA:378,5
DA:379,5
DA:380,1
DA:381,1
DA:382,1
DA:383,0
DA:384,0
DA:385,0
DA:386,0
DA:387,0
DA:388,0
DA:389,1
DA:390,66
DA:391,66
DA:392,0
DA:393,0
DA:394,66
DA:395,1
DA:396,66
DA:397,66
DA:398,66
DA:399,221
DA:400,0
DA:401,0
DA:402,221
DA:403,66
DA:404,66
DA:405,1
DA:406,66
DA:407,66
DA:408,66
DA:409,419
DA:410,419
DA:411,213
DA:412,213
DA:413,0
DA:414,0
DA:415,213
DA:416,419
DA:417,66
DA:418,1
DA:419,1
DA:420,1
DA:421,67
DA:422,67
DA:423,1
DA:424,1
DA:425,1
DA:426,1
DA:427,1
DA:428,67
DA:429,67
DA:430,67
DA:431,67
DA:432,67
DA:433,67
DA:434,67
DA:435,67
DA:436,67
DA:437,1
DA:438,0
DA:439,0
DA:440,0
DA:441,1
DA:442,1005
DA:443,1005
DA:444,1005
DA:445,1005
DA:446,1005
DA:447,1
DA:448,0
DA:449,0
DA:450,0
DA:451,1
DA:452,67
DA:453,67
DA:454,67
DA:455,67
DA:456,67
DA:457,1
DA:458,67
DA:459,67
DA:460,67
DA:461,67
DA:462,1
DA:463,0
DA:464,0
DA:465,0
DA:466,1
DA:467,1
DA:468,0
DA:469,1
DA:470,1
DA:471,1
DA:472,1
DA:473,1
DA:474,0
DA:475,0
DA:476,1
DA:477,67
DA:478,67
DA:479,67
DA:480,66
DA:481,66
DA:482,67
DA:483,66
DA:484,66
DA:485,67
DA:486,67
DA:487,1
DA:488,1
DA:489,1
DA:490,1
DA:491,1
DA:492,67
DA:493,67
DA:494,67
DA:495,67
DA:496,0
DA:497,0
DA:498,67
DA:499,67
DA:500,1005
DA:501,1005
DA:502,1005
DA:503,66
DA:504,66
DA:505,66
DA:506,66
DA:507,66
DA:508,66
DA:509,66
DA:510,1005
DA:511,67
DA:512,1
DA:513,15
DA:514,0
DA:515,0
DA:516,0
DA:517,0
DA:518,0
DA:519,15
DA:520,1
DA:521,67
DA:522,1
DA:523,1
DA:524,1
DA:525,67
DA:526,1
DA:527,1
DA:528,1
DA:529,1
DA:530,67
DA:531,0
DA:532,0
DA:533,0
DA:534,0
DA:535,67
DA:536,67
DA:537,0
DA:538,0
DA:539,67
DA:540,0
DA:541,0
DA:542,67
DA:543,67
DA:544,1
DA:545,1006
DA:546,1006
DA:547,1006
DA:548,1006
DA:549,1006
DA:550,1006
DA:551,1006
DA:552,1006
DA:553,15
DA:554,15
DA:555,15
DA:556,1006
DA:557,1006
DA:558,2358
DA:559,2358
DA:560,2358
DA:561,1006
DA:562,1006
DA:563,1006
DA:564,1006
DA:565,1006
DA:566,1006
DA:567,1006
DA:568,1006
DA:569,4022
DA:570,1742
DA:571,1742
DA:572,1742
DA:573,1742
DA:574,4022
DA:575,0
DA:576,0
DA:577,0
DA:578,0
DA:579,0
DA:580,0
DA:581,4022
DA:582,1006
DA:583,2358
DA:584,1352
DA:585,1352
DA:586,1352
DA:587,1352
DA:588,2358
DA:589,1006
DA:590,1006
DA:591,1006
DA:592,1006
DA:593,1006
DA:594,1
DA:595,67
DA:596,67
DA:597,67
DA:598,66
DA:599,66
DA:600,66
DA:601,66
DA:602,66
DA:603,54
DA:604,1
DA:605,53
DA:606,53
DA:607,53
DA:608,66
DA:609,66
DA:610,66
DA:611,67
DA:612,1
DA:613,1
DA:614,1
DA:615,1
DA:616,1
DA:617,1
LF:617
LH:488
BRDA:3,0,0,4024
BRDA:4,1,0,1006
BRDA:4,2,0,3018
BRDA:4,3,0,0
BRDA:7,4,0,1336
BRDA:9,5,0,0
BRDA:10,6,0,121
BRDA:10,7,0,1215
BRDA:11,8,0,0
BRDA:12,9,0,0
BRDA:14,10,0,1321
BRDA:14,11,0,15
BRDA:14,12,0,0
BRDA:17,13,0,1006
BRDA:18,14,0,0
BRDA:19,15,0,0
BRDA:28,16,0,0
BRDA:33,17,0,2012
BRDA:41,18,0,2682
BRDA:42,19,0,670
BRDA:43,20,0,2012
BRDA:46,21,0,0
BRDA:51,22,0,0
BRDA:64,23,0,0
BRDA:66,24,0,3091
BRDA:69,25,0,0
BRDA:74,26,0,5793
BRDA:75,27,0,3091
BRDA:78,28,0,2461
BRDA:78,29,0,1740
BRDA:80,30,0,1351
BRDA:80,31,0,15
BRDA:82,32,0,0
BRDA:82,33,0,0
BRDA:86,34,0,1336
BRDA:87,35,0,4053
BRDA:88,36,0,0
BRDA:92,37,0,1215
BRDA:92,38,0,1215
BRDA:93,39,0,0
BRDA:97,40,0,0
BRDA:97,41,0,0
BRDA:103,42,0,0
BRDA:112,43,0,2342
BRDA:113,44,0,2326
BRDA:114,45,0,16
BRDA:123,46,0,3216
BRDA:124,47,0,1072
BRDA:142,48,0,268
BRDA:146,49,0,268
BRDA:128,50,0,536
BRDA:131,51,0,67
BRDA:151,52,0,1006
BRDA:153,53,0,4022
BRDA:154,54,0,2012
BRDA:157,55,0,2682
BRDA:158,56,0,0
BRDA:172,57,0,2
BRDA:173,58,0,36
BRDA:174,59,0,20
BRDA:174,60,0,16
BRDA:177,61,0,17
BRDA:178,62,0,2
BRDA:178,63,0,15
BRDA:180,64,0,4636
BRDA:181,65,0,410
BRDA:185,66,0,1352
BRDA:192,67,0,0
BRDA:195,68,0,1352
BRDA:196,69,0,0
BRDA:210,70,0,4636
BRDA:211,71,0,4636
BRDA:212,72,0,0
BRDA:228,73,0,2144
BRDA:243,74,0,0
BRDA:243,75,0,0
BRDA:246,76,0,1340
BRDA:248,77,0,804
BRDA:248,78,0,0
BRDA:234,79,0,2278
BRDA:236,80,0,0
BRDA:241,81,0,134
BRDA:241,82,0,0
BRDA:260,83,0,1072
BRDA:271,84,0,67
BRDA:283,85,0,67
BRDA:292,86,0,2144
BRDA:301,87,0,1005
BRDA:305,88,0,1005
BRDA:306,89,0,939
BRDA:311,90,0,3
BRDA:314,91,0,155
BRDA:316,92,0,296
BRDA:320,93,0,1
BRDA:329,94,0,0
BRDA:334,95,0,0
BRDA:336,96,0,0
BRDA:350,97,0,0
BRDA:351,98,0,0
BRDA:351,99,0,0
BRDA:363,100,0,0
BRDA:374,101,0,0
BRDA:338,102,0,15
BRDA:341,103,0,15
BRDA:347,104,0,15
BRDA:347,105,0,0
BRDA:355,106,0,2
BRDA:358,107,0,2
BRDA:359,108,0,0
BRDA:377,109,0,5
BRDA:378,110,0,4
BRDA:379,111,0,1
BRDA:389,112,0,66
BRDA:391,113,0,0
BRDA:390,114,0,54
BRDA:395,115,0,66
BRDA:398,116,0,221
BRDA:399,117,0,155
BRDA:399,118,0,0
BRDA:399,119,0,0
BRDA:405,120,0,66
BRDA:408,121,0,419
BRDA:410,122,0,213
BRDA:412,123,0,0
BRDA:412,124,0,0
BRDA:411,125,0,1448
BRDA:411,126,0,0
BRDA:420,127,0,67
BRDA:427,128,0,67
BRDA:441,129,0,1005
BRDA:442,130,0,0
BRDA:451,131,0,67
BRDA:457,132,0,67
BRDA:466,133,0,1
BRDA:467,134,0,0
BRDA:476,135,0,67
BRDA:479,136,0,66
BRDA:482,137,0,66
BRDA:487,138,0,1
BRDA:491,139,0,67
BRDA:495,140,0,0
BRDA:499,141,0,1005
BRDA:502,142,0,66
BRDA:511,143,0,1
BRDA:512,144,0,15
BRDA:513,145,0,0
BRDA:521,146,0,1
BRDA:525,147,0,1
BRDA:525,148,0,1
BRDA:530,149,0,0
BRDA:530,150,0,0
BRDA:530,151,0,0
BRDA:536,152,0,0
BRDA:539,153,0,1
BRDA:539,154,0,0
BRDA:544,155,0,1006
BRDA:547,156,0,1005
BRDA:547,157,0,1
BRDA:552,158,0,15
BRDA:566,159,0,1005
BRDA:566,160,0,0
BRDA:568,161,0,4022
BRDA:569,162,0,1742
BRDA:574,163,0,0
BRDA:582,164,0,2358
BRDA:583,165,0,1352
BRDA:557,166,0,2358
BRDA:594,167,0,67
BRDA:596,168,0,66
BRDA:597,169,0,1
BRDA:597,170,0,66
BRDA:602,171,0,54
BRDA:603,172,0,53
BRDA:603,173,0,1
BRDA:614,174,0,67
BRF:175
BRH:120
end_of_record
TN:
SF:node_modules/.pnpm/yaml@2.8.2/node_modules/yaml/dist/errors.js
FN:1,../../node_modules/.pnpm/yaml@2.8.2/node_modules/yaml/dist/errors.js
FN:4,YAMLError
FN:13,YAMLParseError
FN:18,YAMLWarning
FN:22,prettifyError
FNF:5
FNH:2
FNDA:67,../../node_modules/.pnpm/yaml@2.8.2/node_modules/yaml/dist/errors.js
FNDA:0,YAMLError
FNDA:0,YAMLParseError
FNDA:0,YAMLWarning
FNDA:16,prettifyError
DA:1,67
DA:2,67
DA:3,67
DA:4,67
DA:5,0
DA:6,0
DA:7,0
DA:8,0
DA:9,0
DA:10,0
DA:11,67
DA:12,67
DA:13,67
DA:14,0
DA:15,0
DA:16,67
DA:17,67
DA:18,67
DA:19,0
DA:20,0
DA:21,67
DA:22,67
DA:23,0
DA:24,0
DA:25,0
DA:26,0
DA:27,0
DA:28,0
DA:29,0
DA:30,0
DA:31,0
DA:32,0
DA:33,0
DA:34,0
DA:35,0
DA:36,0
DA:37,0
DA:38,0
DA:39,0
DA:40,0
DA:41,0
DA:42,0
DA:43,0
DA:44,0
DA:45,0
DA:46,0
DA:47,0
DA:48,0
DA:49,0
DA:50,0
DA:51,0
DA:52,0
DA:53,0
DA:54,0
DA:55,0
DA:56,0
DA:57,0
DA:58,67
DA:59,67
DA:60,67
DA:61,67
DA:62,67
LF:62
LH:17
BRDA:1,0,0,67
BRDA:22,1,0,16
BRF:2
BRH:2
end_of_record
TN:
SF:node_modules/.pnpm/yaml@2.8.2/node_modules/yaml/dist/index.js
FN:1,../../node_modules/.pnpm/yaml@2.8.2/node_modules/yaml/dist/index.js
FNF:1
FNH:1
FNDA:67,../../node_modules/.pnpm/yaml@2.8.2/node_modules/yaml/dist/index.js
DA:1,67
DA:2,67
DA:3,67
DA:4,67
DA:5,67
DA:6,67
DA:7,67
DA:8,67
DA:9,67
DA:10,67
DA:11,67
DA:12,67
DA:13,67
DA:14,67
DA:15,67
DA:16,67
DA:17,67
DA:18,67
DA:19,67
DA:20,67
DA:21,67
DA:22,67
DA:23,67
DA:24,67
DA:25,67
DA:26,67
DA:27,67
DA:28,67
DA:29,67
DA:30,67
DA:31,67
DA:32,67
DA:33,67
DA:34,67
DA:35,67
DA:36,67
DA:37,67
DA:38,67
DA:39,67
DA:40,67
DA:41,67
DA:42,67
DA:43,67
DA:44,67
DA:45,67
DA:46,67
DA:47,67
DA:48,67
DA:49,67
DA:50,67
LF:50
LH:50
BRDA:1,0,0,67
BRF:1
BRH:1
end_of_record
TN:
SF:node_modules/.pnpm/yaml@2.8.2/node_modules/yaml/dist/log.js
FN:1,../../node_modules/.pnpm/yaml@2.8.2/node_modules/yaml/dist/log.js
FN:5,debug
FN:9,warn
FNF:3
FNH:1
FNDA:67,../../node_modules/.pnpm/yaml@2.8.2/node_modules/yaml/dist/log.js
FNDA:0,debug
FNDA:0,warn
DA:1,67
DA:2,67
DA:3,67
DA:4,67
DA:5,0
DA:6,0
DA:7,0
DA:8,0
DA:9,0
DA:10,0
DA:11,0
DA:12,0
DA:13,0
DA:14,0
DA:15,0
DA:16,0
DA:17,67
DA:18,67
DA:19,67
LF:19
LH:7
BRDA:1,0,0,67
BRF:1
BRH:1
end_of_record
TN:
SF:node_modules/.pnpm/yaml@2.8.2/node_modules/yaml/dist/public-api.js
FN:1,../../node_modules/.pnpm/yaml@2.8.2/node_modules/yaml/dist/public-api.js
FN:11,parseOptions
FN:25,parseAllDocuments
FN:40,parseDocument
FN:60,parse2
FN:80,stringify
FNF:6
FNH:4
FNDA:67,../../node_modules/.pnpm/yaml@2.8.2/node_modules/yaml/dist/public-api.js
FNDA:8,parseOptions
FNDA:0,parseAllDocuments
FNDA:8,parseDocument
FNDA:8,parse2
FNDA:0,stringify
DA:1,67
DA:2,67
DA:3,67
DA:4,67
DA:5,67
DA:6,67
DA:7,67
DA:8,67
DA:9,67
DA:10,67
DA:11,8
DA:12,8
DA:13,8
DA:14,8
DA:15,8
DA:16,67
DA:17,67
DA:18,67
DA:19,67
DA:20,67
DA:21,67
DA:22,67
DA:23,67
DA:24,67
DA:25,0
DA:26,0
DA:27,0
DA:28,0
DA:29,0
DA:30,0
DA:31,0
DA:32,0
DA:33,0
DA:34,0
DA:35,0
DA:36,0
DA:37,0
DA:38,0
DA:39,67
DA:40,8
DA:41,8
DA:42,8
DA:43,8
DA:44,8
DA:45,8
DA:46,8
DA:47,8
DA:48,8
DA:49,0
DA:50,0
DA:51,0
DA:52,0
DA:53,8
DA:54,8
DA:55,8
DA:56,8
DA:57,8
DA:58,8
DA:59,8
DA:60,8
DA:61,8
DA:62,8
DA:63,0
DA:64,0
DA:65,8
DA:66,0
DA:67,0
DA:68,8
DA:69,8
DA:70,8
DA:71,8
DA:72,8
DA:73,0
DA:74,0
DA:75,0
DA:76,0
DA:77,0
DA:78,8
DA:79,8
DA:80,0
DA:81,0
DA:82,0
DA:83,0
DA:84,0
DA:85,0
DA:86,0
DA:87,0
DA:88,0
DA:89,0
DA:90,0
DA:91,0
DA:92,0
DA:93,0
DA:94,0
DA:95,0
DA:96,0
DA:97,0
DA:98,0
DA:99,0
DA:100,0
DA:101,0
DA:102,0
DA:103,67
DA:104,67
DA:105,67
DA:106,67
DA:107,67
LF:107
LH:57
BRDA:1,0,0,67
BRDA:11,1,0,8
BRDA:13,2,0,0
BRDA:40,3,0,8
BRDA:48,4,0,0
BRDA:60,5,0,8
BRDA:62,6,0,0
BRDA:65,7,0,0
BRDA:65,8,0,0
BRDA:70,9,0,0
BRDA:72,10,0,0
BRF:11
BRH:4
end_of_record
TN:
SF:node_modules/.pnpm/yaml@2.8.2/node_modules/yaml/dist/visit.js
FN:1,../../node_modules/.pnpm/yaml@2.8.2/node_modules/yaml/dist/visit.js
FN:38,visit
FN:57,visit_
FN:125,visitAsync
FN:144,visitAsync_
FN:181,initVisitor
FN:200,callVisitor
FN:215,replaceNode
FNF:8
FNH:1
FNDA:67,../../node_modules/.pnpm/yaml@2.8.2/node_modules/yaml/dist/visit.js
FNDA:0,visit
FNDA:0,visit_
FNDA:0,visitAsync
FNDA:0,visitAsync_
FNDA:0,initVisitor
FNDA:0,callVisitor
FNDA:0,replaceNode
DA:1,67
DA:2,67
DA:3,67
DA:4,67
DA:5,67
DA:6,67
DA:7,67
DA:8,67
DA:9,67
DA:10,67
DA:11,67
DA:12,67
DA:13,67
DA:14,67
DA:15,67
DA:16,67
DA:17,67
DA:18,67
DA:19,67
DA:20,67
DA:21,67
DA:22,67
DA:23,67
DA:24,67
DA:25,67
DA:26,67
DA:27,67
DA:28,67
DA:29,67
DA:30,67
DA:31,67
DA:32,67
DA:33,67
DA:34,67
DA:35,67
DA:36,67
DA:37,67
DA:38,0
DA:39,0
DA:40,0
DA:41,0
DA:42,0
DA:43,0
DA:44,0
DA:45,0
DA:46,0
DA:47,0
DA:48,67
DA:49,67
DA:50,67
DA:51,67
DA:52,67
DA:53,67
DA:54,67
DA:55,67
DA:56,67
DA:57,0
DA:58,0
DA:59,0
DA:60,0
DA:61,0
DA:62,0
DA:63,0
DA:64,0
DA:65,0
DA:66,0
DA:67,0
DA:68,0
DA:69,0
DA:70,0
DA:71,0
DA:72,0
DA:73,0
DA:74,0
DA:75,0
DA:76,0
DA:77,0
DA:78,0
DA:79,0
DA:80,0
DA:81,0
DA:82,0
DA:83,0
DA:84,0
DA:85,0
DA:86,0
DA:87,0
DA:88,0
DA:89,0
DA:90,0
DA:91,0
DA:92,0
DA:93,0
DA:94,67
DA:95,67
DA:96,67
DA:97,67
DA:98,67
DA:99,67
DA:100,67
DA:101,67
DA:102,67
DA:103,67
DA:104,67
DA:105,67
DA:106,67
DA:107,67
DA:108,67
DA:109,67
DA:110,67
DA:111,67
DA:112,67
DA:113,67
DA:114,67
DA:115,67
DA:116,67
DA:117,67
DA:118,67
DA:119,67
DA:120,67
DA:121,67
DA:122,67
DA:123,67
DA:124,67
DA:125,0
DA:126,0
DA:127,0
DA:128,0
DA:129,0
DA:130,0
DA:131,0
DA:132,0
DA:133,0
DA:134,0
DA:135,67
DA:136,67
DA:137,67
DA:138,67
DA:139,67
DA:140,67
DA:141,67
DA:142,67
DA:143,67
DA:144,0
DA:145,0
DA:146,0
DA:147,0
DA:148,0
DA:149,0
DA:150,0
DA:151,0
DA:152,0
DA:153,0
DA:154,0
DA:155,0
DA:156,0
DA:157,0
DA:158,0
DA:159,0
DA:160,0
DA:161,0
DA:162,0
DA:163,0
DA:164,0
DA:165,0
DA:166,0
DA:167,0
DA:168,0
DA:169,0
DA:170,0
DA:171,0
DA:172,0
DA:173,0
DA:174,0
DA:175,0
DA:176,0
DA:177,0
DA:178,0
DA:179,0
DA:180,0
DA:181,0
DA:182,0
DA:183,0
DA:184,0
DA:185,0
DA:186,0
DA:187,0
DA:188,0
DA:189,0
DA:190,0
DA:191,0
DA:192,0
DA:193,0
DA:194,0
DA:195,0
DA:196,0
DA:197,0
DA:198,0
DA:199,0
DA:200,0
DA:201,0
DA:202,0
DA:203,0
DA:204,0
DA:205,0
DA:206,0
DA:207,0
DA:208,0
DA:209,0
DA:210,0
DA:211,0
DA:212,0
DA:213,0
DA:214,0
DA:215,0
DA:216,0
DA:217,0
DA:218,0
DA:219,0
DA:220,0
DA:221,0
DA:222,0
DA:223,0
DA:224,0
DA:225,0
DA:226,0
DA:227,0
DA:228,0
DA:229,0
DA:230,0
DA:231,0
DA:232,0
DA:233,0
DA:234,67
DA:235,67
DA:236,67
LF:236
LH:89
BRDA:1,0,0,67
BRF:1
BRH:1
end_of_record
TN:
SF:node_modules/.pnpm/yaml@2.8.2/node_modules/yaml/dist/compose/compose-collection.js
FN:1,../../node_modules/.pnpm/yaml@2.8.2/node_modules/yaml/dist/compose/compose-collection.js
FN:11,resolveCollection
FN:28,composeCollection
FNF:3
FNH:3
FNDA:67,../../node_modules/.pnpm/yaml@2.8.2/node_modules/yaml/dist/compose/compose-collection.js
FNDA:80,resolveCollection
FNDA:80,composeCollection
DA:1,67
DA:2,67
DA:3,67
DA:4,67
DA:5,67
DA:6,67
DA:7,67
DA:8,67
DA:9,67
DA:10,67
DA:11,80
DA:12,80
DA:13,62
DA:14,18
DA:15,18
DA:16,0
DA:17,80
DA:18,80
DA:19,80
DA:20,80
DA:21,0
DA:22,0
DA:23,0
DA:24,80
DA:25,80
DA:26,80
DA:27,80
DA:28,80
DA:29,80
DA:30,80
DA:31,80
DA:32,0
DA:33,80
DA:34,18
DA:35,18
DA:36,0
DA:37,0
DA:38,0
DA:39,18
DA:40,18
DA:41,0
DA:42,0
DA:43,0
DA:44,18
DA:45,80
DA:46,62
DA:47,18
DA:48,18
DA:49,0
DA:50,0
DA:51,0
DA:52,80
DA:53,80
DA:54,80
DA:55,0
DA:56,0
DA:57,0
DA:58,80
DA:59,80
DA:60,80
DA:61,0
DA:62,0
DA:63,0
DA:64,0
DA:65,0
DA:66,0
DA:67,0
DA:68,0
DA:69,0
DA:70,0
DA:71,0
DA:72,0
DA:73,0
DA:74,0
DA:75,0
DA:76,0
DA:77,0
DA:78,0
DA:79,80
DA:80,80
DA:81,0
DA:82,0
DA:83,80
DA:84,80
DA:85,80
DA:86,80
DA:87,0
DA:88,80
DA:89,67
DA:90,67
LF:90
LH:52
BRDA:1,0,0,67
BRDA:11,1,0,80
BRDA:12,2,0,62
BRDA:13,3,0,18
BRDA:15,4,0,0
BRDA:20,5,0,0
BRDA:25,6,0,0
BRDA:28,7,0,80
BRDA:31,8,0,0
BRDA:33,9,0,18
BRDA:35,10,0,0
BRDA:35,11,0,0
BRDA:40,12,0,0
BRDA:40,13,0,0
BRDA:45,14,0,62
BRDA:46,15,0,18
BRDA:48,16,0,0
BRDA:54,17,0,0
BRDA:55,18,0,0
BRDA:56,19,0,0
BRDA:57,20,0,0
BRDA:60,21,0,0
BRDA:79,22,0,0
BRDA:80,23,0,0
BRDA:81,24,0,0
BRDA:85,25,0,0
BRDA:86,26,0,0
BRF:27
BRH:8
end_of_record
TN:
SF:node_modules/.pnpm/yaml@2.8.2/node_modules/yaml/dist/compose/compose-doc.js
FN:1,../../node_modules/.pnpm/yaml@2.8.2/node_modules/yaml/dist/compose/compose-doc.js
FN:8,composeDoc
FNF:2
FNH:2
FNDA:67,../../node_modules/.pnpm/yaml@2.8.2/node_modules/yaml/dist/compose/compose-doc.js
FNDA:8,composeDoc
DA:1,67
DA:2,67
DA:3,67
DA:4,67
DA:5,67
DA:6,67
DA:7,67
DA:8,8
DA:9,8
DA:10,8
DA:11,8
DA:12,8
DA:13,8
DA:14,8
DA:15,8
DA:16,8
DA:17,8
DA:18,8
DA:19,8
DA:20,8
DA:21,8
DA:22,8
DA:23,8
DA:24,8
DA:25,8
DA:26,8
DA:27,0
DA:28,0
DA:29,0
DA:30,0
DA:31,0
DA:32,0
DA:33,8
DA:34,8
DA:35,8
DA:36,0
DA:37,8
DA:38,8
DA:39,8
DA:40,8
DA:41,8
DA:42,8
DA:43,8
DA:44,67
DA:45,67
LF:45
LH:38
BRDA:1,0,0,67
BRDA:8,1,0,8
BRDA:20,2,0,0
BRDA:26,3,0,0
BRDA:35,4,0,0
BRDA:40,5,0,0
BRF:6
BRH:2
end_of_record
TN:
SF:node_modules/.pnpm/yaml@2.8.2/node_modules/yaml/dist/compose/compose-node.js
FN:1,../../node_modules/.pnpm/yaml@2.8.2/node_modules/yaml/dist/compose/compose-node.js
FN:11,composeNode
FN:69,composeEmptyNode
FN:90,composeAlias
FNF:4
FNH:2
FNDA:67,../../node_modules/.pnpm/yaml@2.8.2/node_modules/yaml/dist/compose/compose-node.js
FNDA:458,composeNode
FNDA:0,composeEmptyNode
FNDA:0,composeAlias
DA:1,67
DA:2,67
DA:3,67
DA:4,67
DA:5,67
DA:6,67
DA:7,67
DA:8,67
DA:9,67
DA:10,67
DA:11,458
DA:12,458
DA:13,458
DA:14,458
DA:15,458
DA:16,458
DA:17,458
DA:18,0
DA:19,0
DA:20,0
DA:21,0
DA:22,458
DA:23,458
DA:24,458
DA:25,458
DA:26,378
DA:27,378
DA:28,378
DA:29,378
DA:30,458
DA:31,458
DA:32,458
DA:33,80
DA:34,80
DA:35,80
DA:36,80
DA:37,458
DA:38,0
DA:39,0
DA:40,0
DA:41,0
DA:42,0
DA:43,0
DA:44,0
[...]
FNDA:0,tailServiceLogs
FNDA:0,execServiceCommand
FNDA:2,formatStoppedComposerContainerError
FNDA:0,ensureComposerAvailable
FNDA:0,ensureComposerAvailableWithDependencies
FNDA:8,resolveRegistryHost
FNDA:8,buildRegistryLoginHint
FNDA:17,isRegistryAuthError
FNDA:9,isImageUnavailableError
FNDA:5,buildExecArgs
FNDA:0,ensureServiceStarted
FNDA:6,ensureServiceStartedWithDependencies
FNDA:0,stopService
FNDA:0,tailServiceLogs
FNDA:0,execServiceCommand
FNDA:0,ensureComposerAvailable
FNDA:2,ensureComposerAvailableWithDependencies
DA:1,2
DA:2,2
DA:3,2
DA:4,2
DA:5,2
DA:6,2
DA:7,2
DA:8,2
DA:9,2
DA:10,2
DA:11,2
DA:12,2
DA:13,2
DA:14,2
DA:15,2
DA:16,2
DA:17,2
DA:18,2
DA:19,2
DA:20,2
DA:21,2
DA:22,2
DA:23,2
DA:24,2
DA:25,2
DA:26,2
DA:27,2
DA:28,2
DA:29,2
DA:30,2
DA:31,2
DA:32,2
DA:33,2
DA:34,2
DA:35,0
DA:36,0
DA:37,0
DA:38,2
DA:39,2
DA:40,8
DA:41,8
DA:42,8
DA:43,8
DA:44,2
DA:45,2
DA:46,8
DA:47,8
DA:48,8
DA:49,2
DA:50,2
DA:51,17
DA:52,17
DA:53,17
DA:54,17
DA:55,2
DA:56,2
DA:57,9
DA:58,9
DA:59,9
DA:60,9
DA:61,2
DA:62,1
DA:63,1
DA:64,1
DA:65,1
DA:66,1
DA:67,2
DA:68,2
DA:69,2
DA:70,2
DA:71,1
DA:72,1
DA:73,1
DA:74,1
DA:75,1
DA:76,1
DA:77,0
DA:78,0
DA:79,0
DA:80,2
DA:81,2
DA:82,5
DA:83,5
DA:84,5
DA:85,5
DA:86,5
DA:87,5
DA:88,5
DA:89,1
DA:90,1
DA:91,4
DA:92,5
DA:93,5
DA:94,5
DA:95,5
DA:96,5
DA:97,2
DA:98,1
DA:99,0
DA:100,0
DA:101,0
DA:102,0
DA:103,0
DA:104,0
DA:105,0
DA:106,2
DA:107,1
DA:108,6
DA:109,6
DA:110,6
DA:111,6
DA:112,6
DA:113,6
DA:114,6
DA:115,6
DA:116,6
DA:117,6
DA:118,6
DA:119,6
DA:120,6
DA:121,6
DA:122,6
DA:123,6
DA:124,6
DA:125,6
DA:126,6
DA:127,6
DA:128,1
DA:129,1
DA:130,5
DA:131,6
DA:132,3
DA:133,3
DA:134,3
DA:135,3
DA:136,3
DA:137,3
DA:138,2
DA:139,3
DA:140,1
DA:141,3
DA:142,2
DA:143,2
DA:144,1
DA:145,1
DA:146,1
DA:147,1
DA:148,0
DA:149,0
DA:150,1
DA:151,1
DA:152,1
DA:153,2
DA:154,3
DA:155,4
DA:156,4
DA:157,4
DA:158,4
DA:159,4
DA:160,4
DA:161,4
DA:162,4
DA:163,4
DA:164,4
DA:165,4
DA:166,6
DA:167,2
DA:168,2
DA:169,6
DA:170,2
DA:171,1
DA:172,0
DA:173,0
DA:174,0
DA:175,0
DA:176,0
DA:177,0
DA:178,0
DA:179,0
DA:180,0
DA:181,0
DA:182,0
DA:183,2
DA:184,1
DA:185,0
DA:186,0
DA:187,0
DA:188,0
DA:189,0
DA:190,0
DA:191,0
DA:192,2
DA:193,1
DA:194,0
DA:195,0
DA:196,0
DA:197,0
DA:198,0
DA:199,0
DA:200,0
DA:201,0
DA:202,0
DA:203,0
DA:204,0
DA:205,0
DA:206,0
DA:207,2
DA:208,2
DA:209,2
DA:210,2
DA:211,2
DA:212,2
DA:213,2
DA:214,2
DA:215,2
DA:216,2
DA:217,2
DA:218,2
DA:219,2
DA:220,2
DA:221,2
DA:222,2
DA:223,2
DA:224,1
DA:225,0
DA:226,0
DA:227,2
DA:228,1
DA:229,2
DA:230,2
DA:231,2
DA:232,2
DA:233,2
DA:234,2
DA:235,2
DA:236,2
DA:237,2
DA:238,2
DA:239,0
DA:240,0
DA:241,2
DA:242,2
DA:243,1
DA:244,1
DA:245,1
DA:246,1
DA:247,1
DA:248,1
DA:249,1
DA:250,1
DA:251,1
DA:252,1
DA:253,1
DA:254,1
DA:255,1
DA:256,1
DA:257,1
DA:258,0
DA:259,0
DA:260,1
DA:261,1
DA:262,1
DA:263,1
DA:264,0
DA:265,1
DA:266,1
DA:267,2
LF:267
LH:214
BRDA:39,0,0,8
BRDA:42,1,0,0
BRDA:45,2,0,8
BRDA:50,3,0,17
BRDA:56,4,0,9
BRDA:62,5,0,1
BRDA:68,6,0,2
BRDA:69,7,0,0
BRDA:70,8,0,1
BRDA:77,9,0,0
BRDA:81,10,0,5
BRDA:88,11,0,1
BRDA:91,12,0,4
BRDA:92,13,0,2
BRDA:92,14,0,2
BRDA:93,15,0,2
BRDA:93,16,0,2
BRDA:94,17,0,2
BRDA:94,18,0,2
BRDA:107,19,0,6
BRDA:114,20,0,0
BRDA:115,21,0,0
BRDA:116,22,0,3
BRDA:117,23,0,3
BRDA:118,24,0,3
BRDA:119,25,0,3
BRDA:120,26,0,1
BRDA:121,27,0,0
BRDA:127,28,0,1
BRDA:130,29,0,5
BRDA:131,30,0,3
BRDA:136,31,0,2
BRDA:137,32,0,2
BRDA:139,33,0,1
BRDA:141,34,0,2
BRDA:144,35,0,1
BRDA:146,36,0,0
BRDA:147,37,0,0
BRDA:155,38,0,4
BRDA:166,39,0,2
BRDA:213,40,0,2
BRDA:218,41,0,0
BRDA:228,42,0,2
BRDA:234,43,0,0
BRDA:235,44,0,0
BRDA:238,45,0,0
BRDA:242,46,0,1
BRDA:257,47,0,0
BRDA:264,48,0,0
BRF:49
BRH:35
end_of_record
TN:
SF:packages/runtime-podman/src/machine.ts
FN:10,detectPodmanCapabilities
FN:14,detectPodmanCapabilitiesWithDependencies
FN:53,ensureMachineRunning
FN:57,ensureMachineRunningWithDependencies
FN:10,detectPodmanCapabilities
FN:14,detectPodmanCapabilitiesWithDependencies
FN:53,ensureMachineRunning
FN:57,ensureMachineRunningWithDependencies
FNF:8
FNH:5
FNDA:2,detectPodmanCapabilities
FNDA:2,detectPodmanCapabilitiesWithDependencies
FNDA:0,ensureMachineRunning
FNDA:0,ensureMachineRunningWithDependencies
FNDA:2,detectPodmanCapabilities
FNDA:4,detectPodmanCapabilitiesWithDependencies
FNDA:0,ensureMachineRunning
FNDA:2,ensureMachineRunningWithDependencies
DA:1,2
DA:2,2
DA:3,2
DA:4,2
DA:5,2
DA:6,2
DA:7,2
DA:8,2
DA:9,2
DA:10,3
DA:11,2
DA:12,2
DA:13,2
DA:14,3
DA:15,4
DA:16,4
DA:17,4
DA:18,4
DA:19,4
DA:20,4
DA:21,3
DA:22,3
DA:23,3
DA:24,3
DA:25,3
DA:26,3
DA:27,3
DA:28,3
DA:29,3
DA:30,1
DA:31,1
DA:32,4
DA:33,4
DA:34,4
DA:35,4
DA:36,4
DA:37,4
DA:38,1
DA:39,1
DA:40,1
DA:41,1
DA:42,1
DA:43,1
DA:44,1
DA:45,1
DA:46,1
DA:47,1
DA:48,1
DA:49,1
DA:50,1
DA:51,1
DA:52,2
DA:53,1
DA:54,0
DA:55,0
DA:56,2
DA:57,1
DA:58,2
DA:59,2
DA:60,2
DA:61,2
DA:62,2
DA:63,2
DA:64,2
DA:65,2
DA:66,2
DA:67,2
DA:68,0
DA:69,0
DA:70,2
DA:71,2
DA:72,2
DA:73,0
DA:74,0
DA:75,2
DA:76,2
DA:77,0
DA:78,0
DA:79,2
DA:80,2
DA:81,0
DA:82,0
DA:83,2
DA:84,2
DA:85,1
DA:86,1
DA:87,1
DA:88,1
DA:89,1
DA:90,1
DA:91,1
DA:92,0
DA:93,0
DA:94,1
DA:95,1
DA:96,1
DA:97,0
DA:98,0
DA:99,1
DA:100,2
LF:100
LH:86
BRDA:10,0,0,2
BRDA:14,1,0,2
BRDA:29,2,0,2
BRDA:32,3,0,2
BRDA:37,4,0,1
BRDA:14,5,0,4
BRDA:17,6,0,2
BRDA:18,7,0,2
BRDA:20,8,0,3
BRDA:32,9,0,0
BRDA:57,10,0,2
BRDA:61,11,0,0
BRDA:62,12,0,0
BRDA:64,13,0,0
BRDA:67,14,0,0
BRDA:72,15,0,0
BRDA:76,16,0,0
BRDA:80,17,0,0
BRDA:84,18,0,1
BRDA:91,19,0,0
BRDA:96,20,0,0
BRDA:65,21,0,0
BRF:22
BRH:11
end_of_record
TN:
SF:packages/runtime-podman/src/podman.ts
FN:4,runCommand
FN:28,runPodman
FN:32,runCommandInherit
FN:46,runPodmanInherit
FN:28,runPodman
FN:46,runPodmanInherit
FNF:6
FNH:3
FNDA:6,runCommand
FNDA:6,runPodman
FNDA:0,runCommandInherit
FNDA:0,runPodmanInherit
FNDA:6,runPodman
FNDA:0,runPodmanInherit
DA:1,2
DA:2,2
DA:3,2
DA:4,6
DA:5,6
DA:6,6
DA:7,6
DA:8,6
DA:9,6
DA:10,6
DA:11,0
DA:12,6
DA:13,6
DA:14,6
DA:15,6
DA:16,6
DA:17,6
DA:18,6
DA:19,0
DA:20,6
DA:21,6
DA:22,6
DA:23,6
DA:24,6
DA:25,6
DA:26,6
DA:27,2
DA:28,7
DA:29,6
DA:30,6
DA:31,2
DA:32,0
DA:33,0
DA:34,0
DA:35,0
DA:36,0
DA:37,0
DA:38,0
DA:39,0
DA:40,0
DA:41,0
DA:42,0
DA:43,0
DA:44,0
DA:45,2
DA:46,1
DA:47,0
DA:48,0
LF:48
LH:31
BRDA:4,0,0,6
BRDA:5,1,0,6
BRDA:14,2,0,6
BRDA:22,3,0,6
BRDA:23,4,0,0
BRDA:28,5,0,6
BRF:6
BRH:5
end_of_record
TN:
SF:packages/runtime-podman/src/readiness.ts
FN:23,sleep
FN:27,isPortOpen
FN:40,arePortsReachable
FN:49,waitForServiceReady
FN:57,waitForServiceReadyWithDependencies
FN:23,sleep
FN:27,isPortOpen
FN:40,arePortsReachable
FN:49,waitForServiceReady
FN:57,waitForServiceReadyWithDependencies
FNF:10
FNH:1
FNDA:0,sleep
FNDA:0,isPortOpen
FNDA:0,arePortsReachable
FNDA:0,waitForServiceReady
FNDA:0,waitForServiceReadyWithDependencies
FNDA:0,sleep
FNDA:0,isPortOpen
FNDA:0,arePortsReachable
FNDA:0,waitForServiceReady
FNDA:8,waitForServiceReadyWithDependencies
DA:1,2
DA:2,2
DA:3,2
DA:4,2
DA:5,2
DA:6,2
DA:7,2
DA:8,2
DA:9,2
DA:10,2
DA:11,2
DA:12,2
DA:13,2
DA:14,2
DA:15,2
DA:16,2
DA:17,2
DA:18,2
DA:19,2
DA:20,2
DA:21,2
DA:22,2
DA:23,2
DA:24,0
DA:25,0
DA:26,2
DA:27,1
DA:28,0
DA:29,0
DA:30,0
DA:31,0
DA:32,0
DA:33,0
DA:34,0
DA:35,0
DA:36,0
DA:37,0
DA:38,0
DA:39,2
DA:40,1
DA:41,0
DA:42,0
DA:43,0
DA:44,0
DA:45,0
DA:46,0
DA:47,0
DA:48,2
DA:49,1
DA:50,0
DA:51,0
DA:52,0
DA:53,0
DA:54,0
DA:55,0
DA:56,2
DA:57,1
DA:58,8
DA:59,8
DA:60,8
DA:61,8
DA:62,8
DA:63,8
DA:64,8
DA:65,8
DA:66,8
DA:67,8
DA:68,8
DA:69,8
DA:70,8
DA:71,8
DA:72,8
DA:73,8
DA:74,8
DA:75,8
DA:76,8
DA:77,8
DA:78,8
DA:79,8
DA:80,8
DA:81,8
DA:82,8
DA:83,8
DA:84,8
DA:85,8
DA:86,8
DA:87,8
DA:88,8
DA:89,8
DA:90,8
DA:91,8
DA:92,8
DA:93,8
DA:94,8
DA:95,52
DA:96,52
DA:97,52
DA:98,0
DA:99,0
DA:100,52
DA:101,52
DA:102,1
DA:103,1
DA:104,1
DA:105,1
DA:106,51
DA:107,51
DA:108,51
DA:109,51
DA:110,51
DA:111,51
DA:112,51
DA:113,52
DA:114,48
DA:115,4
DA:116,4
DA:117,44
DA:118,48
DA:119,3
DA:120,2
DA:121,2
DA:122,2
DA:123,2
DA:124,2
DA:125,2
DA:126,2
DA:127,2
DA:128,2
DA:129,2
DA:130,2
DA:131,1
DA:132,1
DA:133,1
DA:134,41
DA:135,48
DA:136,9
DA:137,0
DA:138,0
DA:139,9
DA:140,9
DA:141,9
DA:142,41
DA:143,41
DA:144,41
DA:145,41
DA:146,3
DA:147,52
DA:148,1
DA:149,1
DA:150,1
DA:151,1
DA:152,0
DA:153,0
DA:154,0
DA:155,0
DA:156,0
DA:157,0
DA:158,0
DA:159,0
DA:160,0
DA:161,0
DA:162,0
DA:163,0
DA:164,2
DA:165,52
DA:166,1
DA:167,1
DA:168,1
DA:169,1
DA:170,1
DA:171,0
DA:172,0
DA:173,1
DA:174,1
DA:175,1
DA:176,1
DA:177,1
DA:178,1
DA:179,0
DA:180,0
DA:181,0
LF:181
LH:134
BRDA:57,0,0,8
BRDA:63,1,0,0
BRDA:64,2,0,0
BRDA:65,3,0,7
BRDA:66,4,0,0
BRDA:76,5,0,0
BRDA:87,6,0,1
BRDA:87,7,0,7
BRDA:94,8,0,52
BRDA:94,9,0,52
BRDA:97,10,0,0
BRDA:101,11,0,1
BRDA:106,12,0,51
BRDA:113,13,0,48
BRDA:114,14,0,4
BRDA:117,15,0,44
BRDA:118,16,0,3
BRDA:119,17,0,2
BRDA:131,18,0,1
BRDA:134,19,0,41
BRDA:135,20,0,9
BRDA:136,21,0,0
BRDA:142,22,0,41
BRDA:146,23,0,3
BRDA:147,24,0,1
BRDA:152,25,0,0
BRDA:164,26,0,2
BRDA:165,27,0,1
BRDA:170,28,0,0
BRDA:179,29,0,0
BRF:30
BRH:21
end_of_record
TN:
SF:packages/runtime-podman/src/types.ts
FN:1,(empty-report)
FNF:1
FNH:0
FNDA:0,(empty-report)
DA:1,0
DA:2,0
DA:3,0
DA:4,0
DA:5,0
DA:6,0
DA:7,0
DA:8,0
DA:9,0
DA:10,0
DA:11,0
DA:12,0
DA:13,0
DA:14,0
DA:15,0
DA:16,0
DA:17,0
DA:18,0
DA:19,0
DA:20,0
DA:21,0
DA:22,0
DA:23,0
DA:24,0
LF:24
LH:0
BRDA:1,0,0,0
BRF:1
BRH:0
end_of_record
TN:
SF:packages/tasks/src/index.ts
FN:3,runNamedTask
FN:3,runNamedTask
FNF:2
FNH:1
FNDA:0,runNamedTask
FNDA:1,runNamedTask
DA:1,2
DA:2,2
DA:3,1
DA:4,1
DA:5,1
LF:5
LH:5
BRDA:3,0,0,1
BRF:1
BRH:1
end_of_record
TN:
SF:stacks/definition.ts
FN:57,safeRelative
FN:62,assertSortedUnique
FN:69,validateGeneratorVersion
FN:76,validateRuntimeImage
FN:91,validateStackDefinition
FN:139,defineStack
FNF:6
FNH:6
FNDA:29882,safeRelative
FNDA:29748,assertSortedUnique
FNDA:670,validateGeneratorVersion
FNDA:6566,validateRuntimeImage
FNDA:4154,validateStackDefinition
FNDA:2077,defineStack
DA:1,1
DA:2,1
DA:3,1
DA:4,1
DA:5,1
DA:6,1
DA:7,1
DA:8,1
DA:9,1
DA:10,1
DA:11,1
DA:12,1
DA:13,1
DA:14,1
DA:15,1
DA:16,1
DA:17,1
DA:18,1
DA:19,1
DA:20,1
DA:21,1
DA:22,1
DA:23,1
DA:24,1
DA:25,1
DA:26,1
DA:27,1
DA:28,1
DA:29,1
DA:30,1
DA:31,1
DA:32,1
DA:33,1
DA:34,1
DA:35,1
DA:36,1
DA:37,1
DA:38,1
DA:39,1
DA:40,1
DA:41,1
DA:42,1
DA:43,1
DA:44,1
DA:45,1
DA:46,1
DA:47,1
DA:48,1
DA:49,1
DA:50,1
DA:51,1
DA:52,1
DA:53,1
DA:54,1
DA:55,1
DA:56,1
DA:57,29882
DA:58,29882
DA:59,29882
DA:60,29882
DA:61,1
DA:62,29748
DA:63,29748
DA:64,29748
DA:65,0
DA:66,0
DA:67,29748
DA:68,1
DA:69,1
DA:70,670
DA:71,670
DA:72,0
DA:73,0
DA:74,670
DA:75,1
DA:76,1
DA:77,6566
DA:78,6566
DA:79,6566
DA:80,6566
DA:81,6566
DA:82,6566
DA:83,6566
DA:84,268
DA:85,268
DA:86,6566
DA:87,0
DA:88,0
DA:89,6566
DA:90,1
DA:91,1
DA:92,4154
DA:93,4154
DA:94,4154
DA:95,4154
DA:96,4154
DA:97,670
DA:98,0
DA:99,0
DA:100,670
DA:101,670
DA:102,670
DA:103,670
DA:104,670
DA:105,670
DA:106,0
DA:107,0
DA:108,670
DA:109,670
DA:110,670
DA:111,0
DA:112,0
DA:113,670
DA:114,4154
DA:115,4154
DA:116,4154
DA:117,4154
DA:118,5092
DA:119,0
DA:120,0
DA:121,5092
DA:122,0
DA:123,0
DA:124,5092
DA:125,4154
DA:126,4154
DA:127,4154
DA:128,4154
DA:129,16616
DA:130,16616
DA:131,16616
DA:132,4154
DA:133,6700
DA:134,6700
DA:135,4154
DA:136,4154
DA:137,4154
DA:138,1
DA:139,1
DA:140,2077
DA:141,2077
DA:142,2077
LF:142
LH:126
BRDA:57,0,0,29882
BRDA:58,1,0,0
BRDA:59,2,0,41540
BRDA:62,3,0,29748
BRDA:63,4,0,0
BRDA:64,5,0,0
BRDA:64,6,0,51590
BRDA:64,7,0,26800
BRDA:69,8,0,670
BRDA:71,9,0,0
BRDA:76,10,0,6566
BRDA:77,11,0,0
BRDA:81,12,0,0
BRDA:82,13,0,0
BRDA:83,14,0,268
BRDA:84,15,0,268
BRDA:86,16,0,0
BRDA:86,17,0,0
BRDA:91,18,0,4154
BRDA:92,19,0,0
BRDA:93,20,0,0
BRDA:94,21,0,0
BRDA:96,22,0,670
BRDA:97,23,0,0
BRDA:103,24,0,134
BRDA:103,25,0,536
BRDA:105,26,0,0
BRDA:110,27,0,0
BRDA:116,28,0,5896
BRDA:117,29,0,5092
BRDA:118,30,0,0
BRDA:121,31,0,0
BRDA:128,32,0,16616
BRDA:129,33,0,25728
BRDA:129,34,0,0
BRDA:132,35,0,6700
BRDA:133,36,0,0
BRDA:135,37,0,0
BRDA:97,38,0,2010
BRDA:104,39,0,1206
BRDA:105,40,0,2412
BRDA:105,41,0,1206
BRDA:108,42,0,268
BRDA:110,43,0,268
BRDA:114,44,0,5896
BRDA:121,45,0,23584
BRDA:126,46,0,6700
BRDA:133,47,0,14874
BRDA:139,48,0,2077
BRF:49
BRH:29
end_of_record
TN:
SF:stacks/index.ts
FN:39,generated
FN:45,nestedNodeGenerated
FN:69,compatibilityDefinition
FN:85,findStackDefinition
FN:86,listStackIds
FNF:5
FNH:4
FNDA:2546,generated
FNDA:201,nestedNodeGenerated
FNDA:0,compatibilityDefinition
FNDA:75,findStackDefinition
FNDA:1,listStackIds
DA:1,1
DA:2,1
DA:3,1
DA:4,1
DA:5,1
DA:6,1
DA:7,1
DA:8,1
DA:9,1
DA:10,1
DA:11,1
DA:12,1
DA:13,1
DA:14,1
DA:15,1
DA:16,1
DA:17,1
DA:18,1
DA:19,1
DA:20,1
DA:21,1
DA:22,1
DA:23,1
DA:24,1
DA:25,1
DA:26,1
DA:27,1
DA:28,1
DA:29,1
DA:30,1
DA:31,1
DA:32,1
DA:33,1
DA:34,1
DA:35,1
DA:36,1
DA:37,1
DA:38,1
DA:39,1
DA:40,1
DA:41,1
DA:42,1
DA:43,1
DA:44,1
DA:45,201
DA:46,201
DA:47,201
DA:48,1
DA:49,1
DA:50,1
DA:51,1
DA:52,1
DA:53,1
DA:54,1
DA:55,1
DA:56,1
DA:57,1
DA:58,1
DA:59,1
DA:60,1
DA:61,1
DA:62,1
DA:63,1
DA:64,1
DA:65,1
DA:66,1
DA:67,1
DA:68,1
DA:69,0
DA:70,0
DA:71,0
DA:72,0
DA:73,0
DA:74,0
DA:75,0
DA:76,1
DA:77,1
DA:78,1
DA:79,1
DA:80,1
DA:81,1
DA:82,1
DA:83,1
DA:84,1
DA:85,1
DA:86,1
DA:87,1
LF:87
LH:80
BRDA:87,0,0,2077
BRDA:39,1,0,2546
BRDA:45,2,0,201
BRDA:46,3,0,402
BRDA:46,4,0,603
BRDA:82,5,0,2077
BRDA:83,6,0,2077
BRDA:83,7,0,0
BRDA:84,8,0,2077
BRDA:85,9,0,75
BRDA:86,10,0,1
BRDA:86,11,0,31
BRF:12
BRH:11
end_of_record
TN:
SF:stacks/pins.ts
FNF:0
FNH:0
DA:1,1
DA:2,1
DA:3,1
DA:4,1
DA:5,1
DA:6,1
DA:7,1
DA:8,1
DA:9,1
DA:10,1
DA:11,1
DA:12,1
DA:13,1
DA:14,1
DA:15,1
DA:16,1
DA:17,1
DA:18,1
DA:19,1
DA:20,1
DA:21,1
DA:22,1
DA:23,1
DA:24,1
DA:25,1
DA:26,1
DA:27,1
DA:28,1
DA:29,1
DA:30,1
DA:31,1
DA:32,1
DA:33,1
DA:34,1
DA:35,1
DA:36,1
DA:37,1
DA:38,1
DA:39,1
DA:40,1
DA:41,1
DA:42,1
DA:43,1
DA:44,1
DA:45,1
DA:46,1
DA:47,1
DA:48,1
DA:49,1
DA:50,1
DA:51,1
DA:52,1
DA:53,1
DA:54,1
LF:54
LH:54
BRF:0
BRH:0
end_of_record
TN:
SF:stacks/astro/stack.ts
FNF:0
FNH:0
DA:1,1
DA:2,1
DA:3,1
DA:4,1
DA:5,1
DA:6,1
DA:7,1
DA:8,1
DA:9,1
DA:10,1
DA:11,1
DA:12,1
LF:12
LH:12
BRF:0
BRH:0
end_of_record
TN:
SF:stacks/bun/stack.ts
FNF:0
FNH:0
DA:1,1
DA:2,1
DA:3,1
DA:4,1
DA:5,1
DA:6,1
DA:7,1
DA:8,1
DA:9,1
DA:10,1
DA:11,1
LF:11
LH:11
BRF:0
BRH:0
end_of_record
TN:
SF:stacks/db-all/stack.ts
FNF:0
FNH:0
DA:1,1
DA:2,1
DA:3,1
DA:4,1
DA:5,1
DA:6,1
DA:7,1
DA:8,1
DA:9,1
DA:10,1
DA:11,1
DA:12,1
DA:13,1
DA:14,1
DA:15,1
DA:16,1
DA:17,1
DA:18,1
DA:19,1
DA:20,1
DA:21,1
DA:22,1
DA:23,1
DA:24,1
DA:25,1
DA:26,1
DA:27,1
DA:28,1
DA:29,1
DA:30,1
DA:31,1
LF:31
LH:31
BRF:0
BRH:0
end_of_record
TN:
SF:stacks/db-elasticsearch/stack.ts
FNF:0
FNH:0
DA:1,1
DA:2,1
DA:3,1
DA:4,1
DA:5,1
DA:6,1
DA:7,1
DA:8,1
DA:9,1
DA:10,1
DA:11,1
LF:11
LH:11
BRF:0
BRH:0
end_of_record
TN:
SF:stacks/db-mariadb/stack.ts
FNF:0
FNH:0
DA:1,1
DA:2,1
DA:3,1
DA:4,1
DA:5,1
DA:6,1
DA:7,1
DA:8,1
DA:9,1
DA:10,1
DA:11,1
DA:12,1
LF:12
LH:12
BRF:0
BRH:0
end_of_record
TN:
SF:stacks/db-mongodb/stack.ts
FNF:0
FNH:0
DA:1,1
DA:2,1
DA:3,1
DA:4,1
DA:5,1
DA:6,1
DA:7,1
DA:8,1
DA:9,1
DA:10,1
DA:11,1
LF:11
LH:11
BRF:0
BRH:0
end_of_record
TN:
SF:stacks/db-mysql/stack.ts
FNF:0
FNH:0
DA:1,1
DA:2,1
DA:3,1
DA:4,1
DA:5,1
DA:6,1
DA:7,1
DA:8,1
DA:9,1
DA:10,1
DA:11,1
DA:12,1
LF:12
LH:12
BRF:0
BRH:0
end_of_record
TN:
SF:stacks/db-postgres/stack.ts
FNF:0
FNH:0
DA:1,1
DA:2,1
DA:3,1
DA:4,1
DA:5,1
DA:6,1
DA:7,1
DA:8,1
DA:9,1
DA:10,1
LF:10
LH:10
BRF:0
BRH:0
end_of_record
TN:
SF:stacks/db-redis/stack.ts
FNF:0
FNH:0
DA:1,1
DA:2,1
DA:3,1
DA:4,1
DA:5,1
DA:6,1
DA:7,1
DA:8,1
DA:9,1
DA:10,1
DA:11,1
LF:11
LH:11
BRF:0
BRH:0
end_of_record
TN:
SF:stacks/db-sqlite/stack.ts
FNF:0
FNH:0
DA:1,1
DA:2,1
DA:3,1
DA:4,1
DA:5,1
DA:6,1
DA:7,1
DA:8,1
DA:9,1
DA:10,1
DA:11,1
DA:12,1
LF:12
LH:12
BRF:0
BRH:0
end_of_record
TN:
SF:stacks/db-sqlserver/stack.ts
FNF:0
FNH:0
DA:1,1
DA:2,1
DA:3,1
DA:4,1
DA:5,1
DA:6,1
DA:7,1
DA:8,1
DA:9,1
DA:10,1
DA:11,1
LF:11
LH:11
BRF:0
BRH:0
end_of_record
TN:
SF:stacks/django-react/stack.ts
FNF:0
FNH:0
DA:1,1
DA:2,1
DA:3,1
DA:4,1
DA:5,1
DA:6,1
DA:7,1
DA:8,1
DA:9,1
DA:10,1
DA:11,1
DA:12,1
DA:13,1
DA:14,1
DA:15,1
DA:16,1
DA:17,1
DA:18,1
DA:19,1
DA:20,1
DA:21,1
DA:22,1
DA:23,1
DA:24,1
DA:25,1
DA:26,1
DA:27,1
LF:27
LH:27
BRF:0
BRH:0
end_of_record
TN:
SF:stacks/dotnet/stack.ts
FNF:0
FNH:0
DA:1,1
DA:2,1
DA:3,1
DA:4,1
DA:5,1
DA:6,1
DA:7,1
DA:8,1
DA:9,1
DA:10,1
DA:11,1
DA:12,1
LF:12
LH:12
BRF:0
BRH:0
end_of_record
TN:
SF:stacks/jamstack/stack.ts
FNF:0
FNH:0
DA:1,1
DA:2,1
DA:3,1
DA:4,1
DA:5,1
DA:6,1
DA:7,1
DA:8,1
DA:9,1
DA:10,1
DA:11,1
DA:12,1
DA:13,1
DA:14,1
LF:14
LH:14
BRF:0
BRH:0
end_of_record
TN:
SF:stacks/node/stack.ts
FNF:0
FNH:0
DA:1,1
DA:2,1
DA:3,1
DA:4,1
DA:5,1
DA:6,1
DA:7,1
DA:8,1
DA:9,1
DA:10,1
DA:11,1
DA:12,1
DA:13,1
DA:14,1
DA:15,1
DA:16,1
DA:17,1
DA:18,1
DA:19,1
DA:20,1
DA:21,1
DA:22,1
DA:23,1
DA:24,1
LF:24
LH:24
BRF:0
BRH:0
end_of_record
TN:
SF:stacks/node-mean/stack.ts
FNF:0
FNH:0
DA:1,1
DA:2,1
DA:3,1
DA:4,1
DA:5,1
DA:6,1
DA:7,1
DA:8,1
DA:9,1
DA:10,1
DA:11,1
DA:12,1
DA:13,1
DA:14,1
LF:14
LH:14
BRF:0
BRH:0
end_of_record
TN:
SF:stacks/node-mern/stack.ts
FNF:0
FNH:0
DA:1,1
DA:2,1
DA:3,1
DA:4,1
DA:5,1
DA:6,1
DA:7,1
DA:8,1
DA:9,1
DA:10,1
DA:11,1
DA:12,1
DA:13,1
DA:14,1
LF:14
LH:14
BRF:0
BRH:0
end_of_record
TN:
SF:stacks/node-t3/stack.ts
FNF:0
FNH:0
DA:1,1
DA:2,1
DA:3,1
DA:4,1
DA:5,1
DA:6,1
DA:7,1
DA:8,1
DA:9,1
DA:10,1
DA:11,1
DA:12,1
LF:12
LH:12
BRF:0
BRH:0
end_of_record
TN:
SF:stacks/php/stack.ts
FNF:0
FNH:0
DA:1,1
DA:2,1
DA:3,1
DA:4,1
DA:5,1
DA:6,1
DA:7,1
DA:8,1
DA:9,1
DA:10,1
DA:11,1
DA:12,1
DA:13,1
DA:14,1
DA:15,1
DA:16,1
DA:17,1
DA:18,1
DA:19,1
DA:20,1
DA:21,1
LF:21
LH:21
BRF:0
BRH:0
end_of_record
TN:
SF:stacks/php-drupal/stack.ts
FNF:0
FNH:0
DA:1,1
DA:2,1
DA:3,1
DA:4,1
DA:5,1
DA:6,1
DA:7,1
DA:8,1
DA:9,1
DA:10,1
DA:11,1
DA:12,1
DA:13,1
DA:14,1
DA:15,1
DA:16,1
DA:17,1
DA:18,1
DA:19,1
DA:20,1
DA:21,1
DA:22,1
DA:23,1
DA:24,1
DA:25,1
DA:26,1
DA:27,1
DA:28,1
DA:29,1
LF:29
LH:29
BRF:0
BRH:0
end_of_record
TN:
SF:stacks/php-symfony/stack.ts
FNF:0
FNH:0
DA:1,1
DA:2,1
DA:3,1
DA:4,1
DA:5,1
DA:6,1
DA:7,1
DA:8,1
DA:9,1
DA:10,1
DA:11,1
DA:12,1
DA:13,1
DA:14,1
DA:15,1
DA:16,1
DA:17,1
DA:18,1
DA:19,1
DA:20,1
DA:21,1
DA:22,1
DA:23,1
DA:24,1
DA:25,1
DA:26,1
DA:27,1
DA:28,1
DA:29,1
LF:29
LH:29
BRF:0
BRH:0
end_of_record
TN:
SF:stacks/php-wordpress/stack.ts
FNF:0
FNH:0
DA:1,1
DA:2,1
DA:3,1
DA:4,1
DA:5,1
DA:6,1
DA:7,1
DA:8,1
DA:9,1
DA:10,1
DA:11,1
DA:12,1
DA:13,1
DA:14,1
DA:15,1
DA:16,1
DA:17,1
DA:18,1
DA:19,1
DA:20,1
LF:20
LH:20
BRF:0
BRH:0
end_of_record
TN:
SF:stacks/python/stack.ts
FNF:0
FNH:0
DA:1,1
DA:2,1
DA:3,1
DA:4,1
DA:5,1
DA:6,1
DA:7,1
DA:8,1
DA:9,1
DA:10,1
DA:11,1
DA:12,1
DA:13,1
DA:14,1
DA:15,1
LF:15
LH:15
BRF:0
BRH:0
end_of_record
TN:
SF:stacks/python-django/stack.ts
FNF:0
FNH:0
DA:1,1
DA:2,1
DA:3,1
DA:4,1
DA:5,1
DA:6,1
DA:7,1
DA:8,1
DA:9,1
DA:10,1
DA:11,1
DA:12,1
DA:13,1
DA:14,1
DA:15,1
DA:16,1
DA:17,1
LF:17
LH:17
BRF:0
BRH:0
end_of_record
TN:
SF:stacks/python-fastapi/stack.ts
FNF:0
FNH:0
DA:1,1
DA:2,1
DA:3,1
DA:4,1
DA:5,1
DA:6,1
DA:7,1
DA:8,1
DA:9,1
DA:10,1
DA:11,1
DA:12,1
DA:13,1
DA:14,1
DA:15,1
LF:15
LH:15
BRF:0
BRH:0
end_of_record
TN:
SF:stacks/python-flask/stack.ts
FNF:0
FNH:0
DA:1,1
DA:2,1
DA:3,1
DA:4,1
DA:5,1
DA:6,1
DA:7,1
DA:8,1
DA:9,1
DA:10,1
DA:11,1
DA:12,1
DA:13,1
DA:14,1
DA:15,1
LF:15
LH:15
BRF:0
BRH:0
end_of_record
TN:
SF:stacks/rails7/stack.ts
FNF:0
FNH:0
DA:1,1
DA:2,1
DA:3,1
DA:4,1
DA:5,1
DA:6,1
DA:7,1
DA:8,1
DA:9,1
DA:10,1
DA:11,1
DA:12,1
DA:13,1
DA:14,1
DA:15,1
DA:16,1
DA:17,1
DA:18,1
LF:18
LH:18
BRF:0
BRH:0
end_of_record
TN:
SF:stacks/rails7-hotwire/stack.ts
FNF:0
FNH:0
DA:1,1
DA:2,1
DA:3,1
DA:4,1
DA:5,1
DA:6,1
DA:7,1
DA:8,1
DA:9,1
DA:10,1
DA:11,1
DA:12,1
DA:13,1
DA:14,1
DA:15,1
DA:16,1
DA:17,1
DA:18,1
LF:18
LH:18
BRF:0
BRH:0
end_of_record
TN:
SF:stacks/serverless/stack.ts
FNF:0
FNH:0
DA:1,1
DA:2,1
DA:3,1
DA:4,1
DA:5,1
DA:6,1
DA:7,1
DA:8,1
DA:9,1
DA:10,1
DA:11,1
DA:12,1
LF:12
LH:12
BRF:0
BRH:0
end_of_record
TN:
SF:stacks/spring-boot/stack.ts
FNF:0
FNH:0
DA:1,1
DA:2,1
DA:3,1
DA:4,1
DA:5,1
DA:6,1
DA:7,1
DA:8,1
DA:9,1
DA:10,1
DA:11,1
DA:12,1
LF:12
LH:12
BRF:0
BRH:0
end_of_record
TN:
SF:stacks/spring-react/stack.ts
FNF:0
FNH:0
DA:1,1
DA:2,1
DA:3,1
DA:4,1
DA:5,1
DA:6,1
DA:7,1
DA:8,1
DA:9,1
DA:10,1
DA:11,1
DA:12,1
DA:13,1
DA:14,1
DA:15,1
DA:16,1
DA:17,1
DA:18,1
DA:19,1
DA:20,1
DA:21,1
LF:21
LH:21
BRF:0
BRH:0
end_of_record
